<?xml version="1.0" encoding="UTF-8"?>
<robot generator="Robot 3.2.2 (Python 3.9.1 on win32)" generated="20210409 10:47:09.916" rpa="false">
<suite id="s1" name="TST F4 1 1 001" source="D:\Project\Magellan_Automate_lass\Script_robot-20210409T030815Z-001\Script_robot\backup\robot_freamwork_250221\Magellan_Automate_Robotframework\Magellan_Automate_Robotframework\Magellan_Automate\test_case\AsgardApp\TST_F4_1_1_001.robot">
<test id="s1-t1" name="Create Data get">
<kw name="Add Needed Image Path" library="Keyword" type="setup">
<kw name="Add Image Path" library="SikuliLibrary">
<doc>Add image path</doc>
<arguments>
<arg>${IMAGE_DIR}</arg>
</arguments>
<msg timestamp="20210409 10:47:14.401" level="INFO">Params: []
[error] ImagePath: add: not valid:</msg>
<status status="PASS" starttime="20210409 10:47:14.381" endtime="20210409 10:47:14.401"></status>
</kw>
<status status="PASS" starttime="20210409 10:47:14.381" endtime="20210409 10:47:14.401"></status>
</kw>
<kw name="Normalize Path" library="OperatingSystem">
<doc>Normalizes the given path.</doc>
<arguments>
<arg>D:\\Project\\Magellan_Automate_lass\\Script_robot-20210409T030815Z-001\\Script_robot\\backup\\robot_freamwork_250221\\Magellan_Automate_Robotframework\\Magellan_Automate_Robotframework\\Magellan_Automate\\test_case\\AsgardApp${IMAGE_PATH_ASGARD_COAPAPP}</arg>
</arguments>
<assign>
<var>${path}</var>
</assign>
<msg timestamp="20210409 10:47:14.408" level="INFO">${path} = D:\Project\Magellan_Automate_lass\Script_robot-20210409T030815Z-001\Script_robot\backup\robot_freamwork_250221\Magellan_Automate_Robotframework\Magellan_Automate_Robotframework\Magellan_Automate\test_...</msg>
<status status="PASS" starttime="20210409 10:47:14.407" endtime="20210409 10:47:14.408"></status>
</kw>
<kw name="Set Global Variable" library="BuiltIn">
<doc>Makes a variable available globally in all tests and suites.</doc>
<arguments>
<arg>${IMAGE_DIR}</arg>
<arg>${path}</arg>
</arguments>
<msg timestamp="20210409 10:47:14.409" level="INFO">${IMAGE_DIR} = D:\Project\Magellan_Automate_lass\Script_robot-20210409T030815Z-001\Script_robot\backup\robot_freamwork_250221\Magellan_Automate_Robotframework\Magellan_Automate_Robotframework\Magellan_Automate\test_...</msg>
<status status="PASS" starttime="20210409 10:47:14.409" endtime="20210409 10:47:14.409"></status>
</kw>
<kw name="Register Request CreateData for get IMSI Staging" library="Keyword_CreateData">
<assign>
<var>${getDataRequest}</var>
</assign>
<kw name="Signin" library="Keyword_CreateData">
<arguments>
<arg>${URL_STAGING}</arg>
</arguments>
<assign>
<var>${accessToken}</var>
</assign>
<kw name="Change format date now" library="Keyword_Datetime">
<arguments>
<arg>${DDMMYYYYHMS_NOW}</arg>
</arguments>
<assign>
<var>${current_timestamp}</var>
</assign>
<kw name="Evaluate" library="BuiltIn">
<doc>Evaluates the given expression in Python and returns the result.</doc>
<arguments>
<arg>'${format}'.format(dt=datetime.datetime.now())</arg>
<arg>modules=datetime</arg>
</arguments>
<assign>
<var>${now}</var>
</assign>
<msg timestamp="20210409 10:47:14.412" level="INFO">${now} = 09042021104714</msg>
<status status="PASS" starttime="20210409 10:47:14.411" endtime="20210409 10:47:14.412"></status>
</kw>
<msg timestamp="20210409 10:47:14.412" level="INFO">${current_timestamp} = 09042021104714</msg>
<status status="PASS" starttime="20210409 10:47:14.411" endtime="20210409 10:47:14.412"></status>
</kw>
<kw name="Create Dictionary" library="BuiltIn">
<doc>Creates and returns a dictionary based on the given ``items``.</doc>
<arguments>
<arg>Content-Type=${HEADER_CONTENT_TYPE}</arg>
<arg>x-ais-UserName=${HEADER_X_AIS_USERNAME_AISPARTNER}</arg>
<arg>x-ais-OrderRef=${HEADER_X_AIS_ORDERREF_SIGNIN}${current_timestamp}</arg>
<arg>x-ais-OrderDesc=${HEADER_X_AIS_ORDERDESC_SIGNIN}</arg>
<arg>Accept=${HEADER_ACCEPT}</arg>
</arguments>
<assign>
<var>${headers}</var>
</assign>
<msg timestamp="20210409 10:47:14.413" level="INFO">${headers} = {'Content-Type': 'application/json', 'x-ais-UserName': 'AisPartner', 'x-ais-OrderRef': 'Signin_09042021104714', 'x-ais-OrderDesc': 'User Authentication', 'Accept': '*/*'}</msg>
<status status="PASS" starttime="20210409 10:47:14.413" endtime="20210409 10:47:14.413"></status>
</kw>
<kw name="Evaluate" library="BuiltIn">
<doc>Evaluates the given expression in Python and returns the result.</doc>
<arguments>
<arg>{"username": "${SIGNIN_USERNAME}","password": "${SIGNIN_PASSOWORD}"}</arg>
</arguments>
<assign>
<var>${data}</var>
</assign>
<msg timestamp="20210409 10:47:14.414" level="INFO">${data} = {'username': 'QATest_003', 'password': 'bnZkZm5nZXJnbGtkanZlaWdqbmVvZGtsZA=='}</msg>
<status status="PASS" starttime="20210409 10:47:14.414" endtime="20210409 10:47:14.414"></status>
</kw>
<kw name="Post Api Request" library="Keyword_Request">
<arguments>
<arg>${url}${PROVISIONINGAPIS}</arg>
<arg>${URL_SIGNIN}</arg>
<arg>${headers}</arg>
<arg>${data}</arg>
</arguments>
<assign>
<var>${res}</var>
</assign>
<kw name="Create Session" library="RequestsLibrary">
<doc>Create Session: create a HTTP session to a server</doc>
<arguments>
<arg>${NAME_SESSION_POST}</arg>
<arg>${url}</arg>
<arg>verify=true</arg>
</arguments>
<msg timestamp="20210409 10:47:14.415" level="INFO">Creating Session using : alias=POSTAPI, url=https://mg-staging.sandais.com/provisioningapis, headers={},                     cookies={}, auth=None, timeout=None, proxies=None, verify=True,                     debug=0 </msg>
<status status="PASS" starttime="20210409 10:47:14.415" endtime="20210409 10:47:14.415"></status>
</kw>
<kw name="Post Request" library="RequestsLibrary">
<doc>*DEPRECATED* Please use `POST On Session` instead.</doc>
<arguments>
<arg>${NAME_SESSION_POST}</arg>
<arg>${pathUrl}</arg>
<arg>data=${data}</arg>
<arg>headers=${headers}</arg>
</arguments>
<assign>
<var>${res}</var>
</assign>
<msg timestamp="20210409 10:47:14.416" level="WARN">Keyword 'RequestsLibrary.Post Request' is deprecated. Please use `POST On Session` instead.</msg>
<msg timestamp="20210409 10:47:14.587" level="INFO">POST Request : url=https://mg-staging.sandais.com/provisioningapis/api/v1/auth/signin 
 path_url=/provisioningapis/api/v1/auth/signin 
 headers={'User-Agent': 'python-requests/2.25.1', 'Accept-Encoding': 'gzip, deflate', 'Accept': '*/*', 'Connection': 'keep-alive', 'Content-Type': 'application/json', 'x-ais-UserName': 'AisPartner', 'x-ais-OrderRef': 'Signin_09042021104714', 'x-ais-OrderDesc': 'User Authentication', 'Content-Length': '78'} 
 body={"username": "QATest_003", "password": "bnZkZm5nZXJnbGtkanZlaWdqbmVvZGtsZA=="} 
 </msg>
<msg timestamp="20210409 10:47:14.587" level="INFO">POST Response : url=https://mg-staging.sandais.com/provisioningapis/api/v1/auth/signin 
 status=200, reason=OK 
 headers={'Server': 'nginx', 'Date': 'Fri, 09 Apr 2021 03:47:14 GMT', 'Content-Type': 'application/json; charset=utf-8', 'Transfer-Encoding': 'chunked', 'Connection': 'keep-alive', 'x-ais-orderref': 'Signin_09042021104714', 'x-frame-options': 'DENY', 'x-xss-protection': '1; mode=block', 'x-content-type-options': 'nosniff', 'strict-transport-security': 'max-age=31536000', 'content-security-policy': "script-src 'self' 'unsafe-inline' 'unsafe-eval'", 'x-envoy-upstream-service-time': '6', 'x-envoy-decorator-operation': 'provisioningapis.magellanstaging.svc.cluster.local:80/*'} 
 body={"OperationStatus":{"Code":"20000","Description":"SignInProcess is Success"},"TokenType":"Bearer","AccessToken":"Q2fLUj3Go/nOqZyrJ6FnhSYfeOn1ZSwT0V0ycpecp/S8G3Vu9DD/qLF6WJcjQMRlKIO1U/gfXg2C7HYTAUve2kWbxBhqkK8ml+8QQAvQKleSf2pe/jHMMMPgj8E1ekdRNRNHSXYJnvN9GOENjUqqw26onqTUlbuLceqgzLAVpRUoVVsksNP5MSpSmIGP3BkbUhxxQFXQuZW8W/AtN7G/RjbcKaYarVLhK/s8BSZ0SAHD1i5KX3AWMQHCvFfqZNf+53X4e8+mMCnvx/+b5FEoB2fCWCJJgzvf","ExpiresIn":20,"ExpiresDate":"2021-04-09T11:07:14.2777065+07:00","AccountId":[],"UserRole":["RootAdmin"]} 
 </msg>
<msg timestamp="20210409 10:47:14.587" level="INFO">${res} = &lt;Response [200]&gt;</msg>
<status status="PASS" starttime="20210409 10:47:14.416" endtime="20210409 10:47:14.587"></status>
</kw>
<msg timestamp="20210409 10:47:14.588" level="INFO">${res} = {'OperationStatus': {'Code': '20000', 'Description': 'SignInProcess is Success'}, 'TokenType': 'Bearer', 'AccessToken': 'Q2fLUj3Go/nOqZyrJ6FnhSYfeOn1ZSwT0V0ycpecp/S8G3Vu9DD/qLF6WJcjQMRlKIO1U/gfXg2C7HY...</msg>
<status status="PASS" starttime="20210409 10:47:14.414" endtime="20210409 10:47:14.588"></status>
</kw>
<kw name="Response ResultCode Should Have" library="Keyword_Request">
<arguments>
<arg>${res}</arg>
<arg>${SINGNIN}</arg>
<arg>${FIELD_OPERATIONSTATUS}</arg>
<arg>${FIELD_CODE}</arg>
<arg>${FIELD_DESCRIPTION}</arg>
</arguments>
<kw name="Get From Dictionary" library="Collections">
<doc>Returns a value from the given ``dictionary`` based on the given ``key``.</doc>
<arguments>
<arg>${res_json}</arg>
<arg>${field_OperationStatus}</arg>
</arguments>
<assign>
<var>${operationStatus}</var>
</assign>
<msg timestamp="20210409 10:47:14.589" level="INFO">${operationStatus} = {'Code': '20000', 'Description': 'SignInProcess is Success'}</msg>
<status status="PASS" starttime="20210409 10:47:14.589" endtime="20210409 10:47:14.589"></status>
</kw>
<kw name="Get From Dictionary" library="Collections">
<doc>Returns a value from the given ``dictionary`` based on the given ``key``.</doc>
<arguments>
<arg>${operationStatus}</arg>
<arg>${field_Code}</arg>
</arguments>
<assign>
<var>${resultCode}</var>
</assign>
<msg timestamp="20210409 10:47:14.589" level="INFO">${resultCode} = 20000</msg>
<status status="PASS" starttime="20210409 10:47:14.589" endtime="20210409 10:47:14.589"></status>
</kw>
<kw name="Get From Dictionary" library="Collections">
<doc>Returns a value from the given ``dictionary`` based on the given ``key``.</doc>
<arguments>
<arg>${operationStatus}</arg>
<arg>${field_Description}</arg>
</arguments>
<assign>
<var>${resultDescription}</var>
</assign>
<msg timestamp="20210409 10:47:14.590" level="INFO">${resultDescription} = SignInProcess is Success</msg>
<status status="PASS" starttime="20210409 10:47:14.589" endtime="20210409 10:47:14.590"></status>
</kw>
<kw name="Run Keyword If" library="BuiltIn">
<doc>Runs the given keyword with the given arguments, if ``condition`` is true.</doc>
<arguments>
<arg>${resultCode} == ${VALUE_RESULTCODE_20000}</arg>
<arg>Response ResultCode Should Have Success</arg>
<arg>${resultCode}</arg>
<arg>${resultDescription}</arg>
<arg>${res_name}</arg>
</arguments>
<kw name="Response ResultCode Should Have Success" library="Keyword_Request">
<arguments>
<arg>${resultCode}</arg>
<arg>${resultDescription}</arg>
<arg>${res_name}</arg>
</arguments>
<kw name="Run Keyword If" library="BuiltIn">
<doc>Runs the given keyword with the given arguments, if ``condition`` is true.</doc>
<arguments>
<arg>${resultCode} == ${VALUE_RESULTCODE_20000}</arg>
<arg>Should Be Equal As Strings</arg>
<arg>${resultCode}</arg>
<arg>${VALUE_RESULTCODE_20000}</arg>
<arg>ELSE IF</arg>
<arg>${resultCode} == ${VALUE_RESULTCODE_20100}</arg>
<arg>Should Be Equal As Strings</arg>
<arg>${resultCode}</arg>
<arg>${VALUE_RESULTCODE_20100}</arg>
</arguments>
<kw name="Should Be Equal As Strings" library="BuiltIn">
<doc>Fails if objects are unequal after converting them to strings.</doc>
<arguments>
<arg>${resultCode}</arg>
<arg>${VALUE_RESULTCODE_20000}</arg>
</arguments>
<status status="PASS" starttime="20210409 10:47:14.591" endtime="20210409 10:47:14.592"></status>
</kw>
<status status="PASS" starttime="20210409 10:47:14.591" endtime="20210409 10:47:14.592"></status>
</kw>
<kw name="Run Keyword If" library="BuiltIn">
<doc>Runs the given keyword with the given arguments, if ``condition`` is true.</doc>
<arguments>
<arg>'${res_name}' == '${SINGNIN}'</arg>
<arg>Should Be Equal As Strings</arg>
<arg>${resultDescription}</arg>
<arg>${VALUE_DESCRIPTION_SINGNIN_SUCCESS}</arg>
</arguments>
<kw name="Should Be Equal As Strings" library="BuiltIn">
<doc>Fails if objects are unequal after converting them to strings.</doc>
<arguments>
<arg>${resultDescription}</arg>
<arg>${VALUE_DESCRIPTION_SINGNIN_SUCCESS}</arg>
</arguments>
<status status="PASS" starttime="20210409 10:47:14.592" endtime="20210409 10:47:14.593"></status>
</kw>
<status status="PASS" starttime="20210409 10:47:14.592" endtime="20210409 10:47:14.593"></status>
</kw>
<kw name="Run Keyword If" library="BuiltIn">
<doc>Runs the given keyword with the given arguments, if ``condition`` is true.</doc>
<arguments>
<arg>'${res_name}' == '${CREATEPARTNER}'</arg>
<arg>Should Be Equal As Strings</arg>
<arg>${resultDescription}</arg>
<arg>${VALUE_DESCRIPTION_CREATEPARTNER_SUCCESS}</arg>
</arguments>
<status status="PASS" starttime="20210409 10:47:14.593" endtime="20210409 10:47:14.593"></status>
</kw>
<kw name="Run Keyword If" library="BuiltIn">
<doc>Runs the given keyword with the given arguments, if ``condition`` is true.</doc>
<arguments>
<arg>'${res_name}' == '${CREATEACCOUNT}'</arg>
<arg>Should Be Equal As Strings</arg>
<arg>${resultDescription}</arg>
<arg>${VALUE_DESCRIPTION_CREATEACCOUNT_SUCCESS}</arg>
</arguments>
<status status="PASS" starttime="20210409 10:47:14.593" endtime="20210409 10:47:14.594"></status>
</kw>
<kw name="Run Keyword If" library="BuiltIn">
<doc>Runs the given keyword with the given arguments, if ``condition`` is true.</doc>
<arguments>
<arg>'${res_name}' == '${CREATETHING}'</arg>
<arg>Should Be Equal As Strings</arg>
<arg>${resultDescription}</arg>
<arg>${VALUE_DESCRIPTION_CREATETHING_SUCCESS}</arg>
</arguments>
<status status="PASS" starttime="20210409 10:47:14.594" endtime="20210409 10:47:14.594"></status>
</kw>
<kw name="Run Keyword If" library="BuiltIn">
<doc>Runs the given keyword with the given arguments, if ``condition`` is true.</doc>
<arguments>
<arg>'${res_name}' == '${CREATETHINGSTATEINFO}'</arg>
<arg>Should Be Equal As Strings</arg>
<arg>${resultDescription}</arg>
<arg>${VALUE_DESCRIPTION_CREATETHINGSTATEINFO_SUCCESS}</arg>
</arguments>
<status status="PASS" starttime="20210409 10:47:14.594" endtime="20210409 10:47:14.594"></status>
</kw>
<kw name="Run Keyword If" library="BuiltIn">
<doc>Runs the given keyword with the given arguments, if ``condition`` is true.</doc>
<arguments>
<arg>'${res_name}' == '${CREATECONFIGGROUP}'</arg>
<arg>Should Be Equal As Strings</arg>
<arg>${resultDescription}</arg>
<arg>${VALUE_DESCRIPTION_CREATECONFIGGROUP_SUCCESS}</arg>
</arguments>
<status status="PASS" starttime="20210409 10:47:14.595" endtime="20210409 10:47:14.595"></status>
</kw>
<kw name="Run Keyword If" library="BuiltIn">
<doc>Runs the given keyword with the given arguments, if ``condition`` is true.</doc>
<arguments>
<arg>'${res_name}' == '${CREATECONTROLTHING}'</arg>
<arg>Should Be Equal As Strings</arg>
<arg>${resultDescription}</arg>
<arg>${VALUE_DESCRIPTION_CREATECONTROLTHING_SUCCESS}</arg>
</arguments>
<status status="PASS" starttime="20210409 10:47:14.595" endtime="20210409 10:47:14.595"></status>
</kw>
<kw name="Run Keyword If" library="BuiltIn">
<doc>Runs the given keyword with the given arguments, if ``condition`` is true.</doc>
<arguments>
<arg>'${res_name}' == '${REMOVEPARTNER}'</arg>
<arg>Should Be Equal As Strings</arg>
<arg>${resultDescription}</arg>
<arg>${VALUE_DESCRIPTION_REMOVEPARTNER_SUCCESS}</arg>
</arguments>
<status status="PASS" starttime="20210409 10:47:14.595" endtime="20210409 10:47:14.596"></status>
</kw>
<kw name="Run Keyword If" library="BuiltIn">
<doc>Runs the given keyword with the given arguments, if ``condition`` is true.</doc>
<arguments>
<arg>'${res_name}' == '${REMOVEACCOUNT}'</arg>
<arg>Should Be Equal As Strings</arg>
<arg>${resultDescription}</arg>
<arg>${VALUE_DESCRIPTION_REMOVEACCOUNT_SUCCESS}</arg>
</arguments>
<status status="PASS" starttime="20210409 10:47:14.597" endtime="20210409 10:47:14.597"></status>
</kw>
<kw name="Run Keyword If" library="BuiltIn">
<doc>Runs the given keyword with the given arguments, if ``condition`` is true.</doc>
<arguments>
<arg>'${res_name}' == '${REMOVETHING}'</arg>
<arg>Should Be Equal As Strings</arg>
<arg>${resultDescription}</arg>
<arg>${VALUE_DESCRIPTION_REMOVETHING_SUCCESS}</arg>
</arguments>
<status status="PASS" starttime="20210409 10:47:14.597" endtime="20210409 10:47:14.598"></status>
</kw>
<kw name="Run Keyword If" library="BuiltIn">
<doc>Runs the given keyword with the given arguments, if ``condition`` is true.</doc>
<arguments>
<arg>'${res_name}' == '${REMOVETHINGSTATEINFO}'</arg>
<arg>Should Be Equal As Strings</arg>
<arg>${resultDescription}</arg>
<arg>${VALUE_DESCRIPTION_REMOVETHINGSTATEINFO_SUCCESS}</arg>
</arguments>
<status status="PASS" starttime="20210409 10:47:14.598" endtime="20210409 10:47:14.598"></status>
</kw>
<kw name="Run Keyword If" library="BuiltIn">
<doc>Runs the given keyword with the given arguments, if ``condition`` is true.</doc>
<arguments>
<arg>'${res_name}' == '${REMOVETHINGFROMACCOUNT}'</arg>
<arg>Should Be Equal As Strings</arg>
<arg>${resultDescription}</arg>
<arg>${VALUE_DESCRIPTION_REMOVETHINGFROMACCOUNT_SUCCESS}</arg>
</arguments>
<status status="PASS" starttime="20210409 10:47:14.598" endtime="20210409 10:47:14.599"></status>
</kw>
<kw name="Run Keyword If" library="BuiltIn">
<doc>Runs the given keyword with the given arguments, if ``condition`` is true.</doc>
<arguments>
<arg>'${res_name}' == '${REMOVECONFIGGROUP}'</arg>
<arg>Should Be Equal As Strings</arg>
<arg>${resultDescription}</arg>
<arg>${VALUE_DESCRIPTION_REMOVECONFIGGROUP_SUCCESS}</arg>
</arguments>
<status status="PASS" starttime="20210409 10:47:14.599" endtime="20210409 10:47:14.599"></status>
</kw>
<kw name="Run Keyword If" library="BuiltIn">
<doc>Runs the given keyword with the given arguments, if ``condition`` is true.</doc>
<arguments>
<arg>'${res_name}' == '${UPDATEACCOUNT}'</arg>
<arg>Should Be Equal As Strings</arg>
<arg>${resultDescription}</arg>
<arg>${VALUE_DESCRIPTION_UPDATEACCOUNT_SUCCESS}</arg>
</arguments>
<status status="PASS" starttime="20210409 10:47:14.599" endtime="20210409 10:47:14.600"></status>
</kw>
<kw name="Run Keyword If" library="BuiltIn">
<doc>Runs the given keyword with the given arguments, if ``condition`` is true.</doc>
<arguments>
<arg>'${res_name}' == '${INQUIRYTHING}'</arg>
<arg>Should Be Equal As Strings</arg>
<arg>${resultDescription}</arg>
<arg>${VALUE_DESCRIPTION_INQUIRYTHING_SUCCESS}</arg>
</arguments>
<status status="PASS" starttime="20210409 10:47:14.600" endtime="20210409 10:47:14.600"></status>
</kw>
<kw name="Run Keyword If" library="BuiltIn">
<doc>Runs the given keyword with the given arguments, if ``condition`` is true.</doc>
<arguments>
<arg>'${res_name}' == '${INQUIRYCONFIGGROUP}'</arg>
<arg>Should Be Equal As Strings</arg>
<arg>${resultDescription}</arg>
<arg>${VALUE_DESCRIPTION_INQUIRYCONFIGGROUP_SUCCESS}</arg>
</arguments>
<status status="PASS" starttime="20210409 10:47:14.600" endtime="20210409 10:47:14.600"></status>
</kw>
<kw name="Run Keyword If" library="BuiltIn">
<doc>Runs the given keyword with the given arguments, if ``condition`` is true.</doc>
<arguments>
<arg>'${res_name}' == '${INQUIRYACCOUNT}'</arg>
<arg>Should Be Equal As Strings</arg>
<arg>${resultDescription}</arg>
<arg>${VALUE_DESCRIPTION_INQUIRYACCOUNT_SUCCESS}</arg>
</arguments>
<status status="PASS" starttime="20210409 10:47:14.601" endtime="20210409 10:47:14.601"></status>
</kw>
<status status="PASS" starttime="20210409 10:47:14.590" endtime="20210409 10:47:14.601"></status>
</kw>
<status status="PASS" starttime="20210409 10:47:14.590" endtime="20210409 10:47:14.601"></status>
</kw>
<kw name="Run Keyword If" library="BuiltIn">
<doc>Runs the given keyword with the given arguments, if ``condition`` is true.</doc>
<arguments>
<arg>${resultCode} == ${VALUE_RESULTCODE_20100}</arg>
<arg>Response ResultCode Should Have Success</arg>
<arg>${resultCode}</arg>
<arg>${resultDescription}</arg>
<arg>${res_name}</arg>
</arguments>
<status status="PASS" starttime="20210409 10:47:14.601" endtime="20210409 10:47:14.601"></status>
</kw>
<kw name="Run Keyword If" library="BuiltIn">
<doc>Runs the given keyword with the given arguments, if ``condition`` is true.</doc>
<arguments>
<arg>${resultCode} != ${VALUE_RESULTCODE_20000} and ${resultCode} != ${VALUE_RESULTCODE_20100}</arg>
<arg>Fail</arg>
<arg>msg=[${resultCode}:${resultDescription}]</arg>
</arguments>
<status status="PASS" starttime="20210409 10:47:14.602" endtime="20210409 10:47:14.602"></status>
</kw>
<status status="PASS" starttime="20210409 10:47:14.588" endtime="20210409 10:47:14.602"></status>
</kw>
<kw name="Get From Dictionary" library="Collections">
<doc>Returns a value from the given ``dictionary`` based on the given ``key``.</doc>
<arguments>
<arg>${res}</arg>
<arg>${FIELD_ACCESSTOKEN}</arg>
</arguments>
<assign>
<var>${accessToken}</var>
</assign>
<msg timestamp="20210409 10:47:14.603" level="INFO">${accessToken} = Q2fLUj3Go/nOqZyrJ6FnhSYfeOn1ZSwT0V0ycpecp/S8G3Vu9DD/qLF6WJcjQMRlKIO1U/gfXg2C7HYTAUve2kWbxBhqkK8ml+8QQAvQKleSf2pe/jHMMMPgj8E1ekdRNRNHSXYJnvN9GOENjUqqw26onqTUlbuLceqgzLAVpRUoVVsksNP5MSpSmIGP3BkbUhxxQFXQ...</msg>
<status status="PASS" starttime="20210409 10:47:14.603" endtime="20210409 10:47:14.603"></status>
</kw>
<msg timestamp="20210409 10:47:14.603" level="INFO">${accessToken} = Q2fLUj3Go/nOqZyrJ6FnhSYfeOn1ZSwT0V0ycpecp/S8G3Vu9DD/qLF6WJcjQMRlKIO1U/gfXg2C7HYTAUve2kWbxBhqkK8ml+8QQAvQKleSf2pe/jHMMMPgj8E1ekdRNRNHSXYJnvN9GOENjUqqw26onqTUlbuLceqgzLAVpRUoVVsksNP5MSpSmIGP3BkbUhxxQFXQ...</msg>
<status status="PASS" starttime="20210409 10:47:14.410" endtime="20210409 10:47:14.603"></status>
</kw>
<kw name="Create Partner" library="Keyword_CreateData">
<arguments>
<arg>${URL_STAGING}</arg>
<arg>${accessToken}</arg>
</arguments>
<assign>
<var>${postCreatePartner}</var>
</assign>
<kw name="Generate Random String" library="String">
<doc>Generates a string with a desired ``length`` from the given ``chars``.</doc>
<arguments>
<arg>6</arg>
<arg>[NUMBERS]</arg>
</arguments>
<assign>
<var>${random_number}</var>
</assign>
<msg timestamp="20210409 10:47:14.604" level="INFO">${random_number} = 301546</msg>
<status status="PASS" starttime="20210409 10:47:14.604" endtime="20210409 10:47:14.605"></status>
</kw>
<kw name="Set Variable" library="BuiltIn">
<doc>Returns the given values which can then be assigned to a variables.</doc>
<arguments>
<arg>${VALUE_PARTNERNAME}${random_number}</arg>
</arguments>
<assign>
<var>${PartnerName}</var>
</assign>
<msg timestamp="20210409 10:47:14.605" level="INFO">${PartnerName} = Jida_TestPartnerName301546</msg>
<status status="PASS" starttime="20210409 10:47:14.605" endtime="20210409 10:47:14.605"></status>
</kw>
<kw name="Set Variable" library="BuiltIn">
<doc>Returns the given values which can then be assigned to a variables.</doc>
<arguments>
<arg>${VALUE_MERCHANTCONTACT}</arg>
</arguments>
<assign>
<var>${MerchantContact}</var>
</assign>
<msg timestamp="20210409 10:47:14.605" level="INFO">${MerchantContact} = Jida_TestMerchantContact@ais.co.th</msg>
<status status="PASS" starttime="20210409 10:47:14.605" endtime="20210409 10:47:14.605"></status>
</kw>
<kw name="Set Variable" library="BuiltIn">
<doc>Returns the given values which can then be assigned to a variables.</doc>
<arguments>
<arg>${VALUE_CPID}</arg>
</arguments>
<assign>
<var>${CPID}</var>
</assign>
<msg timestamp="20210409 10:47:14.606" level="INFO">${CPID} = Jida_TesCPID@ais.co.th</msg>
<status status="PASS" starttime="20210409 10:47:14.606" endtime="20210409 10:47:14.606"></status>
</kw>
<kw name="Change format date now" library="Keyword_Datetime">
<arguments>
<arg>${DDMMYYYYHMS_NOW}</arg>
</arguments>
<assign>
<var>${current_timestamp}</var>
</assign>
<kw name="Evaluate" library="BuiltIn">
<doc>Evaluates the given expression in Python and returns the result.</doc>
<arguments>
<arg>'${format}'.format(dt=datetime.datetime.now())</arg>
<arg>modules=datetime</arg>
</arguments>
<assign>
<var>${now}</var>
</assign>
<msg timestamp="20210409 10:47:14.608" level="INFO">${now} = 09042021104714</msg>
<status status="PASS" starttime="20210409 10:47:14.607" endtime="20210409 10:47:14.608"></status>
</kw>
<msg timestamp="20210409 10:47:14.608" level="INFO">${current_timestamp} = 09042021104714</msg>
<status status="PASS" starttime="20210409 10:47:14.606" endtime="20210409 10:47:14.608"></status>
</kw>
<kw name="Create Dictionary" library="BuiltIn">
<doc>Creates and returns a dictionary based on the given ``items``.</doc>
<arguments>
<arg>Content-Type=${HEADER_CONTENT_TYPE}</arg>
<arg>x-ais-UserName=${HEADER_X_AIS_USERNAME_AISPARTNER}</arg>
<arg>x-ais-OrderRef=${HEADER_X_AIS_ORDERREF_CREATEPARTNER}${current_timestamp}</arg>
<arg>x-ais-OrderDesc=${HEADER_X_AIS_ORDERDESC_CREATEPARTNER}</arg>
<arg>x-ais-AccessToken=Bearer ${accessToken}</arg>
<arg>Accept=${HEADER_ACCEPT}</arg>
</arguments>
<assign>
<var>${headers}</var>
</assign>
<msg timestamp="20210409 10:47:14.609" level="INFO">${headers} = {'Content-Type': 'application/json', 'x-ais-UserName': 'AisPartner', 'x-ais-OrderRef': 'CreatePartner_09042021104714', 'x-ais-OrderDesc': 'CreatePartner', 'x-ais-AccessToken': 'Bearer Q2fLUj3Go/nOqZyr...</msg>
<status status="PASS" starttime="20210409 10:47:14.608" endtime="20210409 10:47:14.609"></status>
</kw>
<kw name="Evaluate" library="BuiltIn">
<doc>Evaluates the given expression in Python and returns the result.</doc>
<arguments>
<arg>{"PartnerName": "${PartnerName}","PartnerType": ["Supplier","Customer"],"PartnerDetail": {"MerchantContact": "${MerchantContact}","CPID": "${CPID}"},"Property": {"RouteEngine": "false"}}</arg>
</arguments>
<assign>
<var>${data}</var>
</assign>
<msg timestamp="20210409 10:47:14.610" level="INFO">${data} = {'PartnerName': 'Jida_TestPartnerName301546', 'PartnerType': ['Supplier', 'Customer'], 'PartnerDetail': {'MerchantContact': 'Jida_TestMerchantContact@ais.co.th', 'CPID': 'Jida_TesCPID@ais.co.th'}, 'Pr...</msg>
<status status="PASS" starttime="20210409 10:47:14.609" endtime="20210409 10:47:14.610"></status>
</kw>
<kw name="Post Api Request" library="Keyword_Request">
<arguments>
<arg>${url}${PROVISIONINGAPIS}</arg>
<arg>${URL_CREATEPARTNER}</arg>
<arg>${headers}</arg>
<arg>${data}</arg>
</arguments>
<assign>
<var>${res}</var>
</assign>
<kw name="Create Session" library="RequestsLibrary">
<doc>Create Session: create a HTTP session to a server</doc>
<arguments>
<arg>${NAME_SESSION_POST}</arg>
<arg>${url}</arg>
<arg>verify=true</arg>
</arguments>
<msg timestamp="20210409 10:47:14.611" level="INFO">Creating Session using : alias=POSTAPI, url=https://mg-staging.sandais.com/provisioningapis, headers={},                     cookies={}, auth=None, timeout=None, proxies=None, verify=True,                     debug=0 </msg>
<status status="PASS" starttime="20210409 10:47:14.610" endtime="20210409 10:47:14.611"></status>
</kw>
<kw name="Post Request" library="RequestsLibrary">
<doc>*DEPRECATED* Please use `POST On Session` instead.</doc>
<arguments>
<arg>${NAME_SESSION_POST}</arg>
<arg>${pathUrl}</arg>
<arg>data=${data}</arg>
<arg>headers=${headers}</arg>
</arguments>
<assign>
<var>${res}</var>
</assign>
<msg timestamp="20210409 10:47:14.611" level="WARN">Keyword 'RequestsLibrary.Post Request' is deprecated. Please use `POST On Session` instead.</msg>
<msg timestamp="20210409 10:47:14.803" level="INFO">POST Request : url=https://mg-staging.sandais.com/provisioningapis/api/v1/Partner/CreatePartner 
 path_url=/provisioningapis/api/v1/Partner/CreatePartner 
 headers={'User-Agent': 'python-requests/2.25.1', 'Accept-Encoding': 'gzip, deflate', 'Accept': '*/*', 'Connection': 'keep-alive', 'Content-Type': 'application/json', 'x-ais-UserName': 'AisPartner', 'x-ais-OrderRef': 'CreatePartner_09042021104714', 'x-ais-OrderDesc': 'CreatePartner', 'x-ais-AccessToken': 'Bearer Q2fLUj3Go/nOqZyrJ6FnhSYfeOn1ZSwT0V0ycpecp/S8G3Vu9DD/qLF6WJcjQMRlKIO1U/gfXg2C7HYTAUve2kWbxBhqkK8ml+8QQAvQKleSf2pe/jHMMMPgj8E1ekdRNRNHSXYJnvN9GOENjUqqw26onqTUlbuLceqgzLAVpRUoVVsksNP5MSpSmIGP3BkbUhxxQFXQuZW8W/AtN7G/RjbcKaYarVLhK/s8BSZ0SAHD1i5KX3AWMQHCvFfqZNf+53X4e8+mMCnvx/+b5FEoB2fCWCJJgzvf', 'Content-Length': '234'} 
 body={"PartnerName": "Jida_TestPartnerName301546", "PartnerType": ["Supplier", "Customer"], "PartnerDetail": {"MerchantContact": "Jida_TestMerchantContact@ais.co.th", "CPID": "Jida_TesCPID@ais.co.th"}, "Property": {"RouteEngine": "false"}} 
 </msg>
<msg timestamp="20210409 10:47:14.803" level="INFO">POST Response : url=https://mg-staging.sandais.com/provisioningapis/api/v1/Partner/CreatePartner 
 status=201, reason=Created 
 headers={'Server': 'nginx', 'Date': 'Fri, 09 Apr 2021 03:47:14 GMT', 'Content-Type': 'application/json; charset=utf-8', 'Transfer-Encoding': 'chunked', 'Connection': 'keep-alive', 'x-ais-orderref': 'CreatePartner_09042021104714', 'x-frame-options': 'DENY', 'x-xss-protection': '1; mode=block', 'x-content-type-options': 'nosniff', 'strict-transport-security': 'max-age=31536000', 'content-security-policy': "script-src 'self' 'unsafe-inline' 'unsafe-eval'", 'x-envoy-upstream-service-time': '25', 'x-envoy-decorator-operation': 'provisioningapis.magellanstaging.svc.cluster.local:80/*'} 
 body={"PartnerInfo":{"CustomerId":"606fce4263fa0e0001bfa053","PartnerId":"606fce4263fa0e0001bfa054","PartnerName":"Jida_TestPartnerName301546","PartnerType":["Supplier","Customer"],"PartnerDetail":{"MerchantContact":"Jida_TestMerchantContact@ais.co.th","CPID":"Jida_TesCPID@ais.co.th"},"Property":{"RouteEngine":"false"},"CreateDate":"2021-04-09T10:47:14.4938002+07:00"},"OperationStatus":{"Code":"20100","Description":"CreatePartner is Success"}} 
 </msg>
<msg timestamp="20210409 10:47:14.803" level="INFO">${res} = &lt;Response [201]&gt;</msg>
<status status="PASS" starttime="20210409 10:47:14.611" endtime="20210409 10:47:14.803"></status>
</kw>
<msg timestamp="20210409 10:47:14.803" level="INFO">${res} = {'PartnerInfo': {'CustomerId': '606fce4263fa0e0001bfa053', 'PartnerId': '606fce4263fa0e0001bfa054', 'PartnerName': 'Jida_TestPartnerName301546', 'PartnerType': ['Supplier', 'Customer'], 'PartnerDetail...</msg>
<status status="PASS" starttime="20210409 10:47:14.610" endtime="20210409 10:47:14.803"></status>
</kw>
<kw name="Response ResultCode Should Have" library="Keyword_Request">
<arguments>
<arg>${res}</arg>
<arg>${CREATEPARTNER}</arg>
<arg>${FIELD_OPERATIONSTATUS}</arg>
<arg>${FIELD_CODE}</arg>
<arg>${FIELD_DESCRIPTION}</arg>
</arguments>
<kw name="Get From Dictionary" library="Collections">
<doc>Returns a value from the given ``dictionary`` based on the given ``key``.</doc>
<arguments>
<arg>${res_json}</arg>
<arg>${field_OperationStatus}</arg>
</arguments>
<assign>
<var>${operationStatus}</var>
</assign>
<msg timestamp="20210409 10:47:14.805" level="INFO">${operationStatus} = {'Code': '20100', 'Description': 'CreatePartner is Success'}</msg>
<status status="PASS" starttime="20210409 10:47:14.804" endtime="20210409 10:47:14.805"></status>
</kw>
<kw name="Get From Dictionary" library="Collections">
<doc>Returns a value from the given ``dictionary`` based on the given ``key``.</doc>
<arguments>
<arg>${operationStatus}</arg>
<arg>${field_Code}</arg>
</arguments>
<assign>
<var>${resultCode}</var>
</assign>
<msg timestamp="20210409 10:47:14.805" level="INFO">${resultCode} = 20100</msg>
<status status="PASS" starttime="20210409 10:47:14.805" endtime="20210409 10:47:14.805"></status>
</kw>
<kw name="Get From Dictionary" library="Collections">
<doc>Returns a value from the given ``dictionary`` based on the given ``key``.</doc>
<arguments>
<arg>${operationStatus}</arg>
<arg>${field_Description}</arg>
</arguments>
<assign>
<var>${resultDescription}</var>
</assign>
<msg timestamp="20210409 10:47:14.806" level="INFO">${resultDescription} = CreatePartner is Success</msg>
<status status="PASS" starttime="20210409 10:47:14.806" endtime="20210409 10:47:14.806"></status>
</kw>
<kw name="Run Keyword If" library="BuiltIn">
<doc>Runs the given keyword with the given arguments, if ``condition`` is true.</doc>
<arguments>
<arg>${resultCode} == ${VALUE_RESULTCODE_20000}</arg>
<arg>Response ResultCode Should Have Success</arg>
<arg>${resultCode}</arg>
<arg>${resultDescription}</arg>
<arg>${res_name}</arg>
</arguments>
<status status="PASS" starttime="20210409 10:47:14.806" endtime="20210409 10:47:14.806"></status>
</kw>
<kw name="Run Keyword If" library="BuiltIn">
<doc>Runs the given keyword with the given arguments, if ``condition`` is true.</doc>
<arguments>
<arg>${resultCode} == ${VALUE_RESULTCODE_20100}</arg>
<arg>Response ResultCode Should Have Success</arg>
<arg>${resultCode}</arg>
<arg>${resultDescription}</arg>
<arg>${res_name}</arg>
</arguments>
<kw name="Response ResultCode Should Have Success" library="Keyword_Request">
<arguments>
<arg>${resultCode}</arg>
<arg>${resultDescription}</arg>
<arg>${res_name}</arg>
</arguments>
<kw name="Run Keyword If" library="BuiltIn">
<doc>Runs the given keyword with the given arguments, if ``condition`` is true.</doc>
<arguments>
<arg>${resultCode} == ${VALUE_RESULTCODE_20000}</arg>
<arg>Should Be Equal As Strings</arg>
<arg>${resultCode}</arg>
<arg>${VALUE_RESULTCODE_20000}</arg>
<arg>ELSE IF</arg>
<arg>${resultCode} == ${VALUE_RESULTCODE_20100}</arg>
<arg>Should Be Equal As Strings</arg>
<arg>${resultCode}</arg>
<arg>${VALUE_RESULTCODE_20100}</arg>
</arguments>
<kw name="Should Be Equal As Strings" library="BuiltIn">
<doc>Fails if objects are unequal after converting them to strings.</doc>
<arguments>
<arg>${resultCode}</arg>
<arg>${VALUE_RESULTCODE_20100}</arg>
</arguments>
<status status="PASS" starttime="20210409 10:47:14.808" endtime="20210409 10:47:14.809"></status>
</kw>
<status status="PASS" starttime="20210409 10:47:14.808" endtime="20210409 10:47:14.809"></status>
</kw>
<kw name="Run Keyword If" library="BuiltIn">
<doc>Runs the given keyword with the given arguments, if ``condition`` is true.</doc>
<arguments>
<arg>'${res_name}' == '${SINGNIN}'</arg>
<arg>Should Be Equal As Strings</arg>
<arg>${resultDescription}</arg>
<arg>${VALUE_DESCRIPTION_SINGNIN_SUCCESS}</arg>
</arguments>
<status status="PASS" starttime="20210409 10:47:14.809" endtime="20210409 10:47:14.809"></status>
</kw>
<kw name="Run Keyword If" library="BuiltIn">
<doc>Runs the given keyword with the given arguments, if ``condition`` is true.</doc>
<arguments>
<arg>'${res_name}' == '${CREATEPARTNER}'</arg>
<arg>Should Be Equal As Strings</arg>
<arg>${resultDescription}</arg>
<arg>${VALUE_DESCRIPTION_CREATEPARTNER_SUCCESS}</arg>
</arguments>
<kw name="Should Be Equal As Strings" library="BuiltIn">
<doc>Fails if objects are unequal after converting them to strings.</doc>
<arguments>
<arg>${resultDescription}</arg>
<arg>${VALUE_DESCRIPTION_CREATEPARTNER_SUCCESS}</arg>
</arguments>
<status status="PASS" starttime="20210409 10:47:14.810" endtime="20210409 10:47:14.810"></status>
</kw>
<status status="PASS" starttime="20210409 10:47:14.809" endtime="20210409 10:47:14.810"></status>
</kw>
<kw name="Run Keyword If" library="BuiltIn">
<doc>Runs the given keyword with the given arguments, if ``condition`` is true.</doc>
<arguments>
<arg>'${res_name}' == '${CREATEACCOUNT}'</arg>
<arg>Should Be Equal As Strings</arg>
<arg>${resultDescription}</arg>
<arg>${VALUE_DESCRIPTION_CREATEACCOUNT_SUCCESS}</arg>
</arguments>
<status status="PASS" starttime="20210409 10:47:14.810" endtime="20210409 10:47:14.810"></status>
</kw>
<kw name="Run Keyword If" library="BuiltIn">
<doc>Runs the given keyword with the given arguments, if ``condition`` is true.</doc>
<arguments>
<arg>'${res_name}' == '${CREATETHING}'</arg>
<arg>Should Be Equal As Strings</arg>
<arg>${resultDescription}</arg>
<arg>${VALUE_DESCRIPTION_CREATETHING_SUCCESS}</arg>
</arguments>
<status status="PASS" starttime="20210409 10:47:14.810" endtime="20210409 10:47:14.811"></status>
</kw>
<kw name="Run Keyword If" library="BuiltIn">
<doc>Runs the given keyword with the given arguments, if ``condition`` is true.</doc>
<arguments>
<arg>'${res_name}' == '${CREATETHINGSTATEINFO}'</arg>
<arg>Should Be Equal As Strings</arg>
<arg>${resultDescription}</arg>
<arg>${VALUE_DESCRIPTION_CREATETHINGSTATEINFO_SUCCESS}</arg>
</arguments>
<status status="PASS" starttime="20210409 10:47:14.811" endtime="20210409 10:47:14.811"></status>
</kw>
<kw name="Run Keyword If" library="BuiltIn">
<doc>Runs the given keyword with the given arguments, if ``condition`` is true.</doc>
<arguments>
<arg>'${res_name}' == '${CREATECONFIGGROUP}'</arg>
<arg>Should Be Equal As Strings</arg>
<arg>${resultDescription}</arg>
<arg>${VALUE_DESCRIPTION_CREATECONFIGGROUP_SUCCESS}</arg>
</arguments>
<status status="PASS" starttime="20210409 10:47:14.811" endtime="20210409 10:47:14.811"></status>
</kw>
<kw name="Run Keyword If" library="BuiltIn">
<doc>Runs the given keyword with the given arguments, if ``condition`` is true.</doc>
<arguments>
<arg>'${res_name}' == '${CREATECONTROLTHING}'</arg>
<arg>Should Be Equal As Strings</arg>
<arg>${resultDescription}</arg>
<arg>${VALUE_DESCRIPTION_CREATECONTROLTHING_SUCCESS}</arg>
</arguments>
<status status="PASS" starttime="20210409 10:47:14.812" endtime="20210409 10:47:14.812"></status>
</kw>
<kw name="Run Keyword If" library="BuiltIn">
<doc>Runs the given keyword with the given arguments, if ``condition`` is true.</doc>
<arguments>
<arg>'${res_name}' == '${REMOVEPARTNER}'</arg>
<arg>Should Be Equal As Strings</arg>
<arg>${resultDescription}</arg>
<arg>${VALUE_DESCRIPTION_REMOVEPARTNER_SUCCESS}</arg>
</arguments>
<status status="PASS" starttime="20210409 10:47:14.812" endtime="20210409 10:47:14.813"></status>
</kw>
<kw name="Run Keyword If" library="BuiltIn">
<doc>Runs the given keyword with the given arguments, if ``condition`` is true.</doc>
<arguments>
<arg>'${res_name}' == '${REMOVEACCOUNT}'</arg>
<arg>Should Be Equal As Strings</arg>
<arg>${resultDescription}</arg>
<arg>${VALUE_DESCRIPTION_REMOVEACCOUNT_SUCCESS}</arg>
</arguments>
<status status="PASS" starttime="20210409 10:47:14.813" endtime="20210409 10:47:14.813"></status>
</kw>
<kw name="Run Keyword If" library="BuiltIn">
<doc>Runs the given keyword with the given arguments, if ``condition`` is true.</doc>
<arguments>
<arg>'${res_name}' == '${REMOVETHING}'</arg>
<arg>Should Be Equal As Strings</arg>
<arg>${resultDescription}</arg>
<arg>${VALUE_DESCRIPTION_REMOVETHING_SUCCESS}</arg>
</arguments>
<status status="PASS" starttime="20210409 10:47:14.813" endtime="20210409 10:47:14.813"></status>
</kw>
<kw name="Run Keyword If" library="BuiltIn">
<doc>Runs the given keyword with the given arguments, if ``condition`` is true.</doc>
<arguments>
<arg>'${res_name}' == '${REMOVETHINGSTATEINFO}'</arg>
<arg>Should Be Equal As Strings</arg>
<arg>${resultDescription}</arg>
<arg>${VALUE_DESCRIPTION_REMOVETHINGSTATEINFO_SUCCESS}</arg>
</arguments>
<status status="PASS" starttime="20210409 10:47:14.814" endtime="20210409 10:47:14.814"></status>
</kw>
<kw name="Run Keyword If" library="BuiltIn">
<doc>Runs the given keyword with the given arguments, if ``condition`` is true.</doc>
<arguments>
<arg>'${res_name}' == '${REMOVETHINGFROMACCOUNT}'</arg>
<arg>Should Be Equal As Strings</arg>
<arg>${resultDescription}</arg>
<arg>${VALUE_DESCRIPTION_REMOVETHINGFROMACCOUNT_SUCCESS}</arg>
</arguments>
<status status="PASS" starttime="20210409 10:47:14.815" endtime="20210409 10:47:14.815"></status>
</kw>
<kw name="Run Keyword If" library="BuiltIn">
<doc>Runs the given keyword with the given arguments, if ``condition`` is true.</doc>
<arguments>
<arg>'${res_name}' == '${REMOVECONFIGGROUP}'</arg>
<arg>Should Be Equal As Strings</arg>
<arg>${resultDescription}</arg>
<arg>${VALUE_DESCRIPTION_REMOVECONFIGGROUP_SUCCESS}</arg>
</arguments>
<status status="PASS" starttime="20210409 10:47:14.815" endtime="20210409 10:47:14.816"></status>
</kw>
<kw name="Run Keyword If" library="BuiltIn">
<doc>Runs the given keyword with the given arguments, if ``condition`` is true.</doc>
<arguments>
<arg>'${res_name}' == '${UPDATEACCOUNT}'</arg>
<arg>Should Be Equal As Strings</arg>
<arg>${resultDescription}</arg>
<arg>${VALUE_DESCRIPTION_UPDATEACCOUNT_SUCCESS}</arg>
</arguments>
<status status="PASS" starttime="20210409 10:47:14.816" endtime="20210409 10:47:14.816"></status>
</kw>
<kw name="Run Keyword If" library="BuiltIn">
<doc>Runs the given keyword with the given arguments, if ``condition`` is true.</doc>
<arguments>
<arg>'${res_name}' == '${INQUIRYTHING}'</arg>
<arg>Should Be Equal As Strings</arg>
<arg>${resultDescription}</arg>
<arg>${VALUE_DESCRIPTION_INQUIRYTHING_SUCCESS}</arg>
</arguments>
<status status="PASS" starttime="20210409 10:47:14.816" endtime="20210409 10:47:14.817"></status>
</kw>
<kw name="Run Keyword If" library="BuiltIn">
<doc>Runs the given keyword with the given arguments, if ``condition`` is true.</doc>
<arguments>
<arg>'${res_name}' == '${INQUIRYCONFIGGROUP}'</arg>
<arg>Should Be Equal As Strings</arg>
<arg>${resultDescription}</arg>
<arg>${VALUE_DESCRIPTION_INQUIRYCONFIGGROUP_SUCCESS}</arg>
</arguments>
<status status="PASS" starttime="20210409 10:47:14.817" endtime="20210409 10:47:14.817"></status>
</kw>
<kw name="Run Keyword If" library="BuiltIn">
<doc>Runs the given keyword with the given arguments, if ``condition`` is true.</doc>
<arguments>
<arg>'${res_name}' == '${INQUIRYACCOUNT}'</arg>
<arg>Should Be Equal As Strings</arg>
<arg>${resultDescription}</arg>
<arg>${VALUE_DESCRIPTION_INQUIRYACCOUNT_SUCCESS}</arg>
</arguments>
<status status="PASS" starttime="20210409 10:47:14.818" endtime="20210409 10:47:14.818"></status>
</kw>
<status status="PASS" starttime="20210409 10:47:14.807" endtime="20210409 10:47:14.818"></status>
</kw>
<status status="PASS" starttime="20210409 10:47:14.807" endtime="20210409 10:47:14.818"></status>
</kw>
<kw name="Run Keyword If" library="BuiltIn">
<doc>Runs the given keyword with the given arguments, if ``condition`` is true.</doc>
<arguments>
<arg>${resultCode} != ${VALUE_RESULTCODE_20000} and ${resultCode} != ${VALUE_RESULTCODE_20100}</arg>
<arg>Fail</arg>
<arg>msg=[${resultCode}:${resultDescription}]</arg>
</arguments>
<status status="PASS" starttime="20210409 10:47:14.818" endtime="20210409 10:47:14.819"></status>
</kw>
<status status="PASS" starttime="20210409 10:47:14.804" endtime="20210409 10:47:14.819"></status>
</kw>
<kw name="Get From Dictionary" library="Collections">
<doc>Returns a value from the given ``dictionary`` based on the given ``key``.</doc>
<arguments>
<arg>${res}</arg>
<arg>${FIELD_PARTNERINFO}</arg>
</arguments>
<assign>
<var>${PartnerInfo}</var>
</assign>
<msg timestamp="20210409 10:47:14.820" level="INFO">${PartnerInfo} = {'CustomerId': '606fce4263fa0e0001bfa053', 'PartnerId': '606fce4263fa0e0001bfa054', 'PartnerName': 'Jida_TestPartnerName301546', 'PartnerType': ['Supplier', 'Customer'], 'PartnerDetail': {'MerchantCon...</msg>
<status status="PASS" starttime="20210409 10:47:14.819" endtime="20210409 10:47:14.820"></status>
</kw>
<kw name="Get From Dictionary" library="Collections">
<doc>Returns a value from the given ``dictionary`` based on the given ``key``.</doc>
<arguments>
<arg>${PartnerInfo}</arg>
<arg>${FIELD_PARTNERID}</arg>
</arguments>
<assign>
<var>${GetResponse_PartnerId}</var>
</assign>
<msg timestamp="20210409 10:47:14.820" level="INFO">${GetResponse_PartnerId} = 606fce4263fa0e0001bfa054</msg>
<status status="PASS" starttime="20210409 10:47:14.820" endtime="20210409 10:47:14.820"></status>
</kw>
<kw name="Set Variable" library="BuiltIn">
<doc>Returns the given values which can then be assigned to a variables.</doc>
<arguments>
<arg>${VALUE_ACCOUNTNAME}${random_number}</arg>
</arguments>
<assign>
<var>${AccountName}</var>
</assign>
<msg timestamp="20210409 10:47:14.820" level="INFO">${AccountName} = Jida_TestAccountname301546</msg>
<status status="PASS" starttime="20210409 10:47:14.820" endtime="20210409 10:47:14.820"></status>
</kw>
<kw name="Set Variable" library="BuiltIn">
<doc>Returns the given values which can then be assigned to a variables.</doc>
<arguments>
<arg>${VALUE_CONFIGGROUPNAME}${random_number}</arg>
</arguments>
<assign>
<var>${ConfigGroupName}</var>
</assign>
<msg timestamp="20210409 10:47:14.821" level="INFO">${ConfigGroupName} = Sensor_TestThingGroupName301546</msg>
<status status="PASS" starttime="20210409 10:47:14.821" endtime="20210409 10:47:14.821"></status>
</kw>
<msg timestamp="20210409 10:47:14.821" level="INFO">${postCreatePartner} = ['606fce4263fa0e0001bfa054', 'Jida_TestAccountname301546', 'Sensor_TestThingGroupName301546']</msg>
<status status="PASS" starttime="20210409 10:47:14.604" endtime="20210409 10:47:14.821"></status>
</kw>
<kw name="Create AccountName" library="Keyword_CreateData">
<arguments>
<arg>${URL_STAGING}</arg>
<arg>${accessToken}</arg>
<arg>${postCreatePartner}[0]</arg>
<arg>${postCreatePartner}[1]</arg>
</arguments>
<assign>
<var>${postCreateAccount}</var>
</assign>
<kw name="Change format date now" library="Keyword_Datetime">
<arguments>
<arg>${DDMMYYYYHMS_NOW}</arg>
</arguments>
<assign>
<var>${current_timestamp}</var>
</assign>
<kw name="Evaluate" library="BuiltIn">
<doc>Evaluates the given expression in Python and returns the result.</doc>
<arguments>
<arg>'${format}'.format(dt=datetime.datetime.now())</arg>
<arg>modules=datetime</arg>
</arguments>
<assign>
<var>${now}</var>
</assign>
<msg timestamp="20210409 10:47:14.823" level="INFO">${now} = 09042021104714</msg>
<status status="PASS" starttime="20210409 10:47:14.823" endtime="20210409 10:47:14.823"></status>
</kw>
<msg timestamp="20210409 10:47:14.823" level="INFO">${current_timestamp} = 09042021104714</msg>
<status status="PASS" starttime="20210409 10:47:14.822" endtime="20210409 10:47:14.823"></status>
</kw>
<kw name="Create Dictionary" library="BuiltIn">
<doc>Creates and returns a dictionary based on the given ``items``.</doc>
<arguments>
<arg>Content-Type=${HEADER_CONTENT_TYPE}</arg>
<arg>x-ais-UserName=${HEADER_X_AIS_USERNAME_AISPARTNER}</arg>
<arg>x-ais-OrderRef=${HEADER_X_AIS_ORDERREF_CREATEACCOUNT}${current_timestamp}</arg>
<arg>x-ais-OrderDesc=${HEADER_X_AIS_ORDERDESC_CREATEACCOUNT}</arg>
<arg>x-ais-AccessToken=Bearer ${accessToken}</arg>
<arg>Accept=${HEADER_ACCEPT}</arg>
</arguments>
<assign>
<var>${headers}</var>
</assign>
<msg timestamp="20210409 10:47:14.824" level="INFO">${headers} = {'Content-Type': 'application/json', 'x-ais-UserName': 'AisPartner', 'x-ais-OrderRef': 'CreateAccount_09042021104714', 'x-ais-OrderDesc': 'CreateAccount', 'x-ais-AccessToken': 'Bearer Q2fLUj3Go/nOqZyr...</msg>
<status status="PASS" starttime="20210409 10:47:14.824" endtime="20210409 10:47:14.824"></status>
</kw>
<kw name="Evaluate" library="BuiltIn">
<doc>Evaluates the given expression in Python and returns the result.</doc>
<arguments>
<arg>{"PartnerID": "${PartnerId}","AccountName": "${AccountName}"}</arg>
</arguments>
<assign>
<var>${data}</var>
</assign>
<msg timestamp="20210409 10:47:14.825" level="INFO">${data} = {'PartnerID': '606fce4263fa0e0001bfa054', 'AccountName': 'Jida_TestAccountname301546'}</msg>
<status status="PASS" starttime="20210409 10:47:14.825" endtime="20210409 10:47:14.825"></status>
</kw>
<kw name="Post Api Request" library="Keyword_Request">
<arguments>
<arg>${url}${PROVISIONINGAPIS}</arg>
<arg>${URL_CREATEACCOUNT}</arg>
<arg>${headers}</arg>
<arg>${data}</arg>
</arguments>
<assign>
<var>${res}</var>
</assign>
<kw name="Create Session" library="RequestsLibrary">
<doc>Create Session: create a HTTP session to a server</doc>
<arguments>
<arg>${NAME_SESSION_POST}</arg>
<arg>${url}</arg>
<arg>verify=true</arg>
</arguments>
<msg timestamp="20210409 10:47:14.826" level="INFO">Creating Session using : alias=POSTAPI, url=https://mg-staging.sandais.com/provisioningapis, headers={},                     cookies={}, auth=None, timeout=None, proxies=None, verify=True,                     debug=0 </msg>
<status status="PASS" starttime="20210409 10:47:14.826" endtime="20210409 10:47:14.826"></status>
</kw>
<kw name="Post Request" library="RequestsLibrary">
<doc>*DEPRECATED* Please use `POST On Session` instead.</doc>
<arguments>
<arg>${NAME_SESSION_POST}</arg>
<arg>${pathUrl}</arg>
<arg>data=${data}</arg>
<arg>headers=${headers}</arg>
</arguments>
<assign>
<var>${res}</var>
</assign>
<msg timestamp="20210409 10:47:14.827" level="WARN">Keyword 'RequestsLibrary.Post Request' is deprecated. Please use `POST On Session` instead.</msg>
<msg timestamp="20210409 10:47:15.016" level="INFO">POST Request : url=https://mg-staging.sandais.com/provisioningapis/api/v1/Account/CreateAccount 
 path_url=/provisioningapis/api/v1/Account/CreateAccount 
 headers={'User-Agent': 'python-requests/2.25.1', 'Accept-Encoding': 'gzip, deflate', 'Accept': '*/*', 'Connection': 'keep-alive', 'Content-Type': 'application/json', 'x-ais-UserName': 'AisPartner', 'x-ais-OrderRef': 'CreateAccount_09042021104714', 'x-ais-OrderDesc': 'CreateAccount', 'x-ais-AccessToken': 'Bearer Q2fLUj3Go/nOqZyrJ6FnhSYfeOn1ZSwT0V0ycpecp/S8G3Vu9DD/qLF6WJcjQMRlKIO1U/gfXg2C7HYTAUve2kWbxBhqkK8ml+8QQAvQKleSf2pe/jHMMMPgj8E1ekdRNRNHSXYJnvN9GOENjUqqw26onqTUlbuLceqgzLAVpRUoVVsksNP5MSpSmIGP3BkbUhxxQFXQuZW8W/AtN7G/RjbcKaYarVLhK/s8BSZ0SAHD1i5KX3AWMQHCvFfqZNf+53X4e8+mMCnvx/+b5FEoB2fCWCJJgzvf', 'Content-Length': '86'} 
 body={"PartnerID": "606fce4263fa0e0001bfa054", "AccountName": "Jida_TestAccountname301546"} 
 </msg>
<msg timestamp="20210409 10:47:15.016" level="INFO">POST Response : url=https://mg-staging.sandais.com/provisioningapis/api/v1/Account/CreateAccount 
 status=201, reason=Created 
 headers={'Server': 'nginx', 'Date': 'Fri, 09 Apr 2021 03:47:14 GMT', 'Content-Type': 'application/json; charset=utf-8', 'Transfer-Encoding': 'chunked', 'Connection': 'keep-alive', 'x-ais-orderref': 'CreateAccount_09042021104714', 'x-frame-options': 'DENY', 'x-xss-protection': '1; mode=block', 'x-content-type-options': 'nosniff', 'strict-transport-security': 'max-age=31536000', 'content-security-policy': "script-src 'self' 'unsafe-inline' 'unsafe-eval'", 'x-envoy-upstream-service-time': '19', 'x-envoy-decorator-operation': 'provisioningapis.magellanstaging.svc.cluster.local:80/*'} 
 body={"PartnerInfo":{"PartnerId":"606fce4263fa0e0001bfa054","PartnerName":"Jida_TestPartnerName301546","PartnerType":["Supplier","Customer"],"PartnerDetail":{"MerchantContact":"Jida_TestMerchantContact@ais.co.th","CPID":"Jida_TesCPID@ais.co.th"},"AccountInfo":[{"AccountId":"606fce4263fa0e0001bfa057","AccountName":"Jida_TestAccountname301546","CreatedDate":"2021-04-09T10:47:14.7082055+07:00"}],"Property":{"RouteEngine":"false"},"CreateDate":"2021-04-09T10:47:14.493+07:00"},"OperationStatus":{"Code":"20100","Description":"CreateAccount is Success"}} 
 </msg>
<msg timestamp="20210409 10:47:15.016" level="INFO">${res} = &lt;Response [201]&gt;</msg>
<status status="PASS" starttime="20210409 10:47:14.827" endtime="20210409 10:47:15.016"></status>
</kw>
<msg timestamp="20210409 10:47:15.017" level="INFO">${res} = {'PartnerInfo': {'PartnerId': '606fce4263fa0e0001bfa054', 'PartnerName': 'Jida_TestPartnerName301546', 'PartnerType': ['Supplier', 'Customer'], 'PartnerDetail': {'MerchantContact': 'Jida_TestMerchantC...</msg>
<status status="PASS" starttime="20210409 10:47:14.825" endtime="20210409 10:47:15.017"></status>
</kw>
<kw name="Response ResultCode Should Have" library="Keyword_Request">
<arguments>
<arg>${res}</arg>
<arg>${CREATEACCOUNT}</arg>
<arg>${FIELD_OPERATIONSTATUS}</arg>
<arg>${FIELD_CODE}</arg>
<arg>${FIELD_DESCRIPTION}</arg>
</arguments>
<kw name="Get From Dictionary" library="Collections">
<doc>Returns a value from the given ``dictionary`` based on the given ``key``.</doc>
<arguments>
<arg>${res_json}</arg>
<arg>${field_OperationStatus}</arg>
</arguments>
<assign>
<var>${operationStatus}</var>
</assign>
<msg timestamp="20210409 10:47:15.019" level="INFO">${operationStatus} = {'Code': '20100', 'Description': 'CreateAccount is Success'}</msg>
<status status="PASS" starttime="20210409 10:47:15.018" endtime="20210409 10:47:15.019"></status>
</kw>
<kw name="Get From Dictionary" library="Collections">
<doc>Returns a value from the given ``dictionary`` based on the given ``key``.</doc>
<arguments>
<arg>${operationStatus}</arg>
<arg>${field_Code}</arg>
</arguments>
<assign>
<var>${resultCode}</var>
</assign>
<msg timestamp="20210409 10:47:15.019" level="INFO">${resultCode} = 20100</msg>
<status status="PASS" starttime="20210409 10:47:15.019" endtime="20210409 10:47:15.019"></status>
</kw>
<kw name="Get From Dictionary" library="Collections">
<doc>Returns a value from the given ``dictionary`` based on the given ``key``.</doc>
<arguments>
<arg>${operationStatus}</arg>
<arg>${field_Description}</arg>
</arguments>
<assign>
<var>${resultDescription}</var>
</assign>
<msg timestamp="20210409 10:47:15.020" level="INFO">${resultDescription} = CreateAccount is Success</msg>
<status status="PASS" starttime="20210409 10:47:15.019" endtime="20210409 10:47:15.020"></status>
</kw>
<kw name="Run Keyword If" library="BuiltIn">
<doc>Runs the given keyword with the given arguments, if ``condition`` is true.</doc>
<arguments>
<arg>${resultCode} == ${VALUE_RESULTCODE_20000}</arg>
<arg>Response ResultCode Should Have Success</arg>
<arg>${resultCode}</arg>
<arg>${resultDescription}</arg>
<arg>${res_name}</arg>
</arguments>
<status status="PASS" starttime="20210409 10:47:15.020" endtime="20210409 10:47:15.020"></status>
</kw>
<kw name="Run Keyword If" library="BuiltIn">
<doc>Runs the given keyword with the given arguments, if ``condition`` is true.</doc>
<arguments>
<arg>${resultCode} == ${VALUE_RESULTCODE_20100}</arg>
<arg>Response ResultCode Should Have Success</arg>
<arg>${resultCode}</arg>
<arg>${resultDescription}</arg>
<arg>${res_name}</arg>
</arguments>
<kw name="Response ResultCode Should Have Success" library="Keyword_Request">
<arguments>
<arg>${resultCode}</arg>
<arg>${resultDescription}</arg>
<arg>${res_name}</arg>
</arguments>
<kw name="Run Keyword If" library="BuiltIn">
<doc>Runs the given keyword with the given arguments, if ``condition`` is true.</doc>
<arguments>
<arg>${resultCode} == ${VALUE_RESULTCODE_20000}</arg>
<arg>Should Be Equal As Strings</arg>
<arg>${resultCode}</arg>
<arg>${VALUE_RESULTCODE_20000}</arg>
<arg>ELSE IF</arg>
<arg>${resultCode} == ${VALUE_RESULTCODE_20100}</arg>
<arg>Should Be Equal As Strings</arg>
<arg>${resultCode}</arg>
<arg>${VALUE_RESULTCODE_20100}</arg>
</arguments>
<kw name="Should Be Equal As Strings" library="BuiltIn">
<doc>Fails if objects are unequal after converting them to strings.</doc>
<arguments>
<arg>${resultCode}</arg>
<arg>${VALUE_RESULTCODE_20100}</arg>
</arguments>
<status status="PASS" starttime="20210409 10:47:15.022" endtime="20210409 10:47:15.022"></status>
</kw>
<status status="PASS" starttime="20210409 10:47:15.021" endtime="20210409 10:47:15.022"></status>
</kw>
<kw name="Run Keyword If" library="BuiltIn">
<doc>Runs the given keyword with the given arguments, if ``condition`` is true.</doc>
<arguments>
<arg>'${res_name}' == '${SINGNIN}'</arg>
<arg>Should Be Equal As Strings</arg>
<arg>${resultDescription}</arg>
<arg>${VALUE_DESCRIPTION_SINGNIN_SUCCESS}</arg>
</arguments>
<status status="PASS" starttime="20210409 10:47:15.022" endtime="20210409 10:47:15.023"></status>
</kw>
<kw name="Run Keyword If" library="BuiltIn">
<doc>Runs the given keyword with the given arguments, if ``condition`` is true.</doc>
<arguments>
<arg>'${res_name}' == '${CREATEPARTNER}'</arg>
<arg>Should Be Equal As Strings</arg>
<arg>${resultDescription}</arg>
<arg>${VALUE_DESCRIPTION_CREATEPARTNER_SUCCESS}</arg>
</arguments>
<status status="PASS" starttime="20210409 10:47:15.023" endtime="20210409 10:47:15.023"></status>
</kw>
<kw name="Run Keyword If" library="BuiltIn">
<doc>Runs the given keyword with the given arguments, if ``condition`` is true.</doc>
<arguments>
<arg>'${res_name}' == '${CREATEACCOUNT}'</arg>
<arg>Should Be Equal As Strings</arg>
<arg>${resultDescription}</arg>
<arg>${VALUE_DESCRIPTION_CREATEACCOUNT_SUCCESS}</arg>
</arguments>
<kw name="Should Be Equal As Strings" library="BuiltIn">
<doc>Fails if objects are unequal after converting them to strings.</doc>
<arguments>
<arg>${resultDescription}</arg>
<arg>${VALUE_DESCRIPTION_CREATEACCOUNT_SUCCESS}</arg>
</arguments>
<status status="PASS" starttime="20210409 10:47:15.024" endtime="20210409 10:47:15.024"></status>
</kw>
<status status="PASS" starttime="20210409 10:47:15.023" endtime="20210409 10:47:15.024"></status>
</kw>
<kw name="Run Keyword If" library="BuiltIn">
<doc>Runs the given keyword with the given arguments, if ``condition`` is true.</doc>
<arguments>
<arg>'${res_name}' == '${CREATETHING}'</arg>
<arg>Should Be Equal As Strings</arg>
<arg>${resultDescription}</arg>
<arg>${VALUE_DESCRIPTION_CREATETHING_SUCCESS}</arg>
</arguments>
<status status="PASS" starttime="20210409 10:47:15.025" endtime="20210409 10:47:15.025"></status>
</kw>
<kw name="Run Keyword If" library="BuiltIn">
<doc>Runs the given keyword with the given arguments, if ``condition`` is true.</doc>
<arguments>
<arg>'${res_name}' == '${CREATETHINGSTATEINFO}'</arg>
<arg>Should Be Equal As Strings</arg>
<arg>${resultDescription}</arg>
<arg>${VALUE_DESCRIPTION_CREATETHINGSTATEINFO_SUCCESS}</arg>
</arguments>
<status status="PASS" starttime="20210409 10:47:15.025" endtime="20210409 10:47:15.025"></status>
</kw>
<kw name="Run Keyword If" library="BuiltIn">
<doc>Runs the given keyword with the given arguments, if ``condition`` is true.</doc>
<arguments>
<arg>'${res_name}' == '${CREATECONFIGGROUP}'</arg>
<arg>Should Be Equal As Strings</arg>
<arg>${resultDescription}</arg>
<arg>${VALUE_DESCRIPTION_CREATECONFIGGROUP_SUCCESS}</arg>
</arguments>
<status status="PASS" starttime="20210409 10:47:15.025" endtime="20210409 10:47:15.026"></status>
</kw>
<kw name="Run Keyword If" library="BuiltIn">
<doc>Runs the given keyword with the given arguments, if ``condition`` is true.</doc>
<arguments>
<arg>'${res_name}' == '${CREATECONTROLTHING}'</arg>
<arg>Should Be Equal As Strings</arg>
<arg>${resultDescription}</arg>
<arg>${VALUE_DESCRIPTION_CREATECONTROLTHING_SUCCESS}</arg>
</arguments>
<status status="PASS" starttime="20210409 10:47:15.026" endtime="20210409 10:47:15.026"></status>
</kw>
<kw name="Run Keyword If" library="BuiltIn">
<doc>Runs the given keyword with the given arguments, if ``condition`` is true.</doc>
<arguments>
<arg>'${res_name}' == '${REMOVEPARTNER}'</arg>
<arg>Should Be Equal As Strings</arg>
<arg>${resultDescription}</arg>
<arg>${VALUE_DESCRIPTION_REMOVEPARTNER_SUCCESS}</arg>
</arguments>
<status status="PASS" starttime="20210409 10:47:15.026" endtime="20210409 10:47:15.027"></status>
</kw>
<kw name="Run Keyword If" library="BuiltIn">
<doc>Runs the given keyword with the given arguments, if ``condition`` is true.</doc>
<arguments>
<arg>'${res_name}' == '${REMOVEACCOUNT}'</arg>
<arg>Should Be Equal As Strings</arg>
<arg>${resultDescription}</arg>
<arg>${VALUE_DESCRIPTION_REMOVEACCOUNT_SUCCESS}</arg>
</arguments>
<status status="PASS" starttime="20210409 10:47:15.027" endtime="20210409 10:47:15.027"></status>
</kw>
<kw name="Run Keyword If" library="BuiltIn">
<doc>Runs the given keyword with the given arguments, if ``condition`` is true.</doc>
<arguments>
<arg>'${res_name}' == '${REMOVETHING}'</arg>
<arg>Should Be Equal As Strings</arg>
<arg>${resultDescription}</arg>
<arg>${VALUE_DESCRIPTION_REMOVETHING_SUCCESS}</arg>
</arguments>
<status status="PASS" starttime="20210409 10:47:15.027" endtime="20210409 10:47:15.028"></status>
</kw>
<kw name="Run Keyword If" library="BuiltIn">
<doc>Runs the given keyword with the given arguments, if ``condition`` is true.</doc>
<arguments>
<arg>'${res_name}' == '${REMOVETHINGSTATEINFO}'</arg>
<arg>Should Be Equal As Strings</arg>
<arg>${resultDescription}</arg>
<arg>${VALUE_DESCRIPTION_REMOVETHINGSTATEINFO_SUCCESS}</arg>
</arguments>
<status status="PASS" starttime="20210409 10:47:15.028" endtime="20210409 10:47:15.028"></status>
</kw>
<kw name="Run Keyword If" library="BuiltIn">
<doc>Runs the given keyword with the given arguments, if ``condition`` is true.</doc>
<arguments>
<arg>'${res_name}' == '${REMOVETHINGFROMACCOUNT}'</arg>
<arg>Should Be Equal As Strings</arg>
<arg>${resultDescription}</arg>
<arg>${VALUE_DESCRIPTION_REMOVETHINGFROMACCOUNT_SUCCESS}</arg>
</arguments>
<status status="PASS" starttime="20210409 10:47:15.028" endtime="20210409 10:47:15.028"></status>
</kw>
<kw name="Run Keyword If" library="BuiltIn">
<doc>Runs the given keyword with the given arguments, if ``condition`` is true.</doc>
<arguments>
<arg>'${res_name}' == '${REMOVECONFIGGROUP}'</arg>
<arg>Should Be Equal As Strings</arg>
<arg>${resultDescription}</arg>
<arg>${VALUE_DESCRIPTION_REMOVECONFIGGROUP_SUCCESS}</arg>
</arguments>
<status status="PASS" starttime="20210409 10:47:15.028" endtime="20210409 10:47:15.029"></status>
</kw>
<kw name="Run Keyword If" library="BuiltIn">
<doc>Runs the given keyword with the given arguments, if ``condition`` is true.</doc>
<arguments>
<arg>'${res_name}' == '${UPDATEACCOUNT}'</arg>
<arg>Should Be Equal As Strings</arg>
<arg>${resultDescription}</arg>
<arg>${VALUE_DESCRIPTION_UPDATEACCOUNT_SUCCESS}</arg>
</arguments>
<status status="PASS" starttime="20210409 10:47:15.029" endtime="20210409 10:47:15.029"></status>
</kw>
<kw name="Run Keyword If" library="BuiltIn">
<doc>Runs the given keyword with the given arguments, if ``condition`` is true.</doc>
<arguments>
<arg>'${res_name}' == '${INQUIRYTHING}'</arg>
<arg>Should Be Equal As Strings</arg>
<arg>${resultDescription}</arg>
<arg>${VALUE_DESCRIPTION_INQUIRYTHING_SUCCESS}</arg>
</arguments>
<status status="PASS" starttime="20210409 10:47:15.029" endtime="20210409 10:47:15.029"></status>
</kw>
<kw name="Run Keyword If" library="BuiltIn">
<doc>Runs the given keyword with the given arguments, if ``condition`` is true.</doc>
<arguments>
<arg>'${res_name}' == '${INQUIRYCONFIGGROUP}'</arg>
<arg>Should Be Equal As Strings</arg>
<arg>${resultDescription}</arg>
<arg>${VALUE_DESCRIPTION_INQUIRYCONFIGGROUP_SUCCESS}</arg>
</arguments>
<status status="PASS" starttime="20210409 10:47:15.030" endtime="20210409 10:47:15.030"></status>
</kw>
<kw name="Run Keyword If" library="BuiltIn">
<doc>Runs the given keyword with the given arguments, if ``condition`` is true.</doc>
<arguments>
<arg>'${res_name}' == '${INQUIRYACCOUNT}'</arg>
<arg>Should Be Equal As Strings</arg>
<arg>${resultDescription}</arg>
<arg>${VALUE_DESCRIPTION_INQUIRYACCOUNT_SUCCESS}</arg>
</arguments>
<status status="PASS" starttime="20210409 10:47:15.030" endtime="20210409 10:47:15.030"></status>
</kw>
<status status="PASS" starttime="20210409 10:47:15.021" endtime="20210409 10:47:15.030"></status>
</kw>
<status status="PASS" starttime="20210409 10:47:15.020" endtime="20210409 10:47:15.030"></status>
</kw>
<kw name="Run Keyword If" library="BuiltIn">
<doc>Runs the given keyword with the given arguments, if ``condition`` is true.</doc>
<arguments>
<arg>${resultCode} != ${VALUE_RESULTCODE_20000} and ${resultCode} != ${VALUE_RESULTCODE_20100}</arg>
<arg>Fail</arg>
<arg>msg=[${resultCode}:${resultDescription}]</arg>
</arguments>
<status status="PASS" starttime="20210409 10:47:15.031" endtime="20210409 10:47:15.031"></status>
</kw>
<status status="PASS" starttime="20210409 10:47:15.017" endtime="20210409 10:47:15.031"></status>
</kw>
<kw name="Get From Dictionary" library="Collections">
<doc>Returns a value from the given ``dictionary`` based on the given ``key``.</doc>
<arguments>
<arg>${res}</arg>
<arg>${FIELD_PARTNERINFO}</arg>
</arguments>
<assign>
<var>${PartnerInfo}</var>
</assign>
<msg timestamp="20210409 10:47:15.031" level="INFO">${PartnerInfo} = {'PartnerId': '606fce4263fa0e0001bfa054', 'PartnerName': 'Jida_TestPartnerName301546', 'PartnerType': ['Supplier', 'Customer'], 'PartnerDetail': {'MerchantContact': 'Jida_TestMerchantContact@ais.co.th...</msg>
<status status="PASS" starttime="20210409 10:47:15.031" endtime="20210409 10:47:15.031"></status>
</kw>
<kw name="Get From Dictionary" library="Collections">
<doc>Returns a value from the given ``dictionary`` based on the given ``key``.</doc>
<arguments>
<arg>${PartnerInfo}</arg>
<arg>${FIELD_ACCOUNTINFO}</arg>
</arguments>
<assign>
<var>${AccountInfo}</var>
</assign>
<msg timestamp="20210409 10:47:15.032" level="INFO">${AccountInfo} = [{'AccountId': '606fce4263fa0e0001bfa057', 'AccountName': 'Jida_TestAccountname301546', 'CreatedDate': '2021-04-09T10:47:14.7082055+07:00'}]</msg>
<status status="PASS" starttime="20210409 10:47:15.032" endtime="20210409 10:47:15.032"></status>
</kw>
<kw name="Get From Dictionary" library="Collections">
<doc>Returns a value from the given ``dictionary`` based on the given ``key``.</doc>
<arguments>
<arg>${AccountInfo}[0]</arg>
<arg>${FIELD_ACCOUNTNAME}</arg>
</arguments>
<assign>
<var>${GetResponse_AccountName}</var>
</assign>
<msg timestamp="20210409 10:47:15.032" level="INFO">${GetResponse_AccountName} = Jida_TestAccountname301546</msg>
<status status="PASS" starttime="20210409 10:47:15.032" endtime="20210409 10:47:15.033"></status>
</kw>
<kw name="Get From Dictionary" library="Collections">
<doc>Returns a value from the given ``dictionary`` based on the given ``key``.</doc>
<arguments>
<arg>${AccountInfo}[0]</arg>
<arg>${FIELD_ACCOUNTID}</arg>
</arguments>
<assign>
<var>${GetResponse_AccountId}</var>
</assign>
<msg timestamp="20210409 10:47:15.034" level="INFO">${GetResponse_AccountId} = 606fce4263fa0e0001bfa057</msg>
<status status="PASS" starttime="20210409 10:47:15.033" endtime="20210409 10:47:15.034"></status>
</kw>
<msg timestamp="20210409 10:47:15.034" level="INFO">${postCreateAccount} = ['606fce4263fa0e0001bfa057', 'Jida_TestAccountname301546']</msg>
<status status="PASS" starttime="20210409 10:47:14.821" endtime="20210409 10:47:15.034"></status>
</kw>
<kw name="Create Thing" library="Keyword_CreateData">
<arguments>
<arg>${URL_STAGING}</arg>
<arg>${accessToken}</arg>
<arg>${postCreateAccount}[0]</arg>
<arg>${postCreateAccount}[1]</arg>
</arguments>
<assign>
<var>${postCreateThing}</var>
</assign>
<kw name="Change format date now" library="Keyword_Datetime">
<arguments>
<arg>${DDMMYYYYHMS_NOW}</arg>
</arguments>
<assign>
<var>${current_timestamp}</var>
</assign>
<kw name="Evaluate" library="BuiltIn">
<doc>Evaluates the given expression in Python and returns the result.</doc>
<arguments>
<arg>'${format}'.format(dt=datetime.datetime.now())</arg>
<arg>modules=datetime</arg>
</arguments>
<assign>
<var>${now}</var>
</assign>
<msg timestamp="20210409 10:47:15.036" level="INFO">${now} = 09042021104715</msg>
<status status="PASS" starttime="20210409 10:47:15.036" endtime="20210409 10:47:15.036"></status>
</kw>
<msg timestamp="20210409 10:47:15.037" level="INFO">${current_timestamp} = 09042021104715</msg>
<status status="PASS" starttime="20210409 10:47:15.035" endtime="20210409 10:47:15.037"></status>
</kw>
<kw name="Create Dictionary" library="BuiltIn">
<doc>Creates and returns a dictionary based on the given ``items``.</doc>
<arguments>
<arg>Content-Type=${HEADER_CONTENT_TYPE}</arg>
<arg>x-ais-UserName=${HEADER_X_AIS_USERNAME_AISPARTNER}</arg>
<arg>x-ais-OrderRef=${HEADER_X_AIS_ORDERREF_CREATETHING}${current_timestamp}</arg>
<arg>x-ais-OrderDesc=${HEADER_X_AIS_ORDERDESC_CREATETHING}</arg>
<arg>x-ais-AccessToken=Bearer ${accessToken}</arg>
<arg>x-ais-AccountKey=${AccountId}</arg>
<arg>Accept=${HEADER_ACCEPT}</arg>
</arguments>
<assign>
<var>${headers}</var>
</assign>
<msg timestamp="20210409 10:47:15.038" level="INFO">${headers} = {'Content-Type': 'application/json', 'x-ais-UserName': 'AisPartner', 'x-ais-OrderRef': 'CreateThing_09042021104715', 'x-ais-OrderDesc': 'CreateThing', 'x-ais-AccessToken': 'Bearer Q2fLUj3Go/nOqZyrJ6Fn...</msg>
<status status="PASS" starttime="20210409 10:47:15.037" endtime="20210409 10:47:15.038"></status>
</kw>
<kw name="Evaluate" library="BuiltIn">
<doc>Evaluates the given expression in Python and returns the result.</doc>
<arguments>
<arg>random.randint(10000000, 99999999)</arg>
<arg>random</arg>
</arguments>
<assign>
<var>${randomIM1}</var>
</assign>
<msg timestamp="20210409 10:47:15.038" level="INFO">${randomIM1} = 31615856</msg>
<status status="PASS" starttime="20210409 10:47:15.038" endtime="20210409 10:47:15.038"></status>
</kw>
<kw name="Evaluate" library="BuiltIn">
<doc>Evaluates the given expression in Python and returns the result.</doc>
<arguments>
<arg>random.randint(1000000, 9999999)</arg>
<arg>random</arg>
</arguments>
<assign>
<var>${randomIM2}</var>
</assign>
<msg timestamp="20210409 10:47:15.039" level="INFO">${randomIM2} = 6955646</msg>
<status status="PASS" starttime="20210409 10:47:15.038" endtime="20210409 10:47:15.039"></status>
</kw>
<kw name="Set Variable" library="BuiltIn">
<doc>Returns the given values which can then be assigned to a variables.</doc>
<arguments>
<arg>${randomIM1} ${randomIM2}</arg>
</arguments>
<assign>
<var>${random_IM}</var>
</assign>
<msg timestamp="20210409 10:47:15.039" level="INFO">${random_IM} = 31615856 6955646</msg>
<status status="PASS" starttime="20210409 10:47:15.039" endtime="20210409 10:47:15.039"></status>
</kw>
<kw name="Evaluate" library="BuiltIn">
<doc>Evaluates the given expression in Python and returns the result.</doc>
<arguments>
<arg>random.randint(1000000, 9999999)</arg>
<arg>random</arg>
</arguments>
<assign>
<var>${randomICCID1}</var>
</assign>
<msg timestamp="20210409 10:47:15.040" level="INFO">${randomICCID1} = 8870633</msg>
<status status="PASS" starttime="20210409 10:47:15.039" endtime="20210409 10:47:15.040"></status>
</kw>
<kw name="Evaluate" library="BuiltIn">
<doc>Evaluates the given expression in Python and returns the result.</doc>
<arguments>
<arg>random.randint(100000, 999999)</arg>
<arg>random</arg>
</arguments>
<assign>
<var>${randomICCID2}</var>
</assign>
<msg timestamp="20210409 10:47:15.040" level="INFO">${randomICCID2} = 292352</msg>
<status status="PASS" starttime="20210409 10:47:15.040" endtime="20210409 10:47:15.040"></status>
</kw>
<kw name="Set Variable" library="BuiltIn">
<doc>Returns the given values which can then be assigned to a variables.</doc>
<arguments>
<arg>${randomICCID1} ${randomICCID2}</arg>
</arguments>
<assign>
<var>${random_ICCID}</var>
</assign>
<msg timestamp="20210409 10:47:15.040" level="INFO">${random_ICCID} = 8870633 292352</msg>
<status status="PASS" starttime="20210409 10:47:15.040" endtime="20210409 10:47:15.040"></status>
</kw>
<kw name="Generate Random String" library="String">
<doc>Generates a string with a desired ``length`` from the given ``chars``.</doc>
<arguments>
<arg>6</arg>
<arg>[NUMBERS]</arg>
</arguments>
<assign>
<var>${random_number}</var>
</assign>
<msg timestamp="20210409 10:47:15.041" level="INFO">${random_number} = 847236</msg>
<status status="PASS" starttime="20210409 10:47:15.041" endtime="20210409 10:47:15.041"></status>
</kw>
<kw name="Set Variable" library="BuiltIn">
<doc>Returns the given values which can then be assigned to a variables.</doc>
<arguments>
<arg>${VALUE_THINGNAME}${random_number}</arg>
</arguments>
<assign>
<var>${ThingName}</var>
</assign>
<msg timestamp="20210409 10:47:15.041" level="INFO">${ThingName} = Sensor_TestThingName847236</msg>
<status status="PASS" starttime="20210409 10:47:15.041" endtime="20210409 10:47:15.041"></status>
</kw>
<kw name="Evaluate" library="BuiltIn">
<doc>Evaluates the given expression in Python and returns the result.</doc>
<arguments>
<arg>{"ThingName": "${ThingName}","IMEI": "${random_IM}","IMSI": "${random_IM}","ICCID": "${random_ICCID}","RouteUrl": ["http://10.12.3.4:2019/api/information/AddInformation"],"RouteInfo": {"MIMO_ID": "606edada","MIMO_SerialNo": 5466758878},"RouteFlag": {"ThingName": "true","ThingToken": "true","IMEI": "true","ICCID": "true","RouteInfo": "true"}}</arg>
</arguments>
<assign>
<var>${data}</var>
</assign>
<msg timestamp="20210409 10:47:15.042" level="INFO">${data} = {'ThingName': 'Sensor_TestThingName847236', 'IMEI': '31615856 6955646', 'IMSI': '31615856 6955646', 'ICCID': '8870633 292352', 'RouteUrl': ['http://10.12.3.4:2019/api/information/AddInformation'], 'Ro...</msg>
<status status="PASS" starttime="20210409 10:47:15.041" endtime="20210409 10:47:15.042"></status>
</kw>
<kw name="Post Api Request" library="Keyword_Request">
<arguments>
<arg>${url}${PROVISIONINGAPIS}</arg>
<arg>${URL_CREATETHING}</arg>
<arg>${headers}</arg>
<arg>${data}</arg>
</arguments>
<assign>
<var>${res}</var>
</assign>
<kw name="Create Session" library="RequestsLibrary">
<doc>Create Session: create a HTTP session to a server</doc>
<arguments>
<arg>${NAME_SESSION_POST}</arg>
<arg>${url}</arg>
<arg>verify=true</arg>
</arguments>
<msg timestamp="20210409 10:47:15.043" level="INFO">Creating Session using : alias=POSTAPI, url=https://mg-staging.sandais.com/provisioningapis, headers={},                     cookies={}, auth=None, timeout=None, proxies=None, verify=True,                     debug=0 </msg>
<status status="PASS" starttime="20210409 10:47:15.043" endtime="20210409 10:47:15.043"></status>
</kw>
<kw name="Post Request" library="RequestsLibrary">
<doc>*DEPRECATED* Please use `POST On Session` instead.</doc>
<arguments>
<arg>${NAME_SESSION_POST}</arg>
<arg>${pathUrl}</arg>
<arg>data=${data}</arg>
<arg>headers=${headers}</arg>
</arguments>
<assign>
<var>${res}</var>
</assign>
<msg timestamp="20210409 10:47:15.044" level="WARN">Keyword 'RequestsLibrary.Post Request' is deprecated. Please use `POST On Session` instead.</msg>
<msg timestamp="20210409 10:47:15.264" level="INFO">POST Request : url=https://mg-staging.sandais.com/provisioningapis/api/v1/Thing/CreateThing 
 path_url=/provisioningapis/api/v1/Thing/CreateThing 
 headers={'User-Agent': 'python-requests/2.25.1', 'Accept-Encoding': 'gzip, deflate', 'Accept': '*/*', 'Connection': 'keep-alive', 'Content-Type': 'application/json', 'x-ais-UserName': 'AisPartner', 'x-ais-OrderRef': 'CreateThing_09042021104715', 'x-ais-OrderDesc': 'CreateThing', 'x-ais-AccessToken': 'Bearer Q2fLUj3Go/nOqZyrJ6FnhSYfeOn1ZSwT0V0ycpecp/S8G3Vu9DD/qLF6WJcjQMRlKIO1U/gfXg2C7HYTAUve2kWbxBhqkK8ml+8QQAvQKleSf2pe/jHMMMPgj8E1ekdRNRNHSXYJnvN9GOENjUqqw26onqTUlbuLceqgzLAVpRUoVVsksNP5MSpSmIGP3BkbUhxxQFXQuZW8W/AtN7G/RjbcKaYarVLhK/s8BSZ0SAHD1i5KX3AWMQHCvFfqZNf+53X4e8+mMCnvx/+b5FEoB2fCWCJJgzvf', 'x-ais-AccountKey': '606fce4263fa0e0001bfa057', 'Content-Length': '375'} 
 body={"ThingName": "Sensor_TestThingName847236", "IMEI": "31615856 6955646", "IMSI": "31615856 6955646", "ICCID": "8870633 292352", "RouteUrl": ["http://10.12.3.4:2019/api/information/AddInformation"], "RouteInfo": {"MIMO_ID": "606edada", "MIMO_SerialNo": 5466758878}, "RouteFlag": {"ThingName": "true", "ThingToken": "true", "IMEI": "true", "ICCID": "true", "RouteInfo": "true"}} 
 </msg>
<msg timestamp="20210409 10:47:15.264" level="INFO">POST Response : url=https://mg-staging.sandais.com/provisioningapis/api/v1/Thing/CreateThing 
 status=201, reason=Created 
 headers={'Server': 'nginx', 'Date': 'Fri, 09 Apr 2021 03:47:14 GMT', 'Content-Type': 'application/json; charset=utf-8', 'Transfer-Encoding': 'chunked', 'Connection': 'keep-alive', 'x-ais-orderref': 'CreateThing_09042021104715', 'x-frame-options': 'DENY', 'x-xss-protection': '1; mode=block', 'x-content-type-options': 'nosniff', 'strict-transport-security': 'max-age=31536000', 'content-security-policy': "script-src 'self' 'unsafe-inline' 'unsafe-eval'", 'x-envoy-upstream-service-time': '65', 'x-envoy-decorator-operation': 'provisioningapis.magellanstaging.svc.cluster.local:80/*'} 
 body={"ThingInfo":{"ThingId":"606fce4263fa0e0001bfa05f","ThingName":"Sensor_TestThingName847236","ThingToken":"089ab366-ef37-4628-a04a-4551877a6799","IMEI":"316158566955646","IMSI":"316158566955646","ICCID":"8966038870633292352","RouteInfo":{"MIMO_ID":"606edada","MIMO_SerialNo":5466758878}},"OperationStatus":{"Code":"20100","Description":"CreateThing is Success"}} 
 </msg>
<msg timestamp="20210409 10:47:15.264" level="INFO">${res} = &lt;Response [201]&gt;</msg>
<status status="PASS" starttime="20210409 10:47:15.043" endtime="20210409 10:47:15.264"></status>
</kw>
<msg timestamp="20210409 10:47:15.265" level="INFO">${res} = {'ThingInfo': {'ThingId': '606fce4263fa0e0001bfa05f', 'ThingName': 'Sensor_TestThingName847236', 'ThingToken': '089ab366-ef37-4628-a04a-4551877a6799', 'IMEI': '316158566955646', 'IMSI': '3161585669556...</msg>
<status status="PASS" starttime="20210409 10:47:15.042" endtime="20210409 10:47:15.265"></status>
</kw>
<kw name="Response ResultCode Should Have" library="Keyword_Request">
<arguments>
<arg>${res}</arg>
<arg>${CREATETHING}</arg>
<arg>${FIELD_OPERATIONSTATUS}</arg>
<arg>${FIELD_CODE}</arg>
<arg>${FIELD_DESCRIPTION}</arg>
</arguments>
<kw name="Get From Dictionary" library="Collections">
<doc>Returns a value from the given ``dictionary`` based on the given ``key``.</doc>
<arguments>
<arg>${res_json}</arg>
<arg>${field_OperationStatus}</arg>
</arguments>
<assign>
<var>${operationStatus}</var>
</assign>
<msg timestamp="20210409 10:47:15.266" level="INFO">${operationStatus} = {'Code': '20100', 'Description': 'CreateThing is Success'}</msg>
<status status="PASS" starttime="20210409 10:47:15.266" endtime="20210409 10:47:15.266"></status>
</kw>
<kw name="Get From Dictionary" library="Collections">
<doc>Returns a value from the given ``dictionary`` based on the given ``key``.</doc>
<arguments>
<arg>${operationStatus}</arg>
<arg>${field_Code}</arg>
</arguments>
<assign>
<var>${resultCode}</var>
</assign>
<msg timestamp="20210409 10:47:15.267" level="INFO">${resultCode} = 20100</msg>
<status status="PASS" starttime="20210409 10:47:15.266" endtime="20210409 10:47:15.267"></status>
</kw>
<kw name="Get From Dictionary" library="Collections">
<doc>Returns a value from the given ``dictionary`` based on the given ``key``.</doc>
<arguments>
<arg>${operationStatus}</arg>
<arg>${field_Description}</arg>
</arguments>
<assign>
<var>${resultDescription}</var>
</assign>
<msg timestamp="20210409 10:47:15.268" level="INFO">${resultDescription} = CreateThing is Success</msg>
<status status="PASS" starttime="20210409 10:47:15.267" endtime="20210409 10:47:15.268"></status>
</kw>
<kw name="Run Keyword If" library="BuiltIn">
<doc>Runs the given keyword with the given arguments, if ``condition`` is true.</doc>
<arguments>
<arg>${resultCode} == ${VALUE_RESULTCODE_20000}</arg>
<arg>Response ResultCode Should Have Success</arg>
<arg>${resultCode}</arg>
<arg>${resultDescription}</arg>
<arg>${res_name}</arg>
</arguments>
<status status="PASS" starttime="20210409 10:47:15.268" endtime="20210409 10:47:15.268"></status>
</kw>
<kw name="Run Keyword If" library="BuiltIn">
<doc>Runs the given keyword with the given arguments, if ``condition`` is true.</doc>
<arguments>
<arg>${resultCode} == ${VALUE_RESULTCODE_20100}</arg>
<arg>Response ResultCode Should Have Success</arg>
<arg>${resultCode}</arg>
<arg>${resultDescription}</arg>
<arg>${res_name}</arg>
</arguments>
<kw name="Response ResultCode Should Have Success" library="Keyword_Request">
<arguments>
<arg>${resultCode}</arg>
<arg>${resultDescription}</arg>
<arg>${res_name}</arg>
</arguments>
<kw name="Run Keyword If" library="BuiltIn">
<doc>Runs the given keyword with the given arguments, if ``condition`` is true.</doc>
<arguments>
<arg>${resultCode} == ${VALUE_RESULTCODE_20000}</arg>
<arg>Should Be Equal As Strings</arg>
<arg>${resultCode}</arg>
<arg>${VALUE_RESULTCODE_20000}</arg>
<arg>ELSE IF</arg>
<arg>${resultCode} == ${VALUE_RESULTCODE_20100}</arg>
<arg>Should Be Equal As Strings</arg>
<arg>${resultCode}</arg>
<arg>${VALUE_RESULTCODE_20100}</arg>
</arguments>
<kw name="Should Be Equal As Strings" library="BuiltIn">
<doc>Fails if objects are unequal after converting them to strings.</doc>
<arguments>
<arg>${resultCode}</arg>
<arg>${VALUE_RESULTCODE_20100}</arg>
</arguments>
<status status="PASS" starttime="20210409 10:47:15.270" endtime="20210409 10:47:15.270"></status>
</kw>
<status status="PASS" starttime="20210409 10:47:15.269" endtime="20210409 10:47:15.270"></status>
</kw>
<kw name="Run Keyword If" library="BuiltIn">
<doc>Runs the given keyword with the given arguments, if ``condition`` is true.</doc>
<arguments>
<arg>'${res_name}' == '${SINGNIN}'</arg>
<arg>Should Be Equal As Strings</arg>
<arg>${resultDescription}</arg>
<arg>${VALUE_DESCRIPTION_SINGNIN_SUCCESS}</arg>
</arguments>
[...]
<var>${current_timestamp}</var>
</assign>
<kw name="Evaluate" library="BuiltIn">
<doc>Evaluates the given expression in Python and returns the result.</doc>
<arguments>
<arg>'${format}'.format(dt=datetime.datetime.now())</arg>
<arg>modules=datetime</arg>
</arguments>
<assign>
<var>${now}</var>
</assign>
<msg timestamp="20210409 10:47:22.406" level="INFO">${now} = 09042021104722</msg>
<status status="PASS" starttime="20210409 10:47:22.405" endtime="20210409 10:47:22.406"></status>
</kw>
<msg timestamp="20210409 10:47:22.406" level="INFO">${current_timestamp} = 09042021104722</msg>
<status status="PASS" starttime="20210409 10:47:22.404" endtime="20210409 10:47:22.406"></status>
</kw>
<kw name="Create Dictionary" library="BuiltIn">
<doc>Creates and returns a dictionary based on the given ``items``.</doc>
<arguments>
<arg>Content-Type=${HEADER_CONTENT_TYPE}</arg>
<arg>x-ais-UserName=${HEADER_X_AIS_USERNAME_AISPARTNER}</arg>
<arg>x-ais-OrderRef=${HEADER_X_AIS_ORDERREF_REMOVEPARTNER}${current_timestamp}</arg>
<arg>x-ais-OrderDesc=${HEADER_X_AIS_ORDERDESC_REMOVEPARTNER}</arg>
<arg>x-ais-AccessToken=Bearer ${accessToken}</arg>
<arg>Accept=${HEADER_ACCEPT}</arg>
</arguments>
<assign>
<var>${headers}</var>
</assign>
<msg timestamp="20210409 10:47:22.407" level="INFO">${headers} = {'Content-Type': 'application/json', 'x-ais-UserName': 'AisPartner', 'x-ais-OrderRef': 'RemovePartner_09042021104722', 'x-ais-OrderDesc': 'RemovePartner', 'x-ais-AccessToken': 'Bearer Q2fLUj3Go/nOqZyr...</msg>
<status status="PASS" starttime="20210409 10:47:22.406" endtime="20210409 10:47:22.407"></status>
</kw>
<kw name="Evaluate" library="BuiltIn">
<doc>Evaluates the given expression in Python and returns the result.</doc>
<arguments>
<arg>{"PartnerId": "${PartnerId}"}</arg>
</arguments>
<assign>
<var>${data}</var>
</assign>
<msg timestamp="20210409 10:47:22.408" level="INFO">${data} = {'PartnerId': '606fce4263fa0e0001bfa054'}</msg>
<status status="PASS" starttime="20210409 10:47:22.407" endtime="20210409 10:47:22.408"></status>
</kw>
<kw name="Delete Api Request" library="Keyword_Request">
<arguments>
<arg>${url}${PROVISIONINGAPIS}</arg>
<arg>${URL_REMOVEPARTNER}</arg>
<arg>${headers}</arg>
<arg>${data}</arg>
</arguments>
<assign>
<var>${res}</var>
</assign>
<kw name="Create Session" library="RequestsLibrary">
<doc>Create Session: create a HTTP session to a server</doc>
<arguments>
<arg>${NAME_SESSION_DELETE}</arg>
<arg>${url}</arg>
<arg>verify=true</arg>
</arguments>
<msg timestamp="20210409 10:47:22.409" level="INFO">Creating Session using : alias=DELETEAPI, url=https://mg-staging.sandais.com/provisioningapis, headers={},                     cookies={}, auth=None, timeout=None, proxies=None, verify=True,                     debug=0 </msg>
<status status="PASS" starttime="20210409 10:47:22.408" endtime="20210409 10:47:22.409"></status>
</kw>
<kw name="Delete Request" library="RequestsLibrary">
<doc>*DEPRECATED* Please use `DELETE On Session` instead.</doc>
<arguments>
<arg>${NAME_SESSION_DELETE}</arg>
<arg>${pathUrl}</arg>
<arg>data=${data}</arg>
<arg>headers=${headers}</arg>
</arguments>
<assign>
<var>${res}</var>
</assign>
<msg timestamp="20210409 10:47:22.409" level="WARN">Keyword 'RequestsLibrary.Delete Request' is deprecated. Please use `DELETE On Session` instead.</msg>
<msg timestamp="20210409 10:47:22.594" level="INFO">DELETE Request : url=https://mg-staging.sandais.com/provisioningapis/api/v1/Partner/RemovePartner 
 path_url=/provisioningapis/api/v1/Partner/RemovePartner 
 headers={'User-Agent': 'python-requests/2.25.1', 'Accept-Encoding': 'gzip, deflate', 'Accept': '*/*', 'Connection': 'keep-alive', 'Content-Type': 'application/json', 'x-ais-UserName': 'AisPartner', 'x-ais-OrderRef': 'RemovePartner_09042021104722', 'x-ais-OrderDesc': 'RemovePartner', 'x-ais-AccessToken': 'Bearer Q2fLUj3Go/nOqZyrJ6FnhSYfeOn1ZSwT0V0ycpecp/S8G3Vu9DD/qLF6WJcjQMRlKIO1U/gfXg2C7HYTAUve2kWbxBhqkK8ml+8QQAvQKleSf2pe/jHMMMPgj8E1ekdRNRNHSXYJnvN9GOENjUqqw26onqTUlbuLceqgzLAVpRUoVVsksNP5MSpSmIGP3BkbUhxxQFXQuZW8W/AtN7G/RjbcKaYarVLhK/s8BSZ0SAHD1i5KX3AWMQHCvFfqZNf+53X4e8+mMCnvx/+b5FEoB2fCWCJJgzvf', 'Content-Length': '41'} 
 body={"PartnerId": "606fce4263fa0e0001bfa054"} 
 </msg>
<msg timestamp="20210409 10:47:22.594" level="INFO">DELETE Response : url=https://mg-staging.sandais.com/provisioningapis/api/v1/Partner/RemovePartner 
 status=200, reason=OK 
 headers={'Server': 'nginx', 'Date': 'Fri, 09 Apr 2021 03:47:22 GMT', 'Content-Type': 'application/json; charset=utf-8', 'Transfer-Encoding': 'chunked', 'Connection': 'keep-alive', 'x-ais-orderref': 'RemovePartner_09042021104722', 'x-frame-options': 'DENY', 'x-xss-protection': '1; mode=block', 'x-content-type-options': 'nosniff', 'strict-transport-security': 'max-age=31536000', 'content-security-policy': "script-src 'self' 'unsafe-inline' 'unsafe-eval'", 'x-envoy-upstream-service-time': '30', 'x-envoy-decorator-operation': 'provisioningapis.magellanstaging.svc.cluster.local:80/*'} 
 body={"OperationStatus":{"Code":"20000","Description":"RemovePartner is Success"}} 
 </msg>
<msg timestamp="20210409 10:47:22.594" level="INFO">${res} = &lt;Response [200]&gt;</msg>
<status status="PASS" starttime="20210409 10:47:22.409" endtime="20210409 10:47:22.594"></status>
</kw>
<msg timestamp="20210409 10:47:22.595" level="INFO">${res} = {'OperationStatus': {'Code': '20000', 'Description': 'RemovePartner is Success'}}</msg>
<status status="PASS" starttime="20210409 10:47:22.408" endtime="20210409 10:47:22.595"></status>
</kw>
<kw name="Response ResultCode Should Have" library="Keyword_Request">
<arguments>
<arg>${res}</arg>
<arg>${REMOVEPARTNER}</arg>
<arg>${FIELD_OPERATIONSTATUS}</arg>
<arg>${FIELD_CODE}</arg>
<arg>${FIELD_DESCRIPTION}</arg>
</arguments>
<kw name="Get From Dictionary" library="Collections">
<doc>Returns a value from the given ``dictionary`` based on the given ``key``.</doc>
<arguments>
<arg>${res_json}</arg>
<arg>${field_OperationStatus}</arg>
</arguments>
<assign>
<var>${operationStatus}</var>
</assign>
<msg timestamp="20210409 10:47:22.597" level="INFO">${operationStatus} = {'Code': '20000', 'Description': 'RemovePartner is Success'}</msg>
<status status="PASS" starttime="20210409 10:47:22.596" endtime="20210409 10:47:22.597"></status>
</kw>
<kw name="Get From Dictionary" library="Collections">
<doc>Returns a value from the given ``dictionary`` based on the given ``key``.</doc>
<arguments>
<arg>${operationStatus}</arg>
<arg>${field_Code}</arg>
</arguments>
<assign>
<var>${resultCode}</var>
</assign>
<msg timestamp="20210409 10:47:22.598" level="INFO">${resultCode} = 20000</msg>
<status status="PASS" starttime="20210409 10:47:22.597" endtime="20210409 10:47:22.598"></status>
</kw>
<kw name="Get From Dictionary" library="Collections">
<doc>Returns a value from the given ``dictionary`` based on the given ``key``.</doc>
<arguments>
<arg>${operationStatus}</arg>
<arg>${field_Description}</arg>
</arguments>
<assign>
<var>${resultDescription}</var>
</assign>
<msg timestamp="20210409 10:47:22.599" level="INFO">${resultDescription} = RemovePartner is Success</msg>
<status status="PASS" starttime="20210409 10:47:22.598" endtime="20210409 10:47:22.599"></status>
</kw>
<kw name="Run Keyword If" library="BuiltIn">
<doc>Runs the given keyword with the given arguments, if ``condition`` is true.</doc>
<arguments>
<arg>${resultCode} == ${VALUE_RESULTCODE_20000}</arg>
<arg>Response ResultCode Should Have Success</arg>
<arg>${resultCode}</arg>
<arg>${resultDescription}</arg>
<arg>${res_name}</arg>
</arguments>
<kw name="Response ResultCode Should Have Success" library="Keyword_Request">
<arguments>
<arg>${resultCode}</arg>
<arg>${resultDescription}</arg>
<arg>${res_name}</arg>
</arguments>
<kw name="Run Keyword If" library="BuiltIn">
<doc>Runs the given keyword with the given arguments, if ``condition`` is true.</doc>
<arguments>
<arg>${resultCode} == ${VALUE_RESULTCODE_20000}</arg>
<arg>Should Be Equal As Strings</arg>
<arg>${resultCode}</arg>
<arg>${VALUE_RESULTCODE_20000}</arg>
<arg>ELSE IF</arg>
<arg>${resultCode} == ${VALUE_RESULTCODE_20100}</arg>
<arg>Should Be Equal As Strings</arg>
<arg>${resultCode}</arg>
<arg>${VALUE_RESULTCODE_20100}</arg>
</arguments>
<kw name="Should Be Equal As Strings" library="BuiltIn">
<doc>Fails if objects are unequal after converting them to strings.</doc>
<arguments>
<arg>${resultCode}</arg>
<arg>${VALUE_RESULTCODE_20000}</arg>
</arguments>
<status status="PASS" starttime="20210409 10:47:22.601" endtime="20210409 10:47:22.601"></status>
</kw>
<status status="PASS" starttime="20210409 10:47:22.601" endtime="20210409 10:47:22.601"></status>
</kw>
<kw name="Run Keyword If" library="BuiltIn">
<doc>Runs the given keyword with the given arguments, if ``condition`` is true.</doc>
<arguments>
<arg>'${res_name}' == '${SINGNIN}'</arg>
<arg>Should Be Equal As Strings</arg>
<arg>${resultDescription}</arg>
<arg>${VALUE_DESCRIPTION_SINGNIN_SUCCESS}</arg>
</arguments>
<status status="PASS" starttime="20210409 10:47:22.602" endtime="20210409 10:47:22.602"></status>
</kw>
<kw name="Run Keyword If" library="BuiltIn">
<doc>Runs the given keyword with the given arguments, if ``condition`` is true.</doc>
<arguments>
<arg>'${res_name}' == '${CREATEPARTNER}'</arg>
<arg>Should Be Equal As Strings</arg>
<arg>${resultDescription}</arg>
<arg>${VALUE_DESCRIPTION_CREATEPARTNER_SUCCESS}</arg>
</arguments>
<status status="PASS" starttime="20210409 10:47:22.602" endtime="20210409 10:47:22.602"></status>
</kw>
<kw name="Run Keyword If" library="BuiltIn">
<doc>Runs the given keyword with the given arguments, if ``condition`` is true.</doc>
<arguments>
<arg>'${res_name}' == '${CREATEACCOUNT}'</arg>
<arg>Should Be Equal As Strings</arg>
<arg>${resultDescription}</arg>
<arg>${VALUE_DESCRIPTION_CREATEACCOUNT_SUCCESS}</arg>
</arguments>
<status status="PASS" starttime="20210409 10:47:22.602" endtime="20210409 10:47:22.603"></status>
</kw>
<kw name="Run Keyword If" library="BuiltIn">
<doc>Runs the given keyword with the given arguments, if ``condition`` is true.</doc>
<arguments>
<arg>'${res_name}' == '${CREATETHING}'</arg>
<arg>Should Be Equal As Strings</arg>
<arg>${resultDescription}</arg>
<arg>${VALUE_DESCRIPTION_CREATETHING_SUCCESS}</arg>
</arguments>
<status status="PASS" starttime="20210409 10:47:22.603" endtime="20210409 10:47:22.603"></status>
</kw>
<kw name="Run Keyword If" library="BuiltIn">
<doc>Runs the given keyword with the given arguments, if ``condition`` is true.</doc>
<arguments>
<arg>'${res_name}' == '${CREATETHINGSTATEINFO}'</arg>
<arg>Should Be Equal As Strings</arg>
<arg>${resultDescription}</arg>
<arg>${VALUE_DESCRIPTION_CREATETHINGSTATEINFO_SUCCESS}</arg>
</arguments>
<status status="PASS" starttime="20210409 10:47:22.603" endtime="20210409 10:47:22.604"></status>
</kw>
<kw name="Run Keyword If" library="BuiltIn">
<doc>Runs the given keyword with the given arguments, if ``condition`` is true.</doc>
<arguments>
<arg>'${res_name}' == '${CREATECONFIGGROUP}'</arg>
<arg>Should Be Equal As Strings</arg>
<arg>${resultDescription}</arg>
<arg>${VALUE_DESCRIPTION_CREATECONFIGGROUP_SUCCESS}</arg>
</arguments>
<status status="PASS" starttime="20210409 10:47:22.604" endtime="20210409 10:47:22.604"></status>
</kw>
<kw name="Run Keyword If" library="BuiltIn">
<doc>Runs the given keyword with the given arguments, if ``condition`` is true.</doc>
<arguments>
<arg>'${res_name}' == '${CREATECONTROLTHING}'</arg>
<arg>Should Be Equal As Strings</arg>
<arg>${resultDescription}</arg>
<arg>${VALUE_DESCRIPTION_CREATECONTROLTHING_SUCCESS}</arg>
</arguments>
<status status="PASS" starttime="20210409 10:47:22.604" endtime="20210409 10:47:22.604"></status>
</kw>
<kw name="Run Keyword If" library="BuiltIn">
<doc>Runs the given keyword with the given arguments, if ``condition`` is true.</doc>
<arguments>
<arg>'${res_name}' == '${REMOVEPARTNER}'</arg>
<arg>Should Be Equal As Strings</arg>
<arg>${resultDescription}</arg>
<arg>${VALUE_DESCRIPTION_REMOVEPARTNER_SUCCESS}</arg>
</arguments>
<kw name="Should Be Equal As Strings" library="BuiltIn">
<doc>Fails if objects are unequal after converting them to strings.</doc>
<arguments>
<arg>${resultDescription}</arg>
<arg>${VALUE_DESCRIPTION_REMOVEPARTNER_SUCCESS}</arg>
</arguments>
<status status="PASS" starttime="20210409 10:47:22.605" endtime="20210409 10:47:22.605"></status>
</kw>
<status status="PASS" starttime="20210409 10:47:22.605" endtime="20210409 10:47:22.605"></status>
</kw>
<kw name="Run Keyword If" library="BuiltIn">
<doc>Runs the given keyword with the given arguments, if ``condition`` is true.</doc>
<arguments>
<arg>'${res_name}' == '${REMOVEACCOUNT}'</arg>
<arg>Should Be Equal As Strings</arg>
<arg>${resultDescription}</arg>
<arg>${VALUE_DESCRIPTION_REMOVEACCOUNT_SUCCESS}</arg>
</arguments>
<status status="PASS" starttime="20210409 10:47:22.606" endtime="20210409 10:47:22.606"></status>
</kw>
<kw name="Run Keyword If" library="BuiltIn">
<doc>Runs the given keyword with the given arguments, if ``condition`` is true.</doc>
<arguments>
<arg>'${res_name}' == '${REMOVETHING}'</arg>
<arg>Should Be Equal As Strings</arg>
<arg>${resultDescription}</arg>
<arg>${VALUE_DESCRIPTION_REMOVETHING_SUCCESS}</arg>
</arguments>
<status status="PASS" starttime="20210409 10:47:22.606" endtime="20210409 10:47:22.606"></status>
</kw>
<kw name="Run Keyword If" library="BuiltIn">
<doc>Runs the given keyword with the given arguments, if ``condition`` is true.</doc>
<arguments>
<arg>'${res_name}' == '${REMOVETHINGSTATEINFO}'</arg>
<arg>Should Be Equal As Strings</arg>
<arg>${resultDescription}</arg>
<arg>${VALUE_DESCRIPTION_REMOVETHINGSTATEINFO_SUCCESS}</arg>
</arguments>
<status status="PASS" starttime="20210409 10:47:22.606" endtime="20210409 10:47:22.607"></status>
</kw>
<kw name="Run Keyword If" library="BuiltIn">
<doc>Runs the given keyword with the given arguments, if ``condition`` is true.</doc>
<arguments>
<arg>'${res_name}' == '${REMOVETHINGFROMACCOUNT}'</arg>
<arg>Should Be Equal As Strings</arg>
<arg>${resultDescription}</arg>
<arg>${VALUE_DESCRIPTION_REMOVETHINGFROMACCOUNT_SUCCESS}</arg>
</arguments>
<status status="PASS" starttime="20210409 10:47:22.607" endtime="20210409 10:47:22.607"></status>
</kw>
<kw name="Run Keyword If" library="BuiltIn">
<doc>Runs the given keyword with the given arguments, if ``condition`` is true.</doc>
<arguments>
<arg>'${res_name}' == '${REMOVECONFIGGROUP}'</arg>
<arg>Should Be Equal As Strings</arg>
<arg>${resultDescription}</arg>
<arg>${VALUE_DESCRIPTION_REMOVECONFIGGROUP_SUCCESS}</arg>
</arguments>
<status status="PASS" starttime="20210409 10:47:22.607" endtime="20210409 10:47:22.608"></status>
</kw>
<kw name="Run Keyword If" library="BuiltIn">
<doc>Runs the given keyword with the given arguments, if ``condition`` is true.</doc>
<arguments>
<arg>'${res_name}' == '${UPDATEACCOUNT}'</arg>
<arg>Should Be Equal As Strings</arg>
<arg>${resultDescription}</arg>
<arg>${VALUE_DESCRIPTION_UPDATEACCOUNT_SUCCESS}</arg>
</arguments>
<status status="PASS" starttime="20210409 10:47:22.608" endtime="20210409 10:47:22.608"></status>
</kw>
<kw name="Run Keyword If" library="BuiltIn">
<doc>Runs the given keyword with the given arguments, if ``condition`` is true.</doc>
<arguments>
<arg>'${res_name}' == '${INQUIRYTHING}'</arg>
<arg>Should Be Equal As Strings</arg>
<arg>${resultDescription}</arg>
<arg>${VALUE_DESCRIPTION_INQUIRYTHING_SUCCESS}</arg>
</arguments>
<status status="PASS" starttime="20210409 10:47:22.608" endtime="20210409 10:47:22.608"></status>
</kw>
<kw name="Run Keyword If" library="BuiltIn">
<doc>Runs the given keyword with the given arguments, if ``condition`` is true.</doc>
<arguments>
<arg>'${res_name}' == '${INQUIRYCONFIGGROUP}'</arg>
<arg>Should Be Equal As Strings</arg>
<arg>${resultDescription}</arg>
<arg>${VALUE_DESCRIPTION_INQUIRYCONFIGGROUP_SUCCESS}</arg>
</arguments>
<status status="PASS" starttime="20210409 10:47:22.608" endtime="20210409 10:47:22.609"></status>
</kw>
<kw name="Run Keyword If" library="BuiltIn">
<doc>Runs the given keyword with the given arguments, if ``condition`` is true.</doc>
<arguments>
<arg>'${res_name}' == '${INQUIRYACCOUNT}'</arg>
<arg>Should Be Equal As Strings</arg>
<arg>${resultDescription}</arg>
<arg>${VALUE_DESCRIPTION_INQUIRYACCOUNT_SUCCESS}</arg>
</arguments>
<status status="PASS" starttime="20210409 10:47:22.609" endtime="20210409 10:47:22.610"></status>
</kw>
<status status="PASS" starttime="20210409 10:47:22.600" endtime="20210409 10:47:22.610"></status>
</kw>
<status status="PASS" starttime="20210409 10:47:22.599" endtime="20210409 10:47:22.610"></status>
</kw>
<kw name="Run Keyword If" library="BuiltIn">
<doc>Runs the given keyword with the given arguments, if ``condition`` is true.</doc>
<arguments>
<arg>${resultCode} == ${VALUE_RESULTCODE_20100}</arg>
<arg>Response ResultCode Should Have Success</arg>
<arg>${resultCode}</arg>
<arg>${resultDescription}</arg>
<arg>${res_name}</arg>
</arguments>
<status status="PASS" starttime="20210409 10:47:22.610" endtime="20210409 10:47:22.610"></status>
</kw>
<kw name="Run Keyword If" library="BuiltIn">
<doc>Runs the given keyword with the given arguments, if ``condition`` is true.</doc>
<arguments>
<arg>${resultCode} != ${VALUE_RESULTCODE_20000} and ${resultCode} != ${VALUE_RESULTCODE_20100}</arg>
<arg>Fail</arg>
<arg>msg=[${resultCode}:${resultDescription}]</arg>
</arguments>
<status status="PASS" starttime="20210409 10:47:22.610" endtime="20210409 10:47:22.611"></status>
</kw>
<status status="PASS" starttime="20210409 10:47:22.595" endtime="20210409 10:47:22.611"></status>
</kw>
<msg timestamp="20210409 10:47:22.611" level="INFO">${postRemovePartner} = None</msg>
<status status="PASS" starttime="20210409 10:47:22.404" endtime="20210409 10:47:22.611"></status>
</kw>
<status status="PASS" starttime="20210409 10:47:21.685" endtime="20210409 10:47:22.611"></status>
</kw>
<status status="PASS" starttime="20210409 10:47:21.676" endtime="20210409 10:47:22.612" critical="yes"></status>
</test>
<status status="FAIL" starttime="20210409 10:47:09.920" endtime="20210409 10:47:22.616"></status>
</suite>
<statistics>
<total>
<stat pass="2" fail="3">Critical Tests</stat>
<stat pass="2" fail="3">All Tests</stat>
</total>
<tag>
</tag>
<suite>
<stat pass="2" fail="3" id="s1" name="TST F4 1 1 001">TST F4 1 1 001</stat>
</suite>
</statistics>
<errors>
<msg timestamp="20210409 10:47:14.416" level="WARN">Keyword 'RequestsLibrary.Post Request' is deprecated. Please use `POST On Session` instead.</msg>
<msg timestamp="20210409 10:47:14.611" level="WARN">Keyword 'RequestsLibrary.Post Request' is deprecated. Please use `POST On Session` instead.</msg>
<msg timestamp="20210409 10:47:14.827" level="WARN">Keyword 'RequestsLibrary.Post Request' is deprecated. Please use `POST On Session` instead.</msg>
<msg timestamp="20210409 10:47:15.044" level="WARN">Keyword 'RequestsLibrary.Post Request' is deprecated. Please use `POST On Session` instead.</msg>
<msg timestamp="20210409 10:47:15.293" level="WARN">Keyword 'RequestsLibrary.Post Request' is deprecated. Please use `POST On Session` instead.</msg>
<msg timestamp="20210409 10:47:15.514" level="WARN">Keyword 'RequestsLibrary.Post Request' is deprecated. Please use `POST On Session` instead.</msg>
<msg timestamp="20210409 10:47:21.502" level="WARN">Keyword 'RequestsLibrary.Post Request' is deprecated. Please use `POST On Session` instead.</msg>
<msg timestamp="20210409 10:47:21.693" level="WARN">Keyword 'RequestsLibrary.Delete Request' is deprecated. Please use `DELETE On Session` instead.</msg>
<msg timestamp="20210409 10:47:21.931" level="WARN">Keyword 'RequestsLibrary.Delete Request' is deprecated. Please use `DELETE On Session` instead.</msg>
<msg timestamp="20210409 10:47:22.146" level="WARN">Keyword 'RequestsLibrary.Delete Request' is deprecated. Please use `DELETE On Session` instead.</msg>
<msg timestamp="20210409 10:47:22.409" level="WARN">Keyword 'RequestsLibrary.Delete Request' is deprecated. Please use `DELETE On Session` instead.</msg>
</errors>
</robot>
