<?xml version="1.0" encoding="UTF-8"?>
<robot generator="Robot 3.2.2 (Python 3.9.1 on win32)" generated="20210409 16:46:40.222" rpa="false">
<suite id="s1" name="TST F4 1 1 001" source="D:\Project\Magellan_Automate_lass\Script_robot-20210409T030815Z-001\Script_robot\backup\robot_freamwork_250221\Magellan_Automate_Robotframework\Magellan_Automate_Robotframework\Magellan_Automate\test_case\AsgardApp\TST_F4_1_1_001.robot">
<test id="s1-t1" name="Create Data get">
<kw name="Add Needed Image Path" library="Keyword" type="setup">
<kw name="Add Image Path" library="SikuliLibrary">
<doc>Add image path</doc>
<arguments>
<arg>${IMAGE_DIR}</arg>
</arguments>
<msg timestamp="20210409 16:46:44.939" level="INFO">Params: []
[error] ImagePath: add: not valid:</msg>
<status status="PASS" starttime="20210409 16:46:44.922" endtime="20210409 16:46:44.939"></status>
</kw>
<status status="PASS" starttime="20210409 16:46:44.922" endtime="20210409 16:46:44.939"></status>
</kw>
<kw name="Normalize Path" library="OperatingSystem">
<doc>Normalizes the given path.</doc>
<arguments>
<arg>D:\\Project\\Magellan_Automate_lass\\Script_robot-20210409T030815Z-001\\Script_robot\\backup\\robot_freamwork_250221\\Magellan_Automate_Robotframework\\Magellan_Automate_Robotframework\\Magellan_Automate\\test_case\\AsgardApp${IMAGE_PATH_ASGARD_COAPAPP}</arg>
</arguments>
<assign>
<var>${path}</var>
</assign>
<msg timestamp="20210409 16:46:44.941" level="INFO">${path} = D:\Project\Magellan_Automate_lass\Script_robot-20210409T030815Z-001\Script_robot\backup\robot_freamwork_250221\Magellan_Automate_Robotframework\Magellan_Automate_Robotframework\Magellan_Automate\img\i...</msg>
<status status="PASS" starttime="20210409 16:46:44.940" endtime="20210409 16:46:44.941"></status>
</kw>
<kw name="Set Global Variable" library="BuiltIn">
<doc>Makes a variable available globally in all tests and suites.</doc>
<arguments>
<arg>${IMAGE_DIR}</arg>
<arg>${path}</arg>
</arguments>
<msg timestamp="20210409 16:46:44.942" level="INFO">${IMAGE_DIR} = D:\Project\Magellan_Automate_lass\Script_robot-20210409T030815Z-001\Script_robot\backup\robot_freamwork_250221\Magellan_Automate_Robotframework\Magellan_Automate_Robotframework\Magellan_Automate\img\i...</msg>
<status status="PASS" starttime="20210409 16:46:44.942" endtime="20210409 16:46:44.943"></status>
</kw>
<kw name="Log To Console" library="BuiltIn">
<doc>Logs the given message to the console.</doc>
<arguments>
<arg>${path}</arg>
</arguments>
<status status="PASS" starttime="20210409 16:46:44.945" endtime="20210409 16:46:44.949"></status>
</kw>
<kw name="Register Request CreateData for get IMSI Staging" library="Keyword_CreateData">
<assign>
<var>${getDataRequest}</var>
</assign>
<kw name="Signin" library="Keyword_CreateData">
<arguments>
<arg>${URL_STAGING}</arg>
</arguments>
<assign>
<var>${accessToken}</var>
</assign>
<kw name="Change format date now" library="Keyword_Datetime">
<arguments>
<arg>${DDMMYYYYHMS_NOW}</arg>
</arguments>
<assign>
<var>${current_timestamp}</var>
</assign>
<kw name="Evaluate" library="BuiltIn">
<doc>Evaluates the given expression in Python and returns the result.</doc>
<arguments>
<arg>'${format}'.format(dt=datetime.datetime.now())</arg>
<arg>modules=datetime</arg>
</arguments>
<assign>
<var>${now}</var>
</assign>
<msg timestamp="20210409 16:46:44.952" level="INFO">${now} = 09042021164644</msg>
<status status="PASS" starttime="20210409 16:46:44.952" endtime="20210409 16:46:44.952"></status>
</kw>
<msg timestamp="20210409 16:46:44.953" level="INFO">${current_timestamp} = 09042021164644</msg>
<status status="PASS" starttime="20210409 16:46:44.951" endtime="20210409 16:46:44.953"></status>
</kw>
<kw name="Create Dictionary" library="BuiltIn">
<doc>Creates and returns a dictionary based on the given ``items``.</doc>
<arguments>
<arg>Content-Type=${HEADER_CONTENT_TYPE}</arg>
<arg>x-ais-UserName=${HEADER_X_AIS_USERNAME_AISPARTNER}</arg>
<arg>x-ais-OrderRef=${HEADER_X_AIS_ORDERREF_SIGNIN}${current_timestamp}</arg>
<arg>x-ais-OrderDesc=${HEADER_X_AIS_ORDERDESC_SIGNIN}</arg>
<arg>Accept=${HEADER_ACCEPT}</arg>
</arguments>
<assign>
<var>${headers}</var>
</assign>
<msg timestamp="20210409 16:46:44.954" level="INFO">${headers} = {'Content-Type': 'application/json', 'x-ais-UserName': 'AisPartner', 'x-ais-OrderRef': 'Signin_09042021164644', 'x-ais-OrderDesc': 'User Authentication', 'Accept': '*/*'}</msg>
<status status="PASS" starttime="20210409 16:46:44.953" endtime="20210409 16:46:44.954"></status>
</kw>
<kw name="Evaluate" library="BuiltIn">
<doc>Evaluates the given expression in Python and returns the result.</doc>
<arguments>
<arg>{"username": "${SIGNIN_USERNAME}","password": "${SIGNIN_PASSOWORD}"}</arg>
</arguments>
<assign>
<var>${data}</var>
</assign>
<msg timestamp="20210409 16:46:44.954" level="INFO">${data} = {'username': 'QATest_003', 'password': 'bnZkZm5nZXJnbGtkanZlaWdqbmVvZGtsZA=='}</msg>
<status status="PASS" starttime="20210409 16:46:44.954" endtime="20210409 16:46:44.954"></status>
</kw>
<kw name="Post Api Request" library="Keyword_Request">
<arguments>
<arg>${url}${PROVISIONINGAPIS}</arg>
<arg>${URL_SIGNIN}</arg>
<arg>${headers}</arg>
<arg>${data}</arg>
</arguments>
<assign>
<var>${res}</var>
</assign>
<kw name="Create Session" library="RequestsLibrary">
<doc>Create Session: create a HTTP session to a server</doc>
<arguments>
<arg>${NAME_SESSION_POST}</arg>
<arg>${url}</arg>
<arg>verify=true</arg>
</arguments>
<msg timestamp="20210409 16:46:44.955" level="INFO">Creating Session using : alias=POSTAPI, url=https://mg-staging.sandais.com/provisioningapis, headers={},                     cookies={}, auth=None, timeout=None, proxies=None, verify=True,                     debug=0 </msg>
<status status="PASS" starttime="20210409 16:46:44.955" endtime="20210409 16:46:44.955"></status>
</kw>
<kw name="Log" library="BuiltIn">
<doc>Logs the given message with the given level.</doc>
<arguments>
<arg>URL${\n}${url}${pathUrl}</arg>
</arguments>
<msg timestamp="20210409 16:46:44.956" level="INFO">URL
https://mg-staging.sandais.com/provisioningapis/api/v1/auth/signin</msg>
<status status="PASS" starttime="20210409 16:46:44.956" endtime="20210409 16:46:44.956"></status>
</kw>
<kw name="Log" library="BuiltIn">
<doc>Logs the given message with the given level.</doc>
<arguments>
<arg>HEADER${\n}${headers}</arg>
</arguments>
<msg timestamp="20210409 16:46:44.956" level="INFO">HEADER
{'Content-Type': 'application/json', 'x-ais-UserName': 'AisPartner', 'x-ais-OrderRef': 'Signin_09042021164644', 'x-ais-OrderDesc': 'User Authentication', 'Accept': '*/*'}</msg>
<status status="PASS" starttime="20210409 16:46:44.956" endtime="20210409 16:46:44.956"></status>
</kw>
<kw name="Log" library="BuiltIn">
<doc>Logs the given message with the given level.</doc>
<arguments>
<arg>BODY${\n}${data}</arg>
</arguments>
<msg timestamp="20210409 16:46:44.957" level="INFO">BODY
{'username': 'QATest_003', 'password': 'bnZkZm5nZXJnbGtkanZlaWdqbmVvZGtsZA=='}</msg>
<status status="PASS" starttime="20210409 16:46:44.956" endtime="20210409 16:46:44.957"></status>
</kw>
<kw name="Post On Session" library="RequestsLibrary">
<doc>Sends a POST request on a previously created HTTP Session.</doc>
<arguments>
<arg>${NAME_SESSION_POST}</arg>
<arg>${pathUrl}</arg>
<arg>headers=${headers}</arg>
<arg>json=${data}</arg>
</arguments>
<assign>
<var>${res}</var>
</assign>
<msg timestamp="20210409 16:46:45.128" level="INFO">POST Request : url=https://mg-staging.sandais.com/provisioningapis/api/v1/auth/signin 
 path_url=/provisioningapis/api/v1/auth/signin 
 headers={'User-Agent': 'python-requests/2.25.1', 'Accept-Encoding': 'gzip, deflate', 'Accept': '*/*', 'Connection': 'keep-alive', 'Content-Type': 'application/json', 'x-ais-UserName': 'AisPartner', 'x-ais-OrderRef': 'Signin_09042021164644', 'x-ais-OrderDesc': 'User Authentication', 'Content-Length': '78'} 
 body=b'{"username": "QATest_003", "password": "bnZkZm5nZXJnbGtkanZlaWdqbmVvZGtsZA=="}' 
 </msg>
<msg timestamp="20210409 16:46:45.128" level="INFO">POST Response : url=https://mg-staging.sandais.com/provisioningapis/api/v1/auth/signin 
 status=200, reason=OK 
 headers={'Server': 'nginx', 'Date': 'Fri, 09 Apr 2021 09:46:44 GMT', 'Content-Type': 'application/json; charset=utf-8', 'Transfer-Encoding': 'chunked', 'Connection': 'keep-alive', 'x-ais-orderref': 'Signin_09042021164644', 'x-frame-options': 'DENY', 'x-xss-protection': '1; mode=block', 'x-content-type-options': 'nosniff', 'strict-transport-security': 'max-age=31536000', 'content-security-policy': "script-src 'self' 'unsafe-inline' 'unsafe-eval'", 'x-envoy-upstream-service-time': '5', 'x-envoy-decorator-operation': 'provisioningapis.magellanstaging.svc.cluster.local:80/*'} 
 body={"OperationStatus":{"Code":"20000","Description":"SignInProcess is Success"},"TokenType":"Bearer","AccessToken":"Q2fLUj3Go/nOqZyrJ6FnhSYfeOn1ZSwT0V0ycpecp/S8G3Vu9DD/qLF6WJcjQMRlKIO1U/gfXg2C7HYTAUve2kWbxBhqkK8ml+8QQAvQKleSf2pe/jHMMMPgj8E1ekdRNRNHSXYJnvN9GOENjUqqw26onqTUlbuLceqgzLAVpRUoVVsksNP5MSpSmIGP3BkbUhxxQFXQuZW8W/AtN7G/RjbcKaYarVLhK/s8BSZ0SAHD1i5KX3AWMT6g0n+v7EoQmqwD56h6GTILJG3c2Ik+TEIlAkkY2KW0","ExpiresIn":20,"ExpiresDate":"2021-04-09T17:06:44.9266956+07:00","AccountId":[],"UserRole":["RootAdmin"]} 
 </msg>
<msg timestamp="20210409 16:46:45.128" level="INFO">${res} = &lt;Response [200]&gt;</msg>
<status status="PASS" starttime="20210409 16:46:44.957" endtime="20210409 16:46:45.129"></status>
</kw>
<kw name="Log" library="BuiltIn">
<doc>Logs the given message with the given level.</doc>
<arguments>
<arg>RESPONSE${\n}${res.json()}</arg>
</arguments>
<msg timestamp="20210409 16:46:45.129" level="INFO">RESPONSE
{'OperationStatus': {'Code': '20000', 'Description': 'SignInProcess is Success'}, 'TokenType': 'Bearer', 'AccessToken': 'Q2fLUj3Go/nOqZyrJ6FnhSYfeOn1ZSwT0V0ycpecp/S8G3Vu9DD/qLF6WJcjQMRlKIO1U/gfXg2C7HYTAUve2kWbxBhqkK8ml+8QQAvQKleSf2pe/jHMMMPgj8E1ekdRNRNHSXYJnvN9GOENjUqqw26onqTUlbuLceqgzLAVpRUoVVsksNP5MSpSmIGP3BkbUhxxQFXQuZW8W/AtN7G/RjbcKaYarVLhK/s8BSZ0SAHD1i5KX3AWMT6g0n+v7EoQmqwD56h6GTILJG3c2Ik+TEIlAkkY2KW0', 'ExpiresIn': 20, 'ExpiresDate': '2021-04-09T17:06:44.9266956+07:00', 'AccountId': [], 'UserRole': ['RootAdmin']}</msg>
<status status="PASS" starttime="20210409 16:46:45.129" endtime="20210409 16:46:45.129"></status>
</kw>
<msg timestamp="20210409 16:46:45.129" level="INFO">${res} = {'OperationStatus': {'Code': '20000', 'Description': 'SignInProcess is Success'}, 'TokenType': 'Bearer', 'AccessToken': 'Q2fLUj3Go/nOqZyrJ6FnhSYfeOn1ZSwT0V0ycpecp/S8G3Vu9DD/qLF6WJcjQMRlKIO1U/gfXg2C7HY...</msg>
<status status="PASS" starttime="20210409 16:46:44.954" endtime="20210409 16:46:45.130"></status>
</kw>
<kw name="Response ResultCode Should Have" library="Keyword_Request">
<arguments>
<arg>${res}</arg>
<arg>${SINGNIN}</arg>
<arg>${FIELD_OPERATIONSTATUS}</arg>
<arg>${FIELD_CODE}</arg>
<arg>${FIELD_DESCRIPTION}</arg>
</arguments>
<kw name="Get From Dictionary" library="Collections">
<doc>Returns a value from the given ``dictionary`` based on the given ``key``.</doc>
<arguments>
<arg>${res_json}</arg>
<arg>${field_OperationStatus}</arg>
</arguments>
<assign>
<var>${operationStatus}</var>
</assign>
<msg timestamp="20210409 16:46:45.131" level="INFO">${operationStatus} = {'Code': '20000', 'Description': 'SignInProcess is Success'}</msg>
<status status="PASS" starttime="20210409 16:46:45.130" endtime="20210409 16:46:45.131"></status>
</kw>
<kw name="Get From Dictionary" library="Collections">
<doc>Returns a value from the given ``dictionary`` based on the given ``key``.</doc>
<arguments>
<arg>${operationStatus}</arg>
<arg>${field_Code}</arg>
</arguments>
<assign>
<var>${resultCode}</var>
</assign>
<msg timestamp="20210409 16:46:45.132" level="INFO">${resultCode} = 20000</msg>
<status status="PASS" starttime="20210409 16:46:45.131" endtime="20210409 16:46:45.132"></status>
</kw>
<kw name="Get From Dictionary" library="Collections">
<doc>Returns a value from the given ``dictionary`` based on the given ``key``.</doc>
<arguments>
<arg>${operationStatus}</arg>
<arg>${field_Description}</arg>
</arguments>
<assign>
<var>${resultDescription}</var>
</assign>
<msg timestamp="20210409 16:46:45.132" level="INFO">${resultDescription} = SignInProcess is Success</msg>
<status status="PASS" starttime="20210409 16:46:45.132" endtime="20210409 16:46:45.132"></status>
</kw>
<kw name="Run Keyword If" library="BuiltIn">
<doc>Runs the given keyword with the given arguments, if ``condition`` is true.</doc>
<arguments>
<arg>${resultCode} == ${VALUE_RESULTCODE_20000}</arg>
<arg>Response ResultCode Should Have Success</arg>
<arg>${resultCode}</arg>
<arg>${resultDescription}</arg>
<arg>${res_name}</arg>
</arguments>
<kw name="Response ResultCode Should Have Success" library="Keyword_Request">
<arguments>
<arg>${resultCode}</arg>
<arg>${resultDescription}</arg>
<arg>${res_name}</arg>
</arguments>
<kw name="Run Keyword If" library="BuiltIn">
<doc>Runs the given keyword with the given arguments, if ``condition`` is true.</doc>
<arguments>
<arg>${resultCode} == ${VALUE_RESULTCODE_20000}</arg>
<arg>Should Be Equal As Strings</arg>
<arg>${resultCode}</arg>
<arg>${VALUE_RESULTCODE_20000}</arg>
<arg>ELSE IF</arg>
<arg>${resultCode} == ${VALUE_RESULTCODE_20100}</arg>
<arg>Should Be Equal As Strings</arg>
<arg>${resultCode}</arg>
<arg>${VALUE_RESULTCODE_20100}</arg>
</arguments>
<kw name="Should Be Equal As Strings" library="BuiltIn">
<doc>Fails if objects are unequal after converting them to strings.</doc>
<arguments>
<arg>${resultCode}</arg>
<arg>${VALUE_RESULTCODE_20000}</arg>
</arguments>
<status status="PASS" starttime="20210409 16:46:45.134" endtime="20210409 16:46:45.134"></status>
</kw>
<status status="PASS" starttime="20210409 16:46:45.134" endtime="20210409 16:46:45.134"></status>
</kw>
<kw name="Run Keyword If" library="BuiltIn">
<doc>Runs the given keyword with the given arguments, if ``condition`` is true.</doc>
<arguments>
<arg>'${res_name}' == '${SINGNIN}'</arg>
<arg>Should Be Equal As Strings</arg>
<arg>${resultDescription}</arg>
<arg>${VALUE_DESCRIPTION_SINGNIN_SUCCESS}</arg>
</arguments>
<kw name="Should Be Equal As Strings" library="BuiltIn">
<doc>Fails if objects are unequal after converting them to strings.</doc>
<arguments>
<arg>${resultDescription}</arg>
<arg>${VALUE_DESCRIPTION_SINGNIN_SUCCESS}</arg>
</arguments>
<status status="PASS" starttime="20210409 16:46:45.135" endtime="20210409 16:46:45.135"></status>
</kw>
<status status="PASS" starttime="20210409 16:46:45.135" endtime="20210409 16:46:45.135"></status>
</kw>
<kw name="Run Keyword If" library="BuiltIn">
<doc>Runs the given keyword with the given arguments, if ``condition`` is true.</doc>
<arguments>
<arg>'${res_name}' == '${CREATEPARTNER}'</arg>
<arg>Should Be Equal As Strings</arg>
<arg>${resultDescription}</arg>
<arg>${VALUE_DESCRIPTION_CREATEPARTNER_SUCCESS}</arg>
</arguments>
<status status="PASS" starttime="20210409 16:46:45.135" endtime="20210409 16:46:45.136"></status>
</kw>
<kw name="Run Keyword If" library="BuiltIn">
<doc>Runs the given keyword with the given arguments, if ``condition`` is true.</doc>
<arguments>
<arg>'${res_name}' == '${CREATEACCOUNT}'</arg>
<arg>Should Be Equal As Strings</arg>
<arg>${resultDescription}</arg>
<arg>${VALUE_DESCRIPTION_CREATEACCOUNT_SUCCESS}</arg>
</arguments>
<status status="PASS" starttime="20210409 16:46:45.136" endtime="20210409 16:46:45.136"></status>
</kw>
<kw name="Run Keyword If" library="BuiltIn">
<doc>Runs the given keyword with the given arguments, if ``condition`` is true.</doc>
<arguments>
<arg>'${res_name}' == '${CREATETHING}'</arg>
<arg>Should Be Equal As Strings</arg>
<arg>${resultDescription}</arg>
<arg>${VALUE_DESCRIPTION_CREATETHING_SUCCESS}</arg>
</arguments>
<status status="PASS" starttime="20210409 16:46:45.136" endtime="20210409 16:46:45.136"></status>
</kw>
<kw name="Run Keyword If" library="BuiltIn">
<doc>Runs the given keyword with the given arguments, if ``condition`` is true.</doc>
<arguments>
<arg>'${res_name}' == '${CREATETHINGSTATEINFO}'</arg>
<arg>Should Be Equal As Strings</arg>
<arg>${resultDescription}</arg>
<arg>${VALUE_DESCRIPTION_CREATETHINGSTATEINFO_SUCCESS}</arg>
</arguments>
<status status="PASS" starttime="20210409 16:46:45.137" endtime="20210409 16:46:45.137"></status>
</kw>
<kw name="Run Keyword If" library="BuiltIn">
<doc>Runs the given keyword with the given arguments, if ``condition`` is true.</doc>
<arguments>
<arg>'${res_name}' == '${CREATECONFIGGROUP}'</arg>
<arg>Should Be Equal As Strings</arg>
<arg>${resultDescription}</arg>
<arg>${VALUE_DESCRIPTION_CREATECONFIGGROUP_SUCCESS}</arg>
</arguments>
<status status="PASS" starttime="20210409 16:46:45.137" endtime="20210409 16:46:45.137"></status>
</kw>
<kw name="Run Keyword If" library="BuiltIn">
<doc>Runs the given keyword with the given arguments, if ``condition`` is true.</doc>
<arguments>
<arg>'${res_name}' == '${CREATECONTROLTHING}'</arg>
<arg>Should Be Equal As Strings</arg>
<arg>${resultDescription}</arg>
<arg>${VALUE_DESCRIPTION_CREATECONTROLTHING_SUCCESS}</arg>
</arguments>
<status status="PASS" starttime="20210409 16:46:45.137" endtime="20210409 16:46:45.138"></status>
</kw>
<kw name="Run Keyword If" library="BuiltIn">
<doc>Runs the given keyword with the given arguments, if ``condition`` is true.</doc>
<arguments>
<arg>'${res_name}' == '${REMOVEPARTNER}'</arg>
<arg>Should Be Equal As Strings</arg>
<arg>${resultDescription}</arg>
<arg>${VALUE_DESCRIPTION_REMOVEPARTNER_SUCCESS}</arg>
</arguments>
<status status="PASS" starttime="20210409 16:46:45.138" endtime="20210409 16:46:45.138"></status>
</kw>
<kw name="Run Keyword If" library="BuiltIn">
<doc>Runs the given keyword with the given arguments, if ``condition`` is true.</doc>
<arguments>
<arg>'${res_name}' == '${REMOVEACCOUNT}'</arg>
<arg>Should Be Equal As Strings</arg>
<arg>${resultDescription}</arg>
<arg>${VALUE_DESCRIPTION_REMOVEACCOUNT_SUCCESS}</arg>
</arguments>
<status status="PASS" starttime="20210409 16:46:45.138" endtime="20210409 16:46:45.139"></status>
</kw>
<kw name="Run Keyword If" library="BuiltIn">
<doc>Runs the given keyword with the given arguments, if ``condition`` is true.</doc>
<arguments>
<arg>'${res_name}' == '${REMOVETHING}'</arg>
<arg>Should Be Equal As Strings</arg>
<arg>${resultDescription}</arg>
<arg>${VALUE_DESCRIPTION_REMOVETHING_SUCCESS}</arg>
</arguments>
<status status="PASS" starttime="20210409 16:46:45.139" endtime="20210409 16:46:45.139"></status>
</kw>
<kw name="Run Keyword If" library="BuiltIn">
<doc>Runs the given keyword with the given arguments, if ``condition`` is true.</doc>
<arguments>
<arg>'${res_name}' == '${REMOVETHINGSTATEINFO}'</arg>
<arg>Should Be Equal As Strings</arg>
<arg>${resultDescription}</arg>
<arg>${VALUE_DESCRIPTION_REMOVETHINGSTATEINFO_SUCCESS}</arg>
</arguments>
<status status="PASS" starttime="20210409 16:46:45.139" endtime="20210409 16:46:45.139"></status>
</kw>
<kw name="Run Keyword If" library="BuiltIn">
<doc>Runs the given keyword with the given arguments, if ``condition`` is true.</doc>
<arguments>
<arg>'${res_name}' == '${REMOVETHINGFROMACCOUNT}'</arg>
<arg>Should Be Equal As Strings</arg>
<arg>${resultDescription}</arg>
<arg>${VALUE_DESCRIPTION_REMOVETHINGFROMACCOUNT_SUCCESS}</arg>
</arguments>
<status status="PASS" starttime="20210409 16:46:45.140" endtime="20210409 16:46:45.140"></status>
</kw>
<kw name="Run Keyword If" library="BuiltIn">
<doc>Runs the given keyword with the given arguments, if ``condition`` is true.</doc>
<arguments>
<arg>'${res_name}' == '${REMOVECONFIGGROUP}'</arg>
<arg>Should Be Equal As Strings</arg>
<arg>${resultDescription}</arg>
<arg>${VALUE_DESCRIPTION_REMOVECONFIGGROUP_SUCCESS}</arg>
</arguments>
<status status="PASS" starttime="20210409 16:46:45.140" endtime="20210409 16:46:45.140"></status>
</kw>
<kw name="Run Keyword If" library="BuiltIn">
<doc>Runs the given keyword with the given arguments, if ``condition`` is true.</doc>
<arguments>
<arg>'${res_name}' == '${UPDATEACCOUNT}'</arg>
<arg>Should Be Equal As Strings</arg>
<arg>${resultDescription}</arg>
<arg>${VALUE_DESCRIPTION_UPDATEACCOUNT_SUCCESS}</arg>
</arguments>
<status status="PASS" starttime="20210409 16:46:45.140" endtime="20210409 16:46:45.141"></status>
</kw>
<kw name="Run Keyword If" library="BuiltIn">
<doc>Runs the given keyword with the given arguments, if ``condition`` is true.</doc>
<arguments>
<arg>'${res_name}' == '${INQUIRYTHING}'</arg>
<arg>Should Be Equal As Strings</arg>
<arg>${resultDescription}</arg>
<arg>${VALUE_DESCRIPTION_INQUIRYTHING_SUCCESS}</arg>
</arguments>
<status status="PASS" starttime="20210409 16:46:45.141" endtime="20210409 16:46:45.141"></status>
</kw>
<kw name="Run Keyword If" library="BuiltIn">
<doc>Runs the given keyword with the given arguments, if ``condition`` is true.</doc>
<arguments>
<arg>'${res_name}' == '${INQUIRYCONFIGGROUP}'</arg>
<arg>Should Be Equal As Strings</arg>
<arg>${resultDescription}</arg>
<arg>${VALUE_DESCRIPTION_INQUIRYCONFIGGROUP_SUCCESS}</arg>
</arguments>
<status status="PASS" starttime="20210409 16:46:45.141" endtime="20210409 16:46:45.142"></status>
</kw>
<kw name="Run Keyword If" library="BuiltIn">
<doc>Runs the given keyword with the given arguments, if ``condition`` is true.</doc>
<arguments>
<arg>'${res_name}' == '${INQUIRYACCOUNT}'</arg>
<arg>Should Be Equal As Strings</arg>
<arg>${resultDescription}</arg>
<arg>${VALUE_DESCRIPTION_INQUIRYACCOUNT_SUCCESS}</arg>
</arguments>
<status status="PASS" starttime="20210409 16:46:45.142" endtime="20210409 16:46:45.142"></status>
</kw>
<status status="PASS" starttime="20210409 16:46:45.133" endtime="20210409 16:46:45.142"></status>
</kw>
<status status="PASS" starttime="20210409 16:46:45.133" endtime="20210409 16:46:45.142"></status>
</kw>
<kw name="Run Keyword If" library="BuiltIn">
<doc>Runs the given keyword with the given arguments, if ``condition`` is true.</doc>
<arguments>
<arg>${resultCode} == ${VALUE_RESULTCODE_20100}</arg>
<arg>Response ResultCode Should Have Success</arg>
<arg>${resultCode}</arg>
<arg>${resultDescription}</arg>
<arg>${res_name}</arg>
</arguments>
<status status="PASS" starttime="20210409 16:46:45.143" endtime="20210409 16:46:45.143"></status>
</kw>
<kw name="Run Keyword If" library="BuiltIn">
<doc>Runs the given keyword with the given arguments, if ``condition`` is true.</doc>
<arguments>
<arg>${resultCode} != ${VALUE_RESULTCODE_20000} and ${resultCode} != ${VALUE_RESULTCODE_20100}</arg>
<arg>Fail</arg>
<arg>msg=[${resultCode}:${resultDescription}]</arg>
</arguments>
<status status="PASS" starttime="20210409 16:46:45.143" endtime="20210409 16:46:45.143"></status>
</kw>
<status status="PASS" starttime="20210409 16:46:45.130" endtime="20210409 16:46:45.144"></status>
</kw>
<kw name="Get From Dictionary" library="Collections">
<doc>Returns a value from the given ``dictionary`` based on the given ``key``.</doc>
<arguments>
<arg>${res}</arg>
<arg>${FIELD_ACCESSTOKEN}</arg>
</arguments>
<assign>
<var>${accessToken}</var>
</assign>
<msg timestamp="20210409 16:46:45.144" level="INFO">${accessToken} = Q2fLUj3Go/nOqZyrJ6FnhSYfeOn1ZSwT0V0ycpecp/S8G3Vu9DD/qLF6WJcjQMRlKIO1U/gfXg2C7HYTAUve2kWbxBhqkK8ml+8QQAvQKleSf2pe/jHMMMPgj8E1ekdRNRNHSXYJnvN9GOENjUqqw26onqTUlbuLceqgzLAVpRUoVVsksNP5MSpSmIGP3BkbUhxxQFXQ...</msg>
<status status="PASS" starttime="20210409 16:46:45.144" endtime="20210409 16:46:45.144"></status>
</kw>
<msg timestamp="20210409 16:46:45.144" level="INFO">${accessToken} = Q2fLUj3Go/nOqZyrJ6FnhSYfeOn1ZSwT0V0ycpecp/S8G3Vu9DD/qLF6WJcjQMRlKIO1U/gfXg2C7HYTAUve2kWbxBhqkK8ml+8QQAvQKleSf2pe/jHMMMPgj8E1ekdRNRNHSXYJnvN9GOENjUqqw26onqTUlbuLceqgzLAVpRUoVVsksNP5MSpSmIGP3BkbUhxxQFXQ...</msg>
<status status="PASS" starttime="20210409 16:46:44.950" endtime="20210409 16:46:45.144"></status>
</kw>
<kw name="Create Partner" library="Keyword_CreateData">
<arguments>
<arg>${URL_STAGING}</arg>
<arg>${accessToken}</arg>
</arguments>
<assign>
<var>${postCreatePartner}</var>
</assign>
<kw name="Generate Random String" library="String">
<doc>Generates a string with a desired ``length`` from the given ``chars``.</doc>
<arguments>
<arg>6</arg>
<arg>[NUMBERS]</arg>
</arguments>
<assign>
<var>${random_number}</var>
</assign>
<msg timestamp="20210409 16:46:45.145" level="INFO">${random_number} = 788669</msg>
<status status="PASS" starttime="20210409 16:46:45.145" endtime="20210409 16:46:45.145"></status>
</kw>
<kw name="Set Variable" library="BuiltIn">
<doc>Returns the given values which can then be assigned to a variables.</doc>
<arguments>
<arg>${VALUE_PARTNERNAME}${random_number}</arg>
</arguments>
<assign>
<var>${PartnerName}</var>
</assign>
<msg timestamp="20210409 16:46:45.146" level="INFO">${PartnerName} = Jida_TestPartnerName788669</msg>
<status status="PASS" starttime="20210409 16:46:45.146" endtime="20210409 16:46:45.146"></status>
</kw>
<kw name="Set Variable" library="BuiltIn">
<doc>Returns the given values which can then be assigned to a variables.</doc>
<arguments>
<arg>${VALUE_MERCHANTCONTACT}</arg>
</arguments>
<assign>
<var>${MerchantContact}</var>
</assign>
<msg timestamp="20210409 16:46:45.146" level="INFO">${MerchantContact} = Jida_TestMerchantContact@ais.co.th</msg>
<status status="PASS" starttime="20210409 16:46:45.146" endtime="20210409 16:46:45.146"></status>
</kw>
<kw name="Set Variable" library="BuiltIn">
<doc>Returns the given values which can then be assigned to a variables.</doc>
<arguments>
<arg>${VALUE_CPID}</arg>
</arguments>
<assign>
<var>${CPID}</var>
</assign>
<msg timestamp="20210409 16:46:45.147" level="INFO">${CPID} = Jida_TesCPID@ais.co.th</msg>
<status status="PASS" starttime="20210409 16:46:45.147" endtime="20210409 16:46:45.147"></status>
</kw>
<kw name="Change format date now" library="Keyword_Datetime">
<arguments>
<arg>${DDMMYYYYHMS_NOW}</arg>
</arguments>
<assign>
<var>${current_timestamp}</var>
</assign>
<kw name="Evaluate" library="BuiltIn">
<doc>Evaluates the given expression in Python and returns the result.</doc>
<arguments>
<arg>'${format}'.format(dt=datetime.datetime.now())</arg>
<arg>modules=datetime</arg>
</arguments>
<assign>
<var>${now}</var>
</assign>
<msg timestamp="20210409 16:46:45.149" level="INFO">${now} = 09042021164645</msg>
<status status="PASS" starttime="20210409 16:46:45.148" endtime="20210409 16:46:45.149"></status>
</kw>
<msg timestamp="20210409 16:46:45.149" level="INFO">${current_timestamp} = 09042021164645</msg>
<status status="PASS" starttime="20210409 16:46:45.148" endtime="20210409 16:46:45.149"></status>
</kw>
<kw name="Create Dictionary" library="BuiltIn">
<doc>Creates and returns a dictionary based on the given ``items``.</doc>
<arguments>
<arg>Content-Type=${HEADER_CONTENT_TYPE}</arg>
<arg>x-ais-UserName=${HEADER_X_AIS_USERNAME_AISPARTNER}</arg>
<arg>x-ais-OrderRef=${HEADER_X_AIS_ORDERREF_CREATEPARTNER}${current_timestamp}</arg>
<arg>x-ais-OrderDesc=${HEADER_X_AIS_ORDERDESC_CREATEPARTNER}</arg>
<arg>x-ais-AccessToken=Bearer ${accessToken}</arg>
<arg>Accept=${HEADER_ACCEPT}</arg>
</arguments>
<assign>
<var>${headers}</var>
</assign>
<msg timestamp="20210409 16:46:45.150" level="INFO">${headers} = {'Content-Type': 'application/json', 'x-ais-UserName': 'AisPartner', 'x-ais-OrderRef': 'CreatePartner_09042021164645', 'x-ais-OrderDesc': 'CreatePartner', 'x-ais-AccessToken': 'Bearer Q2fLUj3Go/nOqZyr...</msg>
<status status="PASS" starttime="20210409 16:46:45.149" endtime="20210409 16:46:45.150"></status>
</kw>
<kw name="Evaluate" library="BuiltIn">
<doc>Evaluates the given expression in Python and returns the result.</doc>
<arguments>
<arg>{"PartnerName": "${PartnerName}","PartnerType": ["Supplier","Customer"],"PartnerDetail": {"MerchantContact": "${MerchantContact}","CPID": "${CPID}"},"Property": {"RouteEngine": "false"}}</arg>
</arguments>
<assign>
<var>${data}</var>
</assign>
<msg timestamp="20210409 16:46:45.150" level="INFO">${data} = {'PartnerName': 'Jida_TestPartnerName788669', 'PartnerType': ['Supplier', 'Customer'], 'PartnerDetail': {'MerchantContact': 'Jida_TestMerchantContact@ais.co.th', 'CPID': 'Jida_TesCPID@ais.co.th'}, 'Pr...</msg>
<status status="PASS" starttime="20210409 16:46:45.150" endtime="20210409 16:46:45.150"></status>
</kw>
<kw name="Post Api Request" library="Keyword_Request">
<arguments>
<arg>${url}${PROVISIONINGAPIS}</arg>
<arg>${URL_CREATEPARTNER}</arg>
<arg>${headers}</arg>
<arg>${data}</arg>
</arguments>
<assign>
<var>${res}</var>
</assign>
<kw name="Create Session" library="RequestsLibrary">
<doc>Create Session: create a HTTP session to a server</doc>
<arguments>
<arg>${NAME_SESSION_POST}</arg>
<arg>${url}</arg>
<arg>verify=true</arg>
</arguments>
<msg timestamp="20210409 16:46:45.152" level="INFO">Creating Session using : alias=POSTAPI, url=https://mg-staging.sandais.com/provisioningapis, headers={},                     cookies={}, auth=None, timeout=None, proxies=None, verify=True,                     debug=0 </msg>
<status status="PASS" starttime="20210409 16:46:45.151" endtime="20210409 16:46:45.152"></status>
</kw>
<kw name="Log" library="BuiltIn">
<doc>Logs the given message with the given level.</doc>
<arguments>
<arg>URL${\n}${url}${pathUrl}</arg>
</arguments>
<msg timestamp="20210409 16:46:45.152" level="INFO">URL
https://mg-staging.sandais.com/provisioningapis/api/v1/Partner/CreatePartner</msg>
<status status="PASS" starttime="20210409 16:46:45.152" endtime="20210409 16:46:45.152"></status>
</kw>
<kw name="Log" library="BuiltIn">
<doc>Logs the given message with the given level.</doc>
<arguments>
<arg>HEADER${\n}${headers}</arg>
</arguments>
<msg timestamp="20210409 16:46:45.153" level="INFO">HEADER
{'Content-Type': 'application/json', 'x-ais-UserName': 'AisPartner', 'x-ais-OrderRef': 'CreatePartner_09042021164645', 'x-ais-OrderDesc': 'CreatePartner', 'x-ais-AccessToken': 'Bearer Q2fLUj3Go/nOqZyrJ6FnhSYfeOn1ZSwT0V0ycpecp/S8G3Vu9DD/qLF6WJcjQMRlKIO1U/gfXg2C7HYTAUve2kWbxBhqkK8ml+8QQAvQKleSf2pe/jHMMMPgj8E1ekdRNRNHSXYJnvN9GOENjUqqw26onqTUlbuLceqgzLAVpRUoVVsksNP5MSpSmIGP3BkbUhxxQFXQuZW8W/AtN7G/RjbcKaYarVLhK/s8BSZ0SAHD1i5KX3AWMT6g0n+v7EoQmqwD56h6GTILJG3c2Ik+TEIlAkkY2KW0', 'Accept': '*/*'}</msg>
<status status="PASS" starttime="20210409 16:46:45.152" endtime="20210409 16:46:45.153"></status>
</kw>
<kw name="Log" library="BuiltIn">
<doc>Logs the given message with the given level.</doc>
<arguments>
<arg>BODY${\n}${data}</arg>
</arguments>
<msg timestamp="20210409 16:46:45.153" level="INFO">BODY
{'PartnerName': 'Jida_TestPartnerName788669', 'PartnerType': ['Supplier', 'Customer'], 'PartnerDetail': {'MerchantContact': 'Jida_TestMerchantContact@ais.co.th', 'CPID': 'Jida_TesCPID@ais.co.th'}, 'Property': {'RouteEngine': 'false'}}</msg>
<status status="PASS" starttime="20210409 16:46:45.153" endtime="20210409 16:46:45.153"></status>
</kw>
<kw name="Post On Session" library="RequestsLibrary">
<doc>Sends a POST request on a previously created HTTP Session.</doc>
<arguments>
<arg>${NAME_SESSION_POST}</arg>
<arg>${pathUrl}</arg>
<arg>headers=${headers}</arg>
<arg>json=${data}</arg>
</arguments>
<assign>
<var>${res}</var>
</assign>
<msg timestamp="20210409 16:46:45.326" level="INFO">POST Request : url=https://mg-staging.sandais.com/provisioningapis/api/v1/Partner/CreatePartner 
 path_url=/provisioningapis/api/v1/Partner/CreatePartner 
 headers={'User-Agent': 'python-requests/2.25.1', 'Accept-Encoding': 'gzip, deflate', 'Accept': '*/*', 'Connection': 'keep-alive', 'Content-Type': 'application/json', 'x-ais-UserName': 'AisPartner', 'x-ais-OrderRef': 'CreatePartner_09042021164645', 'x-ais-OrderDesc': 'CreatePartner', 'x-ais-AccessToken': 'Bearer Q2fLUj3Go/nOqZyrJ6FnhSYfeOn1ZSwT0V0ycpecp/S8G3Vu9DD/qLF6WJcjQMRlKIO1U/gfXg2C7HYTAUve2kWbxBhqkK8ml+8QQAvQKleSf2pe/jHMMMPgj8E1ekdRNRNHSXYJnvN9GOENjUqqw26onqTUlbuLceqgzLAVpRUoVVsksNP5MSpSmIGP3BkbUhxxQFXQuZW8W/AtN7G/RjbcKaYarVLhK/s8BSZ0SAHD1i5KX3AWMT6g0n+v7EoQmqwD56h6GTILJG3c2Ik+TEIlAkkY2KW0', 'Content-Length': '234'} 
 body=b'{"PartnerName": "Jida_TestPartnerName788669", "PartnerType": ["Supplier", "Customer"], "PartnerDetail": {"MerchantContact": "Jida_TestMerchantContact@ais.co.th", "CPID": "Jida_TesCPID@ais.co.th"}, "Property": {"RouteEngine": "false"}}' 
 </msg>
<msg timestamp="20210409 16:46:45.326" level="INFO">POST Response : url=https://mg-staging.sandais.com/provisioningapis/api/v1/Partner/CreatePartner 
 status=201, reason=Created 
 headers={'Server': 'nginx', 'Date': 'Fri, 09 Apr 2021 09:46:45 GMT', 'Content-Type': 'application/json; charset=utf-8', 'Transfer-Encoding': 'chunked', 'Connection': 'keep-alive', 'x-ais-orderref': 'CreatePartner_09042021164645', 'x-frame-options': 'DENY', 'x-xss-protection': '1; mode=block', 'x-content-type-options': 'nosniff', 'strict-transport-security': 'max-age=31536000', 'content-security-policy': "script-src 'self' 'unsafe-inline' 'unsafe-eval'", 'x-envoy-upstream-service-time': '20', 'x-envoy-decorator-operation': 'provisioningapis.magellanstaging.svc.cluster.local:80/*'} 
 body={"PartnerInfo":{"CustomerId":"6070228563fa0e0001bfb902","PartnerId":"6070228563fa0e0001bfb903","PartnerName":"Jida_TestPartnerName788669","PartnerType":["Supplier","Customer"],"PartnerDetail":{"MerchantContact":"Jida_TestMerchantContact@ais.co.th","CPID":"Jida_TesCPID@ais.co.th"},"Property":{"RouteEngine":"false"},"CreateDate":"2021-04-09T16:46:45.12565+07:00"},"OperationStatus":{"Code":"20100","Description":"CreatePartner is Success"}} 
 </msg>
<msg timestamp="20210409 16:46:45.326" level="INFO">${res} = &lt;Response [201]&gt;</msg>
<status status="PASS" starttime="20210409 16:46:45.153" endtime="20210409 16:46:45.326"></status>
</kw>
<kw name="Log" library="BuiltIn">
<doc>Logs the given message with the given level.</doc>
<arguments>
<arg>RESPONSE${\n}${res.json()}</arg>
</arguments>
<msg timestamp="20210409 16:46:45.327" level="INFO">RESPONSE
{'PartnerInfo': {'CustomerId': '6070228563fa0e0001bfb902', 'PartnerId': '6070228563fa0e0001bfb903', 'PartnerName': 'Jida_TestPartnerName788669', 'PartnerType': ['Supplier', 'Customer'], 'PartnerDetail': {'MerchantContact': 'Jida_TestMerchantContact@ais.co.th', 'CPID': 'Jida_TesCPID@ais.co.th'}, 'Property': {'RouteEngine': 'false'}, 'CreateDate': '2021-04-09T16:46:45.12565+07:00'}, 'OperationStatus': {'Code': '20100', 'Description': 'CreatePartner is Success'}}</msg>
<status status="PASS" starttime="20210409 16:46:45.327" endtime="20210409 16:46:45.327"></status>
</kw>
<msg timestamp="20210409 16:46:45.328" level="INFO">${res} = {'PartnerInfo': {'CustomerId': '6070228563fa0e0001bfb902', 'PartnerId': '6070228563fa0e0001bfb903', 'PartnerName': 'Jida_TestPartnerName788669', 'PartnerType': ['Supplier', 'Customer'], 'PartnerDetail...</msg>
<status status="PASS" starttime="20210409 16:46:45.151" endtime="20210409 16:46:45.328"></status>
</kw>
<kw name="Response ResultCode Should Have" library="Keyword_Request">
<arguments>
<arg>${res}</arg>
<arg>${CREATEPARTNER}</arg>
<arg>${FIELD_OPERATIONSTATUS}</arg>
<arg>${FIELD_CODE}</arg>
<arg>${FIELD_DESCRIPTION}</arg>
</arguments>
<kw name="Get From Dictionary" library="Collections">
<doc>Returns a value from the given ``dictionary`` based on the given ``key``.</doc>
<arguments>
<arg>${res_json}</arg>
<arg>${field_OperationStatus}</arg>
</arguments>
<assign>
<var>${operationStatus}</var>
</assign>
<msg timestamp="20210409 16:46:45.329" level="INFO">${operationStatus} = {'Code': '20100', 'Description': 'CreatePartner is Success'}</msg>
<status status="PASS" starttime="20210409 16:46:45.328" endtime="20210409 16:46:45.329"></status>
</kw>
<kw name="Get From Dictionary" library="Collections">
<doc>Returns a value from the given ``dictionary`` based on the given ``key``.</doc>
<arguments>
<arg>${operationStatus}</arg>
<arg>${field_Code}</arg>
</arguments>
<assign>
<var>${resultCode}</var>
</assign>
<msg timestamp="20210409 16:46:45.329" level="INFO">${resultCode} = 20100</msg>
<status status="PASS" starttime="20210409 16:46:45.329" endtime="20210409 16:46:45.329"></status>
</kw>
<kw name="Get From Dictionary" library="Collections">
<doc>Returns a value from the given ``dictionary`` based on the given ``key``.</doc>
<arguments>
<arg>${operationStatus}</arg>
<arg>${field_Description}</arg>
</arguments>
<assign>
<var>${resultDescription}</var>
</assign>
<msg timestamp="20210409 16:46:45.330" level="INFO">${resultDescription} = CreatePartner is Success</msg>
<status status="PASS" starttime="20210409 16:46:45.329" endtime="20210409 16:46:45.330"></status>
</kw>
<kw name="Run Keyword If" library="BuiltIn">
<doc>Runs the given keyword with the given arguments, if ``condition`` is true.</doc>
<arguments>
<arg>${resultCode} == ${VALUE_RESULTCODE_20000}</arg>
<arg>Response ResultCode Should Have Success</arg>
<arg>${resultCode}</arg>
<arg>${resultDescription}</arg>
<arg>${res_name}</arg>
</arguments>
<status status="PASS" starttime="20210409 16:46:45.330" endtime="20210409 16:46:45.330"></status>
</kw>
<kw name="Run Keyword If" library="BuiltIn">
<doc>Runs the given keyword with the given arguments, if ``condition`` is true.</doc>
<arguments>
<arg>${resultCode} == ${VALUE_RESULTCODE_20100}</arg>
<arg>Response ResultCode Should Have Success</arg>
<arg>${resultCode}</arg>
<arg>${resultDescription}</arg>
<arg>${res_name}</arg>
</arguments>
<kw name="Response ResultCode Should Have Success" library="Keyword_Request">
<arguments>
<arg>${resultCode}</arg>
<arg>${resultDescription}</arg>
<arg>${res_name}</arg>
</arguments>
<kw name="Run Keyword If" library="BuiltIn">
<doc>Runs the given keyword with the given arguments, if ``condition`` is true.</doc>
<arguments>
<arg>${resultCode} == ${VALUE_RESULTCODE_20000}</arg>
<arg>Should Be Equal As Strings</arg>
<arg>${resultCode}</arg>
<arg>${VALUE_RESULTCODE_20000}</arg>
<arg>ELSE IF</arg>
<arg>${resultCode} == ${VALUE_RESULTCODE_20100}</arg>
<arg>Should Be Equal As Strings</arg>
<arg>${resultCode}</arg>
<arg>${VALUE_RESULTCODE_20100}</arg>
</arguments>
<kw name="Should Be Equal As Strings" library="BuiltIn">
<doc>Fails if objects are unequal after converting them to strings.</doc>
<arguments>
<arg>${resultCode}</arg>
<arg>${VALUE_RESULTCODE_20100}</arg>
</arguments>
<status status="PASS" starttime="20210409 16:46:45.332" endtime="20210409 16:46:45.333"></status>
</kw>
<status status="PASS" starttime="20210409 16:46:45.332" endtime="20210409 16:46:45.333"></status>
</kw>
<kw name="Run Keyword If" library="BuiltIn">
<doc>Runs the given keyword with the given arguments, if ``condition`` is true.</doc>
<arguments>
<arg>'${res_name}' == '${SINGNIN}'</arg>
<arg>Should Be Equal As Strings</arg>
<arg>${resultDescription}</arg>
<arg>${VALUE_DESCRIPTION_SINGNIN_SUCCESS}</arg>
</arguments>
<status status="PASS" starttime="20210409 16:46:45.333" endtime="20210409 16:46:45.333"></status>
</kw>
<kw name="Run Keyword If" library="BuiltIn">
<doc>Runs the given keyword with the given arguments, if ``condition`` is true.</doc>
<arguments>
<arg>'${res_name}' == '${CREATEPARTNER}'</arg>
<arg>Should Be Equal As Strings</arg>
<arg>${resultDescription}</arg>
<arg>${VALUE_DESCRIPTION_CREATEPARTNER_SUCCESS}</arg>
</arguments>
<kw name="Should Be Equal As Strings" library="BuiltIn">
<doc>Fails if objects are unequal after converting them to strings.</doc>
<arguments>
<arg>${resultDescription}</arg>
<arg>${VALUE_DESCRIPTION_CREATEPARTNER_SUCCESS}</arg>
</arguments>
<status status="PASS" starttime="20210409 16:46:45.334" endtime="20210409 16:46:45.334"></status>
</kw>
<status status="PASS" starttime="20210409 16:46:45.333" endtime="20210409 16:46:45.334"></status>
</kw>
<kw name="Run Keyword If" library="BuiltIn">
<doc>Runs the given keyword with the given arguments, if ``condition`` is true.</doc>
<arguments>
<arg>'${res_name}' == '${CREATEACCOUNT}'</arg>
<arg>Should Be Equal As Strings</arg>
<arg>${resultDescription}</arg>
<arg>${VALUE_DESCRIPTION_CREATEACCOUNT_SUCCESS}</arg>
</arguments>
<status status="PASS" starttime="20210409 16:46:45.335" endtime="20210409 16:46:45.335"></status>
</kw>
<kw name="Run Keyword If" library="BuiltIn">
<doc>Runs the given keyword with the given arguments, if ``condition`` is true.</doc>
<arguments>
<arg>'${res_name}' == '${CREATETHING}'</arg>
<arg>Should Be Equal As Strings</arg>
<arg>${resultDescription}</arg>
<arg>${VALUE_DESCRIPTION_CREATETHING_SUCCESS}</arg>
</arguments>
<status status="PASS" starttime="20210409 16:46:45.335" endtime="20210409 16:46:45.335"></status>
</kw>
<kw name="Run Keyword If" library="BuiltIn">
<doc>Runs the given keyword with the given arguments, if ``condition`` is true.</doc>
<arguments>
<arg>'${res_name}' == '${CREATETHINGSTATEINFO}'</arg>
<arg>Should Be Equal As Strings</arg>
<arg>${resultDescription}</arg>
<arg>${VALUE_DESCRIPTION_CREATETHINGSTATEINFO_SUCCESS}</arg>
</arguments>
<status status="PASS" starttime="20210409 16:46:45.336" endtime="20210409 16:46:45.336"></status>
</kw>
<kw name="Run Keyword If" library="BuiltIn">
<doc>Runs the given keyword with the given arguments, if ``condition`` is true.</doc>
<arguments>
<arg>'${res_name}' == '${CREATECONFIGGROUP}'</arg>
<arg>Should Be Equal As Strings</arg>
<arg>${resultDescription}</arg>
<arg>${VALUE_DESCRIPTION_CREATECONFIGGROUP_SUCCESS}</arg>
</arguments>
<status status="PASS" starttime="20210409 16:46:45.336" endtime="20210409 16:46:45.336"></status>
</kw>
<kw name="Run Keyword If" library="BuiltIn">
<doc>Runs the given keyword with the given arguments, if ``condition`` is true.</doc>
<arguments>
<arg>'${res_name}' == '${CREATECONTROLTHING}'</arg>
<arg>Should Be Equal As Strings</arg>
<arg>${resultDescription}</arg>
<arg>${VALUE_DESCRIPTION_CREATECONTROLTHING_SUCCESS}</arg>
</arguments>
<status status="PASS" starttime="20210409 16:46:45.336" endtime="20210409 16:46:45.337"></status>
</kw>
<kw name="Run Keyword If" library="BuiltIn">
<doc>Runs the given keyword with the given arguments, if ``condition`` is true.</doc>
<arguments>
<arg>'${res_name}' == '${REMOVEPARTNER}'</arg>
<arg>Should Be Equal As Strings</arg>
<arg>${resultDescription}</arg>
<arg>${VALUE_DESCRIPTION_REMOVEPARTNER_SUCCESS}</arg>
</arguments>
<status status="PASS" starttime="20210409 16:46:45.337" endtime="20210409 16:46:45.337"></status>
</kw>
<kw name="Run Keyword If" library="BuiltIn">
<doc>Runs the given keyword with the given arguments, if ``condition`` is true.</doc>
<arguments>
<arg>'${res_name}' == '${REMOVEACCOUNT}'</arg>
<arg>Should Be Equal As Strings</arg>
<arg>${resultDescription}</arg>
<arg>${VALUE_DESCRIPTION_REMOVEACCOUNT_SUCCESS}</arg>
</arguments>
<status status="PASS" starttime="20210409 16:46:45.337" endtime="20210409 16:46:45.338"></status>
</kw>
<kw name="Run Keyword If" library="BuiltIn">
<doc>Runs the given keyword with the given arguments, if ``condition`` is true.</doc>
<arguments>
<arg>'${res_name}' == '${REMOVETHING}'</arg>
<arg>Should Be Equal As Strings</arg>
<arg>${resultDescription}</arg>
<arg>${VALUE_DESCRIPTION_REMOVETHING_SUCCESS}</arg>
</arguments>
<status status="PASS" starttime="20210409 16:46:45.338" endtime="20210409 16:46:45.338"></status>
</kw>
<kw name="Run Keyword If" library="BuiltIn">
<doc>Runs the given keyword with the given arguments, if ``condition`` is true.</doc>
<arguments>
<arg>'${res_name}' == '${REMOVETHINGSTATEINFO}'</arg>
<arg>Should Be Equal As Strings</arg>
<arg>${resultDescription}</arg>
<arg>${VALUE_DESCRIPTION_REMOVETHINGSTATEINFO_SUCCESS}</arg>
</arguments>
<status status="PASS" starttime="20210409 16:46:45.338" endtime="20210409 16:46:45.338"></status>
</kw>
<kw name="Run Keyword If" library="BuiltIn">
<doc>Runs the given keyword with the given arguments, if ``condition`` is true.</doc>
<arguments>
<arg>'${res_name}' == '${REMOVETHINGFROMACCOUNT}'</arg>
<arg>Should Be Equal As Strings</arg>
<arg>${resultDescription}</arg>
<arg>${VALUE_DESCRIPTION_REMOVETHINGFROMACCOUNT_SUCCESS}</arg>
</arguments>
<status status="PASS" starttime="20210409 16:46:45.339" endtime="20210409 16:46:45.339"></status>
</kw>
<kw name="Run Keyword If" library="BuiltIn">
<doc>Runs the given keyword with the given arguments, if ``condition`` is true.</doc>
<arguments>
<arg>'${res_name}' == '${REMOVECONFIGGROUP}'</arg>
<arg>Should Be Equal As Strings</arg>
<arg>${resultDescription}</arg>
<arg>${VALUE_DESCRIPTION_REMOVECONFIGGROUP_SUCCESS}</arg>
</arguments>
<status status="PASS" starttime="20210409 16:46:45.339" endtime="20210409 16:46:45.339"></status>
</kw>
<kw name="Run Keyword If" library="BuiltIn">
<doc>Runs the given keyword with the given arguments, if ``condition`` is true.</doc>
<arguments>
<arg>'${res_name}' == '${UPDATEACCOUNT}'</arg>
<arg>Should Be Equal As Strings</arg>
<arg>${resultDescription}</arg>
<arg>${VALUE_DESCRIPTION_UPDATEACCOUNT_SUCCESS}</arg>
</arguments>
<status status="PASS" starttime="20210409 16:46:45.339" endtime="20210409 16:46:45.340"></status>
</kw>
<kw name="Run Keyword If" library="BuiltIn">
<doc>Runs the given keyword with the given arguments, if ``condition`` is true.</doc>
<arguments>
<arg>'${res_name}' == '${INQUIRYTHING}'</arg>
<arg>Should Be Equal As Strings</arg>
<arg>${resultDescription}</arg>
<arg>${VALUE_DESCRIPTION_INQUIRYTHING_SUCCESS}</arg>
</arguments>
<status status="PASS" starttime="20210409 16:46:45.340" endtime="20210409 16:46:45.340"></status>
</kw>
<kw name="Run Keyword If" library="BuiltIn">
<doc>Runs the given keyword with the given arguments, if ``condition`` is true.</doc>
<arguments>
<arg>'${res_name}' == '${INQUIRYCONFIGGROUP}'</arg>
<arg>Should Be Equal As Strings</arg>
<arg>${resultDescription}</arg>
<arg>${VALUE_DESCRIPTION_INQUIRYCONFIGGROUP_SUCCESS}</arg>
</arguments>
<status status="PASS" starttime="20210409 16:46:45.340" endtime="20210409 16:46:45.340"></status>
</kw>
<kw name="Run Keyword If" library="BuiltIn">
<doc>Runs the given keyword with the given arguments, if ``condition`` is true.</doc>
<arguments>
<arg>'${res_name}' == '${INQUIRYACCOUNT}'</arg>
<arg>Should Be Equal As Strings</arg>
<arg>${resultDescription}</arg>
<arg>${VALUE_DESCRIPTION_INQUIRYACCOUNT_SUCCESS}</arg>
</arguments>
<status status="PASS" starttime="20210409 16:46:45.341" endtime="20210409 16:46:45.341"></status>
</kw>
<status status="PASS" starttime="20210409 16:46:45.331" endtime="20210409 16:46:45.341"></status>
</kw>
<status status="PASS" starttime="20210409 16:46:45.330" endtime="20210409 16:46:45.341"></status>
</kw>
<kw name="Run Keyword If" library="BuiltIn">
<doc>Runs the given keyword with the given arguments, if ``condition`` is true.</doc>
<arguments>
<arg>${resultCode} != ${VALUE_RESULTCODE_20000} and ${resultCode} != ${VALUE_RESULTCODE_20100}</arg>
<arg>Fail</arg>
<arg>msg=[${resultCode}:${resultDescription}]</arg>
</arguments>
<status status="PASS" starttime="20210409 16:46:45.341" endtime="20210409 16:46:45.342"></status>
</kw>
<status status="PASS" starttime="20210409 16:46:45.328" endtime="20210409 16:46:45.342"></status>
</kw>
<kw name="Get From Dictionary" library="Collections">
<doc>Returns a value from the given ``dictionary`` based on the given ``key``.</doc>
<arguments>
<arg>${res}</arg>
<arg>${FIELD_PARTNERINFO}</arg>
</arguments>
<assign>
<var>${PartnerInfo}</var>
</assign>
<msg timestamp="20210409 16:46:45.342" level="INFO">${PartnerInfo} = {'CustomerId': '6070228563fa0e0001bfb902', 'PartnerId': '6070228563fa0e0001bfb903', 'PartnerName': 'Jida_TestPartnerName788669', 'PartnerType': ['Supplier', 'Customer'], 'PartnerDetail': {'MerchantCon...</msg>
<status status="PASS" starttime="20210409 16:46:45.342" endtime="20210409 16:46:45.342"></status>
</kw>
<kw name="Get From Dictionary" library="Collections">
<doc>Returns a value from the given ``dictionary`` based on the given ``key``.</doc>
<arguments>
<arg>${PartnerInfo}</arg>
<arg>${FIELD_PARTNERID}</arg>
</arguments>
<assign>
<var>${GetResponse_PartnerId}</var>
</assign>
<msg timestamp="20210409 16:46:45.343" level="INFO">${GetResponse_PartnerId} = 6070228563fa0e0001bfb903</msg>
<status status="PASS" starttime="20210409 16:46:45.343" endtime="20210409 16:46:45.343"></status>
</kw>
<kw name="Set Variable" library="BuiltIn">
<doc>Returns the given values which can then be assigned to a variables.</doc>
<arguments>
<arg>${VALUE_ACCOUNTNAME}${random_number}</arg>
</arguments>
<assign>
<var>${AccountName}</var>
</assign>
<msg timestamp="20210409 16:46:45.343" level="INFO">${AccountName} = Jida_TestAccountname788669</msg>
<status status="PASS" starttime="20210409 16:46:45.343" endtime="20210409 16:46:45.343"></status>
</kw>
<kw name="Set Variable" library="BuiltIn">
<doc>Returns the given values which can then be assigned to a variables.</doc>
<arguments>
<arg>${VALUE_CONFIGGROUPNAME}${random_number}</arg>
</arguments>
<assign>
<var>${ConfigGroupName}</var>
</assign>
<msg timestamp="20210409 16:46:45.344" level="INFO">${ConfigGroupName} = Sensor_TestThingGroupName788669</msg>
<status status="PASS" starttime="20210409 16:46:45.344" endtime="20210409 16:46:45.344"></status>
</kw>
<msg timestamp="20210409 16:46:45.344" level="INFO">${postCreatePartner} = ['6070228563fa0e0001bfb903', 'Jida_TestAccountname788669', 'Sensor_TestThingGroupName788669']</msg>
<status status="PASS" starttime="20210409 16:46:45.145" endtime="20210409 16:46:45.344"></status>
</kw>
<kw name="Create AccountName" library="Keyword_CreateData">
<arguments>
<arg>${URL_STAGING}</arg>
<arg>${accessToken}</arg>
<arg>${postCreatePartner}[0]</arg>
<arg>${postCreatePartner}[1]</arg>
</arguments>
<assign>
<var>${postCreateAccount}</var>
</assign>
<kw name="Change format date now" library="Keyword_Datetime">
<arguments>
<arg>${DDMMYYYYHMS_NOW}</arg>
</arguments>
<assign>
<var>${current_timestamp}</var>
</assign>
<kw name="Evaluate" library="BuiltIn">
<doc>Evaluates the given expression in Python and returns the result.</doc>
<arguments>
<arg>'${format}'.format(dt=datetime.datetime.now())</arg>
<arg>modules=datetime</arg>
</arguments>
<assign>
<var>${now}</var>
</assign>
<msg timestamp="20210409 16:46:45.346" level="INFO">${now} = 09042021164645</msg>
<status status="PASS" starttime="20210409 16:46:45.345" endtime="20210409 16:46:45.346"></status>
</kw>
<msg timestamp="20210409 16:46:45.346" level="INFO">${current_timestamp} = 09042021164645</msg>
<status status="PASS" starttime="20210409 16:46:45.345" endtime="20210409 16:46:45.346"></status>
</kw>
<kw name="Create Dictionary" library="BuiltIn">
<doc>Creates and returns a dictionary based on the given ``items``.</doc>
<arguments>
<arg>Content-Type=${HEADER_CONTENT_TYPE}</arg>
<arg>x-ais-UserName=${HEADER_X_AIS_USERNAME_AISPARTNER}</arg>
<arg>x-ais-OrderRef=${HEADER_X_AIS_ORDERREF_CREATEACCOUNT}${current_timestamp}</arg>
<arg>x-ais-OrderDesc=${HEADER_X_AIS_ORDERDESC_CREATEACCOUNT}</arg>
<arg>x-ais-AccessToken=Bearer ${accessToken}</arg>
<arg>Accept=${HEADER_ACCEPT}</arg>
</arguments>
<assign>
<var>${headers}</var>
</assign>
<msg timestamp="20210409 16:46:45.347" level="INFO">${headers} = {'Content-Type': 'application/json', 'x-ais-UserName': 'AisPartner', 'x-ais-OrderRef': 'CreateAccount_09042021164645', 'x-ais-OrderDesc': 'CreateAccount', 'x-ais-AccessToken': 'Bearer Q2fLUj3Go/nOqZyr...</msg>
<status status="PASS" starttime="20210409 16:46:45.346" endtime="20210409 16:46:45.347"></status>
</kw>
<kw name="Evaluate" library="BuiltIn">
<doc>Evaluates the given expression in Python and returns the result.</doc>
<arguments>
<arg>{"PartnerID": "${PartnerId}","AccountName": "${AccountName}"}</arg>
</arguments>
<assign>
<var>${data}</var>
</assign>
<msg timestamp="20210409 16:46:45.348" level="INFO">${data} = {'PartnerID': '6070228563fa0e0001bfb903', 'AccountName': 'Jida_TestAccountname788669'}</msg>
<status status="PASS" starttime="20210409 16:46:45.347" endtime="20210409 16:46:45.348"></status>
</kw>
<kw name="Post Api Request" library="Keyword_Request">
<arguments>
<arg>${url}${PROVISIONINGAPIS}</arg>
<arg>${URL_CREATEACCOUNT}</arg>
<arg>${headers}</arg>
<arg>${data}</arg>
</arguments>
<assign>
<var>${res}</var>
</assign>
<kw name="Create Session" library="RequestsLibrary">
<doc>Create Session: create a HTTP session to a server</doc>
<arguments>
<arg>${NAME_SESSION_POST}</arg>
<arg>${url}</arg>
<arg>verify=true</arg>
</arguments>
<msg timestamp="20210409 16:46:45.349" level="INFO">Creating Session using : alias=POSTAPI, url=https://mg-staging.sandais.com/provisioningapis, headers={},                     cookies={}, auth=None, timeout=None, proxies=None, verify=True,                     debug=0 </msg>
<status status="PASS" starttime="20210409 16:46:45.348" endtime="20210409 16:46:45.349"></status>
</kw>
<kw name="Log" library="BuiltIn">
<doc>Logs the given message with the given level.</doc>
<arguments>
<arg>URL${\n}${url}${pathUrl}</arg>
</arguments>
<msg timestamp="20210409 16:46:45.350" level="INFO">URL
https://mg-staging.sandais.com/provisioningapis/api/v1/Account/CreateAccount</msg>
<status status="PASS" starttime="20210409 16:46:45.350" endtime="20210409 16:46:45.350"></status>
</kw>
<kw name="Log" library="BuiltIn">
<doc>Logs the given message with the given level.</doc>
<arguments>
<arg>HEADER${\n}${headers}</arg>
</arguments>
<msg timestamp="20210409 16:46:45.351" level="INFO">HEADER
{'Content-Type': 'application/json', 'x-ais-UserName': 'AisPartner', 'x-ais-OrderRef': 'CreateAccount_09042021164645', 'x-ais-OrderDesc': 'CreateAccount', 'x-ais-AccessToken': 'Bearer Q2fLUj3Go/nOqZyrJ6FnhSYfeOn1ZSwT0V0ycpecp/S8G3Vu9DD/qLF6WJcjQMRlKIO1U/gfXg2C7HYTAUve2kWbxBhqkK8ml+8QQAvQKleSf2pe/jHMMMPgj8E1ekdRNRNHSXYJnvN9GOENjUqqw26onqTUlbuLceqgzLAVpRUoVVsksNP5MSpSmIGP3BkbUhxxQFXQuZW8W/AtN7G/RjbcKaYarVLhK/s8BSZ0SAHD1i5KX3AWMT6g0n+v7EoQmqwD56h6GTILJG3c2Ik+TEIlAkkY2KW0', 'Accept': '*/*'}</msg>
<status status="PASS" starttime="20210409 16:46:45.350" endtime="20210409 16:46:45.351"></status>
</kw>
<kw name="Log" library="BuiltIn">
<doc>Logs the given message with the given level.</doc>
<arguments>
<arg>BODY${\n}${data}</arg>
</arguments>
<msg timestamp="20210409 16:46:45.352" level="INFO">BODY
{'PartnerID': '6070228563fa0e0001bfb903', 'AccountName': 'Jida_TestAccountname788669'}</msg>
<status status="PASS" starttime="20210409 16:46:45.351" endtime="20210409 16:46:45.352"></status>
</kw>
<kw name="Post On Session" library="RequestsLibrary">
<doc>Sends a POST request on a previously created HTTP Session.</doc>
<arguments>
<arg>${NAME_SESSION_POST}</arg>
<arg>${pathUrl}</arg>
<arg>headers=${headers}</arg>
<arg>json=${data}</arg>
</arguments>
<assign>
<var>${res}</var>
</assign>
<msg timestamp="20210409 16:46:45.522" level="INFO">POST Request : url=https://mg-staging.sandais.com/provisioningapis/api/v1/Account/CreateAccount 
 path_url=/provisioningapis/api/v1/Account/CreateAccount 
 headers={'User-Agent': 'python-requests/2.25.1', 'Accept-Encoding': 'gzip, deflate', 'Accept': '*/*', 'Connection': 'keep-alive', 'Content-Type': 'application/json', 'x-ais-UserName': 'AisPartner', 'x-ais-OrderRef': 'CreateAccount_09042021164645', 'x-ais-OrderDesc': 'CreateAccount', 'x-ais-AccessToken': 'Bearer Q2fLUj3Go/nOqZyrJ6FnhSYfeOn1ZSwT0V0ycpecp/S8G3Vu9DD/qLF6WJcjQMRlKIO1U/gfXg2C7HYTAUve2kWbxBhqkK8ml+8QQAvQKleSf2pe/jHMMMPgj8E1ekdRNRNHSXYJnvN9GOENjUqqw26onqTUlbuLceqgzLAVpRUoVVsksNP5MSpSmIGP3BkbUhxxQFXQuZW8W/AtN7G/RjbcKaYarVLhK/s8BSZ0SAHD1i5KX3AWMT6g0n+v7EoQmqwD56h6GTILJG3c2Ik+TEIlAkkY2KW0', 'Content-Length': '86'} 
 body=b'{"PartnerID": "6070228563fa0e0001bfb903", "AccountName": "Jida_TestAccountname788669"}' 
 </msg>
<msg timestamp="20210409 16:46:45.522" level="INFO">POST Response : url=https://mg-staging.sandais.com/provisioningapis/api/v1/Account/CreateAccount 
 status=201, reason=Created 
 headers={'Server': 'nginx', 'Date': 'Fri, 09 Apr 2021 09:46:45 GMT', 'Content-Type': 'application/json; charset=utf-8', 'Transfer-Encoding': 'chunked', 'Connection': 'keep-alive', 'x-ais-orderref': 'CreateAccount_09042021164645', 'x-frame-options': 'DENY', 'x-xss-protection': '1; mode=block', 'x-content-type-options': 'nosniff', 'strict-transport-security': 'max-age=31536000', 'content-security-policy': "script-src 'self' 'unsafe-inline' 'unsafe-eval'", 'x-envoy-upstream-service-time': '16', 'x-envoy-decorator-operation': 'provisioningapis.magellanstaging.svc.cluster.local:80/*'} 
 body={"PartnerInfo":{"PartnerId":"6070228563fa0e0001bfb903","PartnerName":"Jida_TestPartnerName788669","PartnerType":["Supplier","Customer"],"PartnerDetail":{"MerchantContact":"Jida_TestMerchantContact@ais.co.th","CPID":"Jida_TesCPID@ais.co.th"},"AccountInfo":[{"AccountId":"6070228563fa0e0001bfb906","AccountName":"Jida_TestAccountname788669","CreatedDate":"2021-04-09T16:46:45.3193221+07:00"}],"Property":{"RouteEngine":"false"},"CreateDate":"2021-04-09T16:46:45.125+07:00"},"OperationStatus":{"Code":"20100","Description":"CreateAccount is Success"}} 
 </msg>
<msg timestamp="20210409 16:46:45.522" level="INFO">${res} = &lt;Response [201]&gt;</msg>
<status status="PASS" starttime="20210409 16:46:45.352" endtime="20210409 16:46:45.522"></status>
</kw>
<kw name="Log" library="BuiltIn">
<doc>Logs the given message with the given level.</doc>
<arguments>
<arg>RESPONSE${\n}${res.json()}</arg>
</arguments>
<msg timestamp="20210409 16:46:45.523" level="INFO">RESPONSE
{'PartnerInfo': {'PartnerId': '6070228563fa0e0001bfb903', 'PartnerName': 'Jida_TestPartnerName788669', 'PartnerType': ['Supplier', 'Customer'], 'PartnerDetail': {'MerchantContact': 'Jida_TestMerchantContact@ais.co.th', 'CPID': 'Jida_TesCPID@ais.co.th'}, 'AccountInfo': [{'AccountId': '6070228563fa0e0001bfb906', 'AccountName': 'Jida_TestAccountname788669', 'CreatedDate': '2021-04-09T16:46:45.3193221+07:00'}], 'Property': {'RouteEngine': 'false'}, 'CreateDate': '2021-04-09T16:46:45.125+07:00'}, 'OperationStatus': {'Code': '20100', 'Description': 'CreateAccount is Success'}}</msg>
<status status="PASS" starttime="20210409 16:46:45.522" endtime="20210409 16:46:45.523"></status>
</kw>
<msg timestamp="20210409 16:46:45.523" level="INFO">${res} = {'PartnerInfo': {'PartnerId': '6070228563fa0e0001bfb903', 'PartnerName': 'Jida_TestPartnerName788669', 'PartnerType': ['Supplier', 'Customer'], 'PartnerDetail': {'MerchantContact': 'Jida_TestMerchantC...</msg>
<status status="PASS" starttime="20210409 16:46:45.348" endtime="20210409 16:46:45.523"></status>
</kw>
<kw name="Response ResultCode Should Have" library="Keyword_Request">
<arguments>
<arg>${res}</arg>
<arg>${CREATEACCOUNT}</arg>
<arg>${FIELD_OPERATIONSTATUS}</arg>
<arg>${FIELD_CODE}</arg>
<arg>${FIELD_DESCRIPTION}</arg>
</arguments>
<kw name="Get From Dictionary" library="Collections">
<doc>Returns a value from the given ``dictionary`` based on the given ``key``.</doc>
<arguments>
<arg>${res_json}</arg>
<arg>${field_OperationStatus}</arg>
</arguments>
<assign>
<var>${operationStatus}</var>
</assign>
<msg timestamp="20210409 16:46:45.525" level="INFO">${operationStatus} = {'Code': '20100', 'Description': 'CreateAccount is Success'}</msg>
<status status="PASS" starttime="20210409 16:46:45.524" endtime="20210409 16:46:45.525"></status>
</kw>
<kw name="Get From Dictionary" library="Collections">
<doc>Returns a value from the given ``dictionary`` based on the given ``key``.</doc>
<arguments>
<arg>${operationStatus}</arg>
<arg>${field_Code}</arg>
</arguments>
<assign>
<var>${resultCode}</var>
</assign>
<msg timestamp="20210409 16:46:45.525" level="INFO">${resultCode} = 20100</msg>
<status status="PASS" starttime="20210409 16:46:45.525" endtime="20210409 16:46:45.525"></status>
</kw>
<kw name="Get From Dictionary" library="Collections">
<doc>Returns a value from the given ``dictionary`` based on the given ``key``.</doc>
<arguments>
<arg>${operationStatus}</arg>
<arg>${field_Description}</arg>
</arguments>
<assign>
<var>${resultDescription}</var>
</assign>
<msg timestamp="20210409 16:46:45.525" level="INFO">${resultDescription} = CreateAccount is Success</msg>
<status status="PASS" starttime="20210409 16:46:45.525" endtime="20210409 16:46:45.525"></status>
</kw>
<kw name="Run Keyword If" library="BuiltIn">
<doc>Runs the given keyword with the given arguments, if ``condition`` is true.</doc>
<arguments>
<arg>${resultCode} == ${VALUE_RESULTCODE_20000}</arg>
<arg>Response ResultCode Should Have Success</arg>
<arg>${resultCode}</arg>
<arg>${resultDescription}</arg>
<arg>${res_name}</arg>
</arguments>
<status status="PASS" starttime="20210409 16:46:45.526" endtime="20210409 16:46:45.526"></status>
</kw>
<kw name="Run Keyword If" library="BuiltIn">
<doc>Runs the given keyword with the given arguments, if ``condition`` is true.</doc>
<arguments>
<arg>${resultCode} == ${VALUE_RESULTCODE_20100}</arg>
<arg>Response ResultCode Should Have Success</arg>
<arg>${resultCode}</arg>
<arg>${resultDescription}</arg>
<arg>${res_name}</arg>
</arguments>
<kw name="Response ResultCode Should Have Success" library="Keyword_Request">
<arguments>
<arg>${resultCode}</arg>
<arg>${resultDescription}</arg>
<arg>${res_name}</arg>
</arguments>
<kw name="Run Keyword If" library="BuiltIn">
<doc>Runs the given keyword with the given arguments, if ``condition`` is true.</doc>
<arguments>
<arg>${resultCode} == ${VALUE_RESULTCODE_20000}</arg>
<arg>Should Be Equal As Strings</arg>
<arg>${resultCode}</arg>
<arg>${VALUE_RESULTCODE_20000}</arg>
<arg>ELSE IF</arg>
<arg>${resultCode} == ${VALUE_RESULTCODE_20100}</arg>
<arg>Should Be Equal As Strings</arg>
<arg>${resultCode}</arg>
<arg>${VALUE_RESULTCODE_20100}</arg>
</arguments>
<kw name="Should Be Equal As Strings" library="BuiltIn">
<doc>Fails if objects are unequal after converting them to strings.</doc>
<arguments>
<arg>${resultCode}</arg>
<arg>${VALUE_RESULTCODE_20100}</arg>
</arguments>
<status status="PASS" starttime="20210409 16:46:45.528" endtime="20210409 16:46:45.528"></status>
</kw>
<status status="PASS" starttime="20210409 16:46:45.527" endtime="20210409 16:46:45.528"></status>
</kw>
<kw name="Run Keyword If" library="BuiltIn">
<doc>Runs the given keyword with the given arguments, if ``condition`` is true.</doc>
<arguments>
<arg>'${res_name}' == '${SINGNIN}'</arg>
<arg>Should Be Equal As Strings</arg>
<arg>${resultDescription}</arg>
<arg>${VALUE_DESCRIPTION_SINGNIN_SUCCESS}</arg>
</arguments>
<status status="PASS" starttime="20210409 16:46:45.528" endtime="20210409 16:46:45.528"></status>
</kw>
<kw name="Run Keyword If" library="BuiltIn">
<doc>Runs the given keyword with the given arguments, if ``condition`` is true.</doc>
<arguments>
<arg>'${res_name}' == '${CREATEPARTNER}'</arg>
<arg>Should Be Equal As Strings</arg>
<arg>${resultDescription}</arg>
<arg>${VALUE_DESCRIPTION_CREATEPARTNER_SUCCESS}</arg>
</arguments>
<status status="PASS" starttime="20210409 16:46:45.529" endtime="20210409 16:46:45.529"></status>
</kw>
<kw name="Run Keyword If" library="BuiltIn">
<doc>Runs the given keyword with the given arguments, if ``condition`` is true.</doc>
<arguments>
<arg>'${res_name}' == '${CREATEACCOUNT}'</arg>
<arg>Should Be Equal As Strings</arg>
<arg>${resultDescription}</arg>
<arg>${VALUE_DESCRIPTION_CREATEACCOUNT_SUCCESS}</arg>
</arguments>
<kw name="Should Be Equal As Strings" library="BuiltIn">
<doc>Fails if objects are unequal after converting them to strings.</doc>
<arguments>
<arg>${resultDescription}</arg>
<arg>${VALUE_DESCRIPTION_CREATEACCOUNT_SUCCESS}</arg>
</arguments>
<status status="PASS" starttime="20210409 16:46:45.529" endtime="20210409 16:46:45.530"></status>
</kw>
<status status="PASS" starttime="20210409 16:46:45.529" endtime="20210409 16:46:45.530"></status>
</kw>
<kw name="Run Keyword If" library="BuiltIn">
<doc>Runs the given keyword with the given arguments, if ``condition`` is true.</doc>
<arguments>
<arg>'${res_name}' == '${CREATETHING}'</arg>
<arg>Should Be Equal As Strings</arg>
<arg>${resultDescription}</arg>
<arg>${VALUE_DESCRIPTION_CREATETHING_SUCCESS}</arg>
</arguments>
<status status="PASS" starttime="20210409 16:46:45.530" endtime="20210409 16:46:45.530"></status>
</kw>
<kw name="Run Keyword If" library="BuiltIn">
<doc>Runs the given keyword with the given arguments, if ``condition`` is true.</doc>
<arguments>
<arg>'${res_name}' == '${CREATETHINGSTATEINFO}'</arg>
<arg>Should Be Equal As Strings</arg>
<arg>${resultDescription}</arg>
<arg>${VALUE_DESCRIPTION_CREATETHINGSTATEINFO_SUCCESS}</arg>
</arguments>
<status status="PASS" starttime="20210409 16:46:45.530" endtime="20210409 16:46:45.531"></status>
</kw>
<kw name="Run Keyword If" library="BuiltIn">
<doc>Runs the given keyword with the given arguments, if ``condition`` is true.</doc>
<arguments>
<arg>'${res_name}' == '${CREATECONFIGGROUP}'</arg>
<arg>Should Be Equal As Strings</arg>
<arg>${resultDescription}</arg>
<arg>${VALUE_DESCRIPTION_CREATECONFIGGROUP_SUCCESS}</arg>
</arguments>
<status status="PASS" starttime="20210409 16:46:45.531" endtime="20210409 16:46:45.531"></status>
</kw>
<kw name="Run Keyword If" library="BuiltIn">
<doc>Runs the given keyword with the given arguments, if ``condition`` is true.</doc>
<arguments>
<arg>'${res_name}' == '${CREATECONTROLTHING}'</arg>
<arg>Should Be Equal As Strings</arg>
<arg>${resultDescription}</arg>
<arg>${VALUE_DESCRIPTION_CREATECONTROLTHING_SUCCESS}</arg>
</arguments>
<status status="PASS" starttime="20210409 16:46:45.531" endtime="20210409 16:46:45.532"></status>
</kw>
<kw name="Run Keyword If" library="BuiltIn">
<doc>Runs the given keyword with the given arguments, if ``condition`` is true.</doc>
<arguments>
<arg>'${res_name}' == '${REMOVEPARTNER}'</arg>
<arg>Should Be Equal As Strings</arg>
<arg>${resultDescription}</arg>
<arg>${VALUE_DESCRIPTION_REMOVEPARTNER_SUCCESS}</arg>
</arguments>
<status status="PASS" starttime="20210409 16:46:45.532" endtime="20210409 16:46:45.532"></status>
</kw>
<kw name="Run Keyword If" library="BuiltIn">
<doc>Runs the given keyword with the given arguments, if ``condition`` is true.</doc>
<arguments>
<arg>'${res_name}' == '${REMOVEACCOUNT}'</arg>
<arg>Should Be Equal As Strings</arg>
<arg>${resultDescription}</arg>
<arg>${VALUE_DESCRIPTION_REMOVEACCOUNT_SUCCESS}</arg>
</arguments>
<status status="PASS" starttime="20210409 16:46:45.532" endtime="20210409 16:46:45.533"></status>
</kw>
<kw name="Run Keyword If" library="BuiltIn">
<doc>Runs the given keyword with the given arguments, if ``condition`` is true.</doc>
<arguments>
<arg>'${res_name}' == '${REMOVETHING}'</arg>
<arg>Should Be Equal As Strings</arg>
<arg>${resultDescription}</arg>
<arg>${VALUE_DESCRIPTION_REMOVETHING_SUCCESS}</arg>
</arguments>
<status status="PASS" starttime="20210409 16:46:45.533" endtime="20210409 16:46:45.533"></status>
</kw>
<kw name="Run Keyword If" library="BuiltIn">
<doc>Runs the given keyword with the given arguments, if ``condition`` is true.</doc>
<arguments>
<arg>'${res_name}' == '${REMOVETHINGSTATEINFO}'</arg>
<arg>Should Be Equal As Strings</arg>
<arg>${resultDescription}</arg>
<arg>${VALUE_DESCRIPTION_REMOVETHINGSTATEINFO_SUCCESS}</arg>
</arguments>
<status status="PASS" starttime="20210409 16:46:45.533" endtime="20210409 16:46:45.534"></status>
</kw>
<kw name="Run Keyword If" library="BuiltIn">
<doc>Runs the given keyword with the given arguments, if ``condition`` is true.</doc>
<arguments>
<arg>'${res_name}' == '${REMOVETHINGFROMACCOUNT}'</arg>
<arg>Should Be Equal As Strings</arg>
<arg>${resultDescription}</arg>
<arg>${VALUE_DESCRIPTION_REMOVETHINGFROMACCOUNT_SUCCESS}</arg>
</arguments>
<status status="PASS" starttime="20210409 16:46:45.534" endtime="20210409 16:46:45.534"></status>
</kw>
<kw name="Run Keyword If" library="BuiltIn">
<doc>Runs the given keyword with the given arguments, if ``condition`` is true.</doc>
<arguments>
<arg>'${res_name}' == '${REMOVECONFIGGROUP}'</arg>
<arg>Should Be Equal As Strings</arg>
<arg>${resultDescription}</arg>
<arg>${VALUE_DESCRIPTION_REMOVECONFIGGROUP_SUCCESS}</arg>
</arguments>
<status status="PASS" starttime="20210409 16:46:45.534" endtime="20210409 16:46:45.534"></status>
</kw>
<kw name="Run Keyword If" library="BuiltIn">
<doc>Runs the given keyword with the given arguments, if ``condition`` is true.</doc>
<arguments>
<arg>'${res_name}' == '${UPDATEACCOUNT}'</arg>
<arg>Should Be Equal As Strings</arg>
<arg>${resultDescription}</arg>
<arg>${VALUE_DESCRIPTION_UPDATEACCOUNT_SUCCESS}</arg>
</arguments>
<status status="PASS" starttime="20210409 16:46:45.535" endtime="20210409 16:46:45.535"></status>
</kw>
<kw name="Run Keyword If" library="BuiltIn">
<doc>Runs the given keyword with the given arguments, if ``condition`` is true.</doc>
<arguments>
<arg>'${res_name}' == '${INQUIRYTHING}'</arg>
<arg>Should Be Equal As Strings</arg>
<arg>${resultDescription}</arg>
<arg>${VALUE_DESCRIPTION_INQUIRYTHING_SUCCESS}</arg>
</arguments>
<status status="PASS" starttime="20210409 16:46:45.535" endtime="20210409 16:46:45.535"></status>
</kw>
<kw name="Run Keyword If" library="BuiltIn">
<doc>Runs the given keyword with the given arguments, if ``condition`` is true.</doc>
<arguments>
<arg>'${res_name}' == '${INQUIRYCONFIGGROUP}'</arg>
<arg>Should Be Equal As Strings</arg>
<arg>${resultDescription}</arg>
<arg>${VALUE_DESCRIPTION_INQUIRYCONFIGGROUP_SUCCESS}</arg>
</arguments>
<status status="PASS" starttime="20210409 16:46:45.535" endtime="20210409 16:46:45.536"></status>
</kw>
<kw name="Run Keyword If" library="BuiltIn">
<doc>Runs the given keyword with the given arguments, if ``condition`` is true.</doc>
<arguments>
<arg>'${res_name}' == '${INQUIRYACCOUNT}'</arg>
<arg>Should Be Equal As Strings</arg>
<arg>${resultDescription}</arg>
<arg>${VALUE_DESCRIPTION_INQUIRYACCOUNT_SUCCESS}</arg>
</arguments>
<status status="PASS" starttime="20210409 16:46:45.536" endtime="20210409 16:46:45.537"></status>
</kw>
<status status="PASS" starttime="20210409 16:46:45.526" endtime="20210409 16:46:45.537"></status>
</kw>
<status status="PASS" starttime="20210409 16:46:45.526" endtime="20210409 16:46:45.537"></status>
</kw>
<kw name="Run Keyword If" library="BuiltIn">
<doc>Runs the given keyword with the given arguments, if ``condition`` is true.</doc>
<arguments>
<arg>${resultCode} != ${VALUE_RESULTCODE_20000} and ${resultCode} != ${VALUE_RESULTCODE_20100}</arg>
<arg>Fail</arg>
<arg>msg=[${resultCode}:${resultDescription}]</arg>
</arguments>
<status status="PASS" starttime="20210409 16:46:45.537" endtime="20210409 16:46:45.538"></status>
</kw>
<status status="PASS" starttime="20210409 16:46:45.523" endtime="20210409 16:46:45.538"></status>
</kw>
<kw name="Get From Dictionary" library="Collections">
<doc>Returns a value from the given ``dictionary`` based on the given ``key``.</doc>
<arguments>
<arg>${res}</arg>
<arg>${FIELD_PARTNERINFO}</arg>
</arguments>
<assign>
<var>${PartnerInfo}</var>
</assign>
<msg timestamp="20210409 16:46:45.539" level="INFO">${PartnerInfo} = {'PartnerId': '6070228563fa0e0001bfb903', 'PartnerName': 'Jida_TestPartnerName788669', 'PartnerType': ['Supplier', 'Customer'], 'PartnerDetail': {'MerchantContact': 'Jida_TestMerchantContact@ais.co.th...</msg>
<status status="PASS" starttime="20210409 16:46:45.538" endtime="20210409 16:46:45.539"></status>
</kw>
<kw name="Get From Dictionary" library="Collections">
<doc>Returns a value from the given ``dictionary`` based on the given ``key``.</doc>
<arguments>
<arg>${PartnerInfo}</arg>
<arg>${FIELD_ACCOUNTINFO}</arg>
</arguments>
<assign>
<var>${AccountInfo}</var>
</assign>
<msg timestamp="20210409 16:46:45.539" level="INFO">${AccountInfo} = [{'AccountId': '6070228563fa0e0001bfb906', 'AccountName': 'Jida_TestAccountname788669', 'CreatedDate': '2021-04-09T16:46:45.3193221+07:00'}]</msg>
<status status="PASS" starttime="20210409 16:46:45.539" endtime="20210409 16:46:45.539"></status>
</kw>
<kw name="Get From Dictionary" library="Collections">
<doc>Returns a value from the given ``dictionary`` based on the given ``key``.</doc>
<arguments>
<arg>${AccountInfo}[0]</arg>
<arg>${FIELD_ACCOUNTNAME}</arg>
</arguments>
<assign>
<var>${GetResponse_AccountName}</var>
</assign>
<msg timestamp="20210409 16:46:45.540" level="INFO">${GetResponse_AccountName} = Jida_TestAccountname788669</msg>
<status status="PASS" starttime="20210409 16:46:45.539" endtime="20210409 16:46:45.540"></status>
</kw>
<kw name="Get From Dictionary" library="Collections">
<doc>Returns a value from the given ``dictionary`` based on the given ``key``.</doc>
<arguments>
<arg>${AccountInfo}[0]</arg>
<arg>${FIELD_ACCOUNTID}</arg>
</arguments>
<assign>
<var>${GetResponse_AccountId}</var>
</assign>
<msg timestamp="20210409 16:46:45.541" level="INFO">${GetResponse_AccountId} = 6070228563fa0e0001bfb906</msg>
<status status="PASS" starttime="20210409 16:46:45.540" endtime="20210409 16:46:45.541"></status>
</kw>
<msg timestamp="20210409 16:46:45.541" level="INFO">${postCreateAccount} = ['6070228563fa0e0001bfb906', 'Jida_TestAccountname788669']</msg>
<status status="PASS" starttime="20210409 16:46:45.344" endtime="20210409 16:46:45.541"></status>
</kw>
<kw name="Create Thing" library="Keyword_CreateData">
<arguments>
<arg>${URL_STAGING}</arg>
<arg>${accessToken}</arg>
<arg>${postCreateAccount}[0]</arg>
<arg>${postCreateAccount}[1]</arg>
</arguments>
<assign>
<var>${postCreateThing}</var>
</assign>
<kw name="Change format date now" library="Keyword_Datetime">
<arguments>
<arg>${DDMMYYYYHMS_NOW}</arg>
</arguments>
<assign>
<var>${current_timestamp}</var>
</assign>
<kw name="Evaluate" library="BuiltIn">
<doc>Evaluates the given expression in Python and returns the result.</doc>
<arguments>
<arg>'${format}'.format(dt=datetime.datetime.now())</arg>
<arg>modules=datetime</arg>
</arguments>
<assign>
<var>${now}</var>
</assign>
<msg timestamp="20210409 16:46:45.543" level="INFO">${now} = 09042021164645</msg>
<status status="PASS" starttime="20210409 16:46:45.543" endtime="20210409 16:46:45.543"></status>
</kw>
<msg timestamp="20210409 16:46:45.544" level="INFO">${current_timestamp} = 09042021164645</msg>
<status status="PASS" starttime="20210409 16:46:45.542" endtime="20210409 16:46:45.544"></status>
</kw>
<kw name="Create Dictionary" library="BuiltIn">
<doc>Creates and returns a dictionary based on the given ``items``.</doc>
<arguments>
<arg>Content-Type=${HEADER_CONTENT_TYPE}</arg>
<arg>x-ais-UserName=${HEADER_X_AIS_USERNAME_AISPARTNER}</arg>
<arg>x-ais-OrderRef=${HEADER_X_AIS_ORDERREF_CREATETHING}${current_timestamp}</arg>
<arg>x-ais-OrderDesc=${HEADER_X_AIS_ORDERDESC_CREATETHING}</arg>
<arg>x-ais-AccessToken=Bearer ${accessToken}</arg>
<arg>x-ais-AccountKey=${AccountId}</arg>
<arg>Accept=${HEADER_ACCEPT}</arg>
</arguments>
<assign>
<var>${headers}</var>
</assign>
<msg timestamp="20210409 16:46:45.546" level="INFO">${headers} = {'Content-Type': 'application/json', 'x-ais-UserName': 'AisPartner', 'x-ais-OrderRef': 'CreateThing_09042021164645', 'x-ais-OrderDesc': 'CreateThing', 'x-ais-AccessToken': 'Bearer Q2fLUj3Go/nOqZyrJ6Fn...</msg>
<status status="PASS" starttime="20210409 16:46:45.544" endtime="20210409 16:46:45.546"></status>
</kw>
<kw name="Evaluate" library="BuiltIn">
<doc>Evaluates the given expression in Python and returns the result.</doc>
<arguments>
<arg>random.randint(10000000, 99999999)</arg>
<arg>random</arg>
</arguments>
<assign>
<var>${randomIM1}</var>
</assign>
<msg timestamp="20210409 16:46:45.547" level="INFO">${randomIM1} = 50150482</msg>
<status status="PASS" starttime="20210409 16:46:45.547" endtime="20210409 16:46:45.547"></status>
</kw>
<kw name="Evaluate" library="BuiltIn">
<doc>Evaluates the given expression in Python and returns the result.</doc>
<arguments>
<arg>random.randint(1000000, 9999999)</arg>
<arg>random</arg>
</arguments>
<assign>
<var>${randomIM2}</var>
</assign>
<msg timestamp="20210409 16:46:45.548" level="INFO">${randomIM2} = 1976762</msg>
<status status="PASS" starttime="20210409 16:46:45.548" endtime="20210409 16:46:45.548"></status>
</kw>
<kw name="Set Variable" library="BuiltIn">
<doc>Returns the given values which can then be assigned to a variables.</doc>
<arguments>
<arg>${randomIM1} ${randomIM2}</arg>
</arguments>
<assign>
<var>${random_IM}</var>
</assign>
<msg timestamp="20210409 16:46:45.549" level="INFO">${random_IM} = 50150482 1976762</msg>
<status status="PASS" starttime="20210409 16:46:45.549" endtime="20210409 16:46:45.549"></status>
</kw>
<kw name="Evaluate" library="BuiltIn">
<doc>Evaluates the given expression in Python and returns the result.</doc>
<arguments>
<arg>random.randint(1000000, 9999999)</arg>
<arg>random</arg>
</arguments>
<assign>
<var>${randomICCID1}</var>
</assign>
<msg timestamp="20210409 16:46:45.550" level="INFO">${randomICCID1} = 2503426</msg>
<status status="PASS" starttime="20210409 16:46:45.549" endtime="20210409 16:46:45.550"></status>
</kw>
<kw name="Evaluate" library="BuiltIn">
<doc>Evaluates the given expression in Python and returns the result.</doc>
<arguments>
<arg>random.randint(100000, 999999)</arg>
<arg>random</arg>
</arguments>
<assign>
<var>${randomICCID2}</var>
</assign>
<msg timestamp="20210409 16:46:45.550" level="INFO">${randomICCID2} = 169573</msg>
<status status="PASS" starttime="20210409 16:46:45.550" endtime="20210409 16:46:45.550"></status>
</kw>
<kw name="Set Variable" library="BuiltIn">
<doc>Returns the given values which can then be assigned to a variables.</doc>
<arguments>
<arg>${randomICCID1} ${randomICCID2}</arg>
</arguments>
<assign>
<var>${random_ICCID}</var>
</assign>
<msg timestamp="20210409 16:46:45.551" level="INFO">${random_ICCID} = 2503426 169573</msg>
<status status="PASS" starttime="20210409 16:46:45.550" endtime="20210409 16:46:45.551"></status>
</kw>
<kw name="Generate Random String" library="String">
<doc>Generates a string with a desired ``length`` from the given ``chars``.</doc>
<arguments>
<arg>6</arg>
<arg>[NUMBERS]</arg>
</arguments>
<assign>
<var>${random_number}</var>
</assign>
<msg timestamp="20210409 16:46:45.552" level="INFO">${random_number} = 900154</msg>
<status status="PASS" starttime="20210409 16:46:45.552" endtime="20210409 16:46:45.552"></status>
</kw>
<kw name="Set Variable" library="BuiltIn">
<doc>Returns the given values which can then be assigned to a variables.</doc>
<arguments>
<arg>${VALUE_THINGNAME}${random_number}</arg>
</arguments>
<assign>
<var>${ThingName}</var>
</assign>
<msg timestamp="20210409 16:46:45.553" level="INFO">${ThingName} = Sensor_TestThingName900154</msg>
<status status="PASS" starttime="20210409 16:46:45.553" endtime="20210409 16:46:45.553"></status>
</kw>
<kw name="Evaluate" library="BuiltIn">
<doc>Evaluates the given expression in Python and returns the result.</doc>
<arguments>
<arg>{"ThingName": "${ThingName}","IMEI": "${random_IM}","IMSI": "${random_IM}","ICCID": "${random_ICCID}","RouteUrl": ["http://10.12.3.4:2019/api/information/AddInformation"],"RouteInfo": {"MIMO_ID": "606edada","MIMO_SerialNo": 5466758878},"RouteFlag": {"ThingName": "true","ThingToken": "true","IMEI": "true","ICCID": "true","RouteInfo": "true"}}</arg>
</arguments>
<assign>
<var>${data}</var>
</assign>
<msg timestamp="20210409 16:46:45.554" level="INFO">${data} = {'ThingName': 'Sensor_TestThingName900154', 'IMEI': '50150482 1976762', 'IMSI': '50150482 1976762', 'ICCID': '2503426 169573', 'RouteUrl': ['http://10.12.3.4:2019/api/information/AddInformation'], 'Ro...</msg>
<status status="PASS" starttime="20210409 16:46:45.553" endtime="20210409 16:46:45.554"></status>
</kw>
<kw name="Post Api Request" library="Keyword_Request">
<arguments>
<arg>${url}${PROVISIONINGAPIS}</arg>
<arg>${URL_CREATETHING}</arg>
<arg>${headers}</arg>
<arg>${data}</arg>
</arguments>
<assign>
<var>${res}</var>
</assign>
<kw name="Create Session" library="RequestsLibrary">
<doc>Create Session: create a HTTP session to a server</doc>
<arguments>
<arg>${NAME_SESSION_POST}</arg>
<arg>${url}</arg>
<arg>verify=true</arg>
</arguments>
<msg timestamp="20210409 16:46:45.555" level="INFO">Creating Session using : alias=POSTAPI, url=https://mg-staging.sandais.com/provisioningapis, headers={},                     cookies={}, auth=None, timeout=None, proxies=None, verify=True,                     debug=0 </msg>
<status status="PASS" starttime="20210409 16:46:45.555" endtime="20210409 16:46:45.555"></status>
</kw>
<kw name="Log" library="BuiltIn">
<doc>Logs the given message with the given level.</doc>
<arguments>
<arg>URL${\n}${url}${pathUrl}</arg>
</arguments>
<msg timestamp="20210409 16:46:45.556" level="INFO">URL
https://mg-staging.sandais.com/provisioningapis/api/v1/Thing/CreateThing</msg>
[...]
<arguments>
<arg>'${format}'.format(dt=datetime.datetime.now())</arg>
<arg>modules=datetime</arg>
</arguments>
<assign>
<var>${now}</var>
</assign>
<msg timestamp="20210409 16:47:07.083" level="INFO">${now} = 09042021164707</msg>
<status status="PASS" starttime="20210409 16:47:07.083" endtime="20210409 16:47:07.083"></status>
</kw>
<msg timestamp="20210409 16:47:07.083" level="INFO">${current_timestamp} = 09042021164707</msg>
<status status="PASS" starttime="20210409 16:47:07.082" endtime="20210409 16:47:07.083"></status>
</kw>
<kw name="Create Dictionary" library="BuiltIn">
<doc>Creates and returns a dictionary based on the given ``items``.</doc>
<arguments>
<arg>Content-Type=${HEADER_CONTENT_TYPE}</arg>
<arg>x-ais-UserName=${HEADER_X_AIS_USERNAME_AISPARTNER}</arg>
<arg>x-ais-OrderRef=${HEADER_X_AIS_ORDERREF_REMOVEPARTNER}${current_timestamp}</arg>
<arg>x-ais-OrderDesc=${HEADER_X_AIS_ORDERDESC_REMOVEPARTNER}</arg>
<arg>x-ais-AccessToken=Bearer ${accessToken}</arg>
<arg>Accept=${HEADER_ACCEPT}</arg>
</arguments>
<assign>
<var>${headers}</var>
</assign>
<msg timestamp="20210409 16:47:07.084" level="INFO">${headers} = {'Content-Type': 'application/json', 'x-ais-UserName': 'AisPartner', 'x-ais-OrderRef': 'RemovePartner_09042021164707', 'x-ais-OrderDesc': 'RemovePartner', 'x-ais-AccessToken': 'Bearer Q2fLUj3Go/nOqZyr...</msg>
<status status="PASS" starttime="20210409 16:47:07.083" endtime="20210409 16:47:07.084"></status>
</kw>
<kw name="Evaluate" library="BuiltIn">
<doc>Evaluates the given expression in Python and returns the result.</doc>
<arguments>
<arg>{"PartnerId": "${PartnerId}"}</arg>
</arguments>
<assign>
<var>${data}</var>
</assign>
<msg timestamp="20210409 16:47:07.085" level="INFO">${data} = {'PartnerId': '6070228563fa0e0001bfb903'}</msg>
<status status="PASS" starttime="20210409 16:47:07.084" endtime="20210409 16:47:07.085"></status>
</kw>
<kw name="Delete Api Request" library="Keyword_Request">
<arguments>
<arg>${url}${PROVISIONINGAPIS}</arg>
<arg>${URL_REMOVEPARTNER}</arg>
<arg>${headers}</arg>
<arg>${data}</arg>
</arguments>
<assign>
<var>${res}</var>
</assign>
<kw name="Create Session" library="RequestsLibrary">
<doc>Create Session: create a HTTP session to a server</doc>
<arguments>
<arg>${NAME_SESSION_DELETE}</arg>
<arg>${url}</arg>
<arg>verify=true</arg>
</arguments>
<msg timestamp="20210409 16:47:07.086" level="INFO">Creating Session using : alias=DELETEAPI, url=https://mg-staging.sandais.com/provisioningapis, headers={},                     cookies={}, auth=None, timeout=None, proxies=None, verify=True,                     debug=0 </msg>
<status status="PASS" starttime="20210409 16:47:07.086" endtime="20210409 16:47:07.087"></status>
</kw>
<kw name="Log" library="BuiltIn">
<doc>Logs the given message with the given level.</doc>
<arguments>
<arg>URL${\n}${url}${pathUrl}</arg>
</arguments>
<msg timestamp="20210409 16:47:07.087" level="INFO">URL
https://mg-staging.sandais.com/provisioningapis/api/v1/Partner/RemovePartner</msg>
<status status="PASS" starttime="20210409 16:47:07.087" endtime="20210409 16:47:07.087"></status>
</kw>
<kw name="Log" library="BuiltIn">
<doc>Logs the given message with the given level.</doc>
<arguments>
<arg>HEADER${\n}${headers}</arg>
</arguments>
<msg timestamp="20210409 16:47:07.088" level="INFO">HEADER
{'Content-Type': 'application/json', 'x-ais-UserName': 'AisPartner', 'x-ais-OrderRef': 'RemovePartner_09042021164707', 'x-ais-OrderDesc': 'RemovePartner', 'x-ais-AccessToken': 'Bearer Q2fLUj3Go/nOqZyrJ6FnhSYfeOn1ZSwT0V0ycpecp/S8G3Vu9DD/qLF6WJcjQMRlKIO1U/gfXg2C7HYTAUve2kWbxBhqkK8ml+8QQAvQKleSf2pe/jHMMMPgj8E1ekdRNRNHSXYJnvN9GOENjUqqw26onqTUlbuLceqgzLAVpRUoVVsksNP5MSpSmIGP3BkbUhxxQFXQuZW8W/AtN7G/RjbcKaYarVLhK/s8BSZ0SAHD1i5KX3AWMT6g0n+v7EoQmqwD56h6GTILJG3c2Ik+TEIlAkkY2KW0', 'Accept': '*/*'}</msg>
<status status="PASS" starttime="20210409 16:47:07.088" endtime="20210409 16:47:07.088"></status>
</kw>
<kw name="Log" library="BuiltIn">
<doc>Logs the given message with the given level.</doc>
<arguments>
<arg>BODY${\n}${data}</arg>
</arguments>
<msg timestamp="20210409 16:47:07.088" level="INFO">BODY
{'PartnerId': '6070228563fa0e0001bfb903'}</msg>
<status status="PASS" starttime="20210409 16:47:07.088" endtime="20210409 16:47:07.088"></status>
</kw>
<kw name="Delete On Session" library="RequestsLibrary">
<doc>Sends a DELETE request on a previously created HTTP Session.</doc>
<arguments>
<arg>${NAME_SESSION_DELETE}</arg>
<arg>${pathUrl}</arg>
<arg>json=${data}</arg>
<arg>headers=${headers}</arg>
</arguments>
<assign>
<var>${res}</var>
</assign>
<msg timestamp="20210409 16:47:07.297" level="INFO">DELETE Request : url=https://mg-staging.sandais.com/provisioningapis/api/v1/Partner/RemovePartner 
 path_url=/provisioningapis/api/v1/Partner/RemovePartner 
 headers={'User-Agent': 'python-requests/2.25.1', 'Accept-Encoding': 'gzip, deflate', 'Accept': '*/*', 'Connection': 'keep-alive', 'Content-Type': 'application/json', 'x-ais-UserName': 'AisPartner', 'x-ais-OrderRef': 'RemovePartner_09042021164707', 'x-ais-OrderDesc': 'RemovePartner', 'x-ais-AccessToken': 'Bearer Q2fLUj3Go/nOqZyrJ6FnhSYfeOn1ZSwT0V0ycpecp/S8G3Vu9DD/qLF6WJcjQMRlKIO1U/gfXg2C7HYTAUve2kWbxBhqkK8ml+8QQAvQKleSf2pe/jHMMMPgj8E1ekdRNRNHSXYJnvN9GOENjUqqw26onqTUlbuLceqgzLAVpRUoVVsksNP5MSpSmIGP3BkbUhxxQFXQuZW8W/AtN7G/RjbcKaYarVLhK/s8BSZ0SAHD1i5KX3AWMT6g0n+v7EoQmqwD56h6GTILJG3c2Ik+TEIlAkkY2KW0', 'Content-Length': '41'} 
 body=b'{"PartnerId": "6070228563fa0e0001bfb903"}' 
 </msg>
<msg timestamp="20210409 16:47:07.298" level="INFO">DELETE Response : url=https://mg-staging.sandais.com/provisioningapis/api/v1/Partner/RemovePartner 
 status=200, reason=OK 
 headers={'Server': 'nginx', 'Date': 'Fri, 09 Apr 2021 09:47:07 GMT', 'Content-Type': 'application/json; charset=utf-8', 'Transfer-Encoding': 'chunked', 'Connection': 'keep-alive', 'x-ais-orderref': 'RemovePartner_09042021164707', 'x-frame-options': 'DENY', 'x-xss-protection': '1; mode=block', 'x-content-type-options': 'nosniff', 'strict-transport-security': 'max-age=31536000', 'content-security-policy': "script-src 'self' 'unsafe-inline' 'unsafe-eval'", 'x-envoy-upstream-service-time': '49', 'x-envoy-decorator-operation': 'provisioningapis.magellanstaging.svc.cluster.local:80/*'} 
 body={"OperationStatus":{"Code":"20000","Description":"RemovePartner is Success"}} 
 </msg>
<msg timestamp="20210409 16:47:07.298" level="INFO">${res} = &lt;Response [200]&gt;</msg>
<status status="PASS" starttime="20210409 16:47:07.088" endtime="20210409 16:47:07.298"></status>
</kw>
<kw name="Log" library="BuiltIn">
<doc>Logs the given message with the given level.</doc>
<arguments>
<arg>RESPONSE${\n}${res.json()}</arg>
</arguments>
<msg timestamp="20210409 16:47:07.298" level="INFO">RESPONSE
{'OperationStatus': {'Code': '20000', 'Description': 'RemovePartner is Success'}}</msg>
<status status="PASS" starttime="20210409 16:47:07.298" endtime="20210409 16:47:07.298"></status>
</kw>
<msg timestamp="20210409 16:47:07.299" level="INFO">${res} = {'OperationStatus': {'Code': '20000', 'Description': 'RemovePartner is Success'}}</msg>
<status status="PASS" starttime="20210409 16:47:07.085" endtime="20210409 16:47:07.299"></status>
</kw>
<kw name="Response ResultCode Should Have" library="Keyword_Request">
<arguments>
<arg>${res}</arg>
<arg>${REMOVEPARTNER}</arg>
<arg>${FIELD_OPERATIONSTATUS}</arg>
<arg>${FIELD_CODE}</arg>
<arg>${FIELD_DESCRIPTION}</arg>
</arguments>
<kw name="Get From Dictionary" library="Collections">
<doc>Returns a value from the given ``dictionary`` based on the given ``key``.</doc>
<arguments>
<arg>${res_json}</arg>
<arg>${field_OperationStatus}</arg>
</arguments>
<assign>
<var>${operationStatus}</var>
</assign>
<msg timestamp="20210409 16:47:07.300" level="INFO">${operationStatus} = {'Code': '20000', 'Description': 'RemovePartner is Success'}</msg>
<status status="PASS" starttime="20210409 16:47:07.300" endtime="20210409 16:47:07.300"></status>
</kw>
<kw name="Get From Dictionary" library="Collections">
<doc>Returns a value from the given ``dictionary`` based on the given ``key``.</doc>
<arguments>
<arg>${operationStatus}</arg>
<arg>${field_Code}</arg>
</arguments>
<assign>
<var>${resultCode}</var>
</assign>
<msg timestamp="20210409 16:47:07.300" level="INFO">${resultCode} = 20000</msg>
<status status="PASS" starttime="20210409 16:47:07.300" endtime="20210409 16:47:07.301"></status>
</kw>
<kw name="Get From Dictionary" library="Collections">
<doc>Returns a value from the given ``dictionary`` based on the given ``key``.</doc>
<arguments>
<arg>${operationStatus}</arg>
<arg>${field_Description}</arg>
</arguments>
<assign>
<var>${resultDescription}</var>
</assign>
<msg timestamp="20210409 16:47:07.301" level="INFO">${resultDescription} = RemovePartner is Success</msg>
<status status="PASS" starttime="20210409 16:47:07.301" endtime="20210409 16:47:07.301"></status>
</kw>
<kw name="Run Keyword If" library="BuiltIn">
<doc>Runs the given keyword with the given arguments, if ``condition`` is true.</doc>
<arguments>
<arg>${resultCode} == ${VALUE_RESULTCODE_20000}</arg>
<arg>Response ResultCode Should Have Success</arg>
<arg>${resultCode}</arg>
<arg>${resultDescription}</arg>
<arg>${res_name}</arg>
</arguments>
<kw name="Response ResultCode Should Have Success" library="Keyword_Request">
<arguments>
<arg>${resultCode}</arg>
<arg>${resultDescription}</arg>
<arg>${res_name}</arg>
</arguments>
<kw name="Run Keyword If" library="BuiltIn">
<doc>Runs the given keyword with the given arguments, if ``condition`` is true.</doc>
<arguments>
<arg>${resultCode} == ${VALUE_RESULTCODE_20000}</arg>
<arg>Should Be Equal As Strings</arg>
<arg>${resultCode}</arg>
<arg>${VALUE_RESULTCODE_20000}</arg>
<arg>ELSE IF</arg>
<arg>${resultCode} == ${VALUE_RESULTCODE_20100}</arg>
<arg>Should Be Equal As Strings</arg>
<arg>${resultCode}</arg>
<arg>${VALUE_RESULTCODE_20100}</arg>
</arguments>
<kw name="Should Be Equal As Strings" library="BuiltIn">
<doc>Fails if objects are unequal after converting them to strings.</doc>
<arguments>
<arg>${resultCode}</arg>
<arg>${VALUE_RESULTCODE_20000}</arg>
</arguments>
<status status="PASS" starttime="20210409 16:47:07.303" endtime="20210409 16:47:07.303"></status>
</kw>
<status status="PASS" starttime="20210409 16:47:07.302" endtime="20210409 16:47:07.303"></status>
</kw>
<kw name="Run Keyword If" library="BuiltIn">
<doc>Runs the given keyword with the given arguments, if ``condition`` is true.</doc>
<arguments>
<arg>'${res_name}' == '${SINGNIN}'</arg>
<arg>Should Be Equal As Strings</arg>
<arg>${resultDescription}</arg>
<arg>${VALUE_DESCRIPTION_SINGNIN_SUCCESS}</arg>
</arguments>
<status status="PASS" starttime="20210409 16:47:07.303" endtime="20210409 16:47:07.304"></status>
</kw>
<kw name="Run Keyword If" library="BuiltIn">
<doc>Runs the given keyword with the given arguments, if ``condition`` is true.</doc>
<arguments>
<arg>'${res_name}' == '${CREATEPARTNER}'</arg>
<arg>Should Be Equal As Strings</arg>
<arg>${resultDescription}</arg>
<arg>${VALUE_DESCRIPTION_CREATEPARTNER_SUCCESS}</arg>
</arguments>
<status status="PASS" starttime="20210409 16:47:07.304" endtime="20210409 16:47:07.304"></status>
</kw>
<kw name="Run Keyword If" library="BuiltIn">
<doc>Runs the given keyword with the given arguments, if ``condition`` is true.</doc>
<arguments>
<arg>'${res_name}' == '${CREATEACCOUNT}'</arg>
<arg>Should Be Equal As Strings</arg>
<arg>${resultDescription}</arg>
<arg>${VALUE_DESCRIPTION_CREATEACCOUNT_SUCCESS}</arg>
</arguments>
<status status="PASS" starttime="20210409 16:47:07.304" endtime="20210409 16:47:07.304"></status>
</kw>
<kw name="Run Keyword If" library="BuiltIn">
<doc>Runs the given keyword with the given arguments, if ``condition`` is true.</doc>
<arguments>
<arg>'${res_name}' == '${CREATETHING}'</arg>
<arg>Should Be Equal As Strings</arg>
<arg>${resultDescription}</arg>
<arg>${VALUE_DESCRIPTION_CREATETHING_SUCCESS}</arg>
</arguments>
<status status="PASS" starttime="20210409 16:47:07.305" endtime="20210409 16:47:07.305"></status>
</kw>
<kw name="Run Keyword If" library="BuiltIn">
<doc>Runs the given keyword with the given arguments, if ``condition`` is true.</doc>
<arguments>
<arg>'${res_name}' == '${CREATETHINGSTATEINFO}'</arg>
<arg>Should Be Equal As Strings</arg>
<arg>${resultDescription}</arg>
<arg>${VALUE_DESCRIPTION_CREATETHINGSTATEINFO_SUCCESS}</arg>
</arguments>
<status status="PASS" starttime="20210409 16:47:07.305" endtime="20210409 16:47:07.305"></status>
</kw>
<kw name="Run Keyword If" library="BuiltIn">
<doc>Runs the given keyword with the given arguments, if ``condition`` is true.</doc>
<arguments>
<arg>'${res_name}' == '${CREATECONFIGGROUP}'</arg>
<arg>Should Be Equal As Strings</arg>
<arg>${resultDescription}</arg>
<arg>${VALUE_DESCRIPTION_CREATECONFIGGROUP_SUCCESS}</arg>
</arguments>
<status status="PASS" starttime="20210409 16:47:07.305" endtime="20210409 16:47:07.306"></status>
</kw>
<kw name="Run Keyword If" library="BuiltIn">
<doc>Runs the given keyword with the given arguments, if ``condition`` is true.</doc>
<arguments>
<arg>'${res_name}' == '${CREATECONTROLTHING}'</arg>
<arg>Should Be Equal As Strings</arg>
<arg>${resultDescription}</arg>
<arg>${VALUE_DESCRIPTION_CREATECONTROLTHING_SUCCESS}</arg>
</arguments>
<status status="PASS" starttime="20210409 16:47:07.306" endtime="20210409 16:47:07.306"></status>
</kw>
<kw name="Run Keyword If" library="BuiltIn">
<doc>Runs the given keyword with the given arguments, if ``condition`` is true.</doc>
<arguments>
<arg>'${res_name}' == '${REMOVEPARTNER}'</arg>
<arg>Should Be Equal As Strings</arg>
<arg>${resultDescription}</arg>
<arg>${VALUE_DESCRIPTION_REMOVEPARTNER_SUCCESS}</arg>
</arguments>
<kw name="Should Be Equal As Strings" library="BuiltIn">
<doc>Fails if objects are unequal after converting them to strings.</doc>
<arguments>
<arg>${resultDescription}</arg>
<arg>${VALUE_DESCRIPTION_REMOVEPARTNER_SUCCESS}</arg>
</arguments>
<status status="PASS" starttime="20210409 16:47:07.307" endtime="20210409 16:47:07.307"></status>
</kw>
<status status="PASS" starttime="20210409 16:47:07.306" endtime="20210409 16:47:07.307"></status>
</kw>
<kw name="Run Keyword If" library="BuiltIn">
<doc>Runs the given keyword with the given arguments, if ``condition`` is true.</doc>
<arguments>
<arg>'${res_name}' == '${REMOVEACCOUNT}'</arg>
<arg>Should Be Equal As Strings</arg>
<arg>${resultDescription}</arg>
<arg>${VALUE_DESCRIPTION_REMOVEACCOUNT_SUCCESS}</arg>
</arguments>
<status status="PASS" starttime="20210409 16:47:07.307" endtime="20210409 16:47:07.307"></status>
</kw>
<kw name="Run Keyword If" library="BuiltIn">
<doc>Runs the given keyword with the given arguments, if ``condition`` is true.</doc>
<arguments>
<arg>'${res_name}' == '${REMOVETHING}'</arg>
<arg>Should Be Equal As Strings</arg>
<arg>${resultDescription}</arg>
<arg>${VALUE_DESCRIPTION_REMOVETHING_SUCCESS}</arg>
</arguments>
<status status="PASS" starttime="20210409 16:47:07.307" endtime="20210409 16:47:07.308"></status>
</kw>
<kw name="Run Keyword If" library="BuiltIn">
<doc>Runs the given keyword with the given arguments, if ``condition`` is true.</doc>
<arguments>
<arg>'${res_name}' == '${REMOVETHINGSTATEINFO}'</arg>
<arg>Should Be Equal As Strings</arg>
<arg>${resultDescription}</arg>
<arg>${VALUE_DESCRIPTION_REMOVETHINGSTATEINFO_SUCCESS}</arg>
</arguments>
<status status="PASS" starttime="20210409 16:47:07.308" endtime="20210409 16:47:07.308"></status>
</kw>
<kw name="Run Keyword If" library="BuiltIn">
<doc>Runs the given keyword with the given arguments, if ``condition`` is true.</doc>
<arguments>
<arg>'${res_name}' == '${REMOVETHINGFROMACCOUNT}'</arg>
<arg>Should Be Equal As Strings</arg>
<arg>${resultDescription}</arg>
<arg>${VALUE_DESCRIPTION_REMOVETHINGFROMACCOUNT_SUCCESS}</arg>
</arguments>
<status status="PASS" starttime="20210409 16:47:07.308" endtime="20210409 16:47:07.309"></status>
</kw>
<kw name="Run Keyword If" library="BuiltIn">
<doc>Runs the given keyword with the given arguments, if ``condition`` is true.</doc>
<arguments>
<arg>'${res_name}' == '${REMOVECONFIGGROUP}'</arg>
<arg>Should Be Equal As Strings</arg>
<arg>${resultDescription}</arg>
<arg>${VALUE_DESCRIPTION_REMOVECONFIGGROUP_SUCCESS}</arg>
</arguments>
<status status="PASS" starttime="20210409 16:47:07.309" endtime="20210409 16:47:07.309"></status>
</kw>
<kw name="Run Keyword If" library="BuiltIn">
<doc>Runs the given keyword with the given arguments, if ``condition`` is true.</doc>
<arguments>
<arg>'${res_name}' == '${UPDATEACCOUNT}'</arg>
<arg>Should Be Equal As Strings</arg>
<arg>${resultDescription}</arg>
<arg>${VALUE_DESCRIPTION_UPDATEACCOUNT_SUCCESS}</arg>
</arguments>
<status status="PASS" starttime="20210409 16:47:07.309" endtime="20210409 16:47:07.309"></status>
</kw>
<kw name="Run Keyword If" library="BuiltIn">
<doc>Runs the given keyword with the given arguments, if ``condition`` is true.</doc>
<arguments>
<arg>'${res_name}' == '${INQUIRYTHING}'</arg>
<arg>Should Be Equal As Strings</arg>
<arg>${resultDescription}</arg>
<arg>${VALUE_DESCRIPTION_INQUIRYTHING_SUCCESS}</arg>
</arguments>
<status status="PASS" starttime="20210409 16:47:07.310" endtime="20210409 16:47:07.310"></status>
</kw>
<kw name="Run Keyword If" library="BuiltIn">
<doc>Runs the given keyword with the given arguments, if ``condition`` is true.</doc>
<arguments>
<arg>'${res_name}' == '${INQUIRYCONFIGGROUP}'</arg>
<arg>Should Be Equal As Strings</arg>
<arg>${resultDescription}</arg>
<arg>${VALUE_DESCRIPTION_INQUIRYCONFIGGROUP_SUCCESS}</arg>
</arguments>
<status status="PASS" starttime="20210409 16:47:07.310" endtime="20210409 16:47:07.310"></status>
</kw>
<kw name="Run Keyword If" library="BuiltIn">
<doc>Runs the given keyword with the given arguments, if ``condition`` is true.</doc>
<arguments>
<arg>'${res_name}' == '${INQUIRYACCOUNT}'</arg>
<arg>Should Be Equal As Strings</arg>
<arg>${resultDescription}</arg>
<arg>${VALUE_DESCRIPTION_INQUIRYACCOUNT_SUCCESS}</arg>
</arguments>
<status status="PASS" starttime="20210409 16:47:07.310" endtime="20210409 16:47:07.311"></status>
</kw>
<status status="PASS" starttime="20210409 16:47:07.302" endtime="20210409 16:47:07.311"></status>
</kw>
<status status="PASS" starttime="20210409 16:47:07.301" endtime="20210409 16:47:07.311"></status>
</kw>
<kw name="Run Keyword If" library="BuiltIn">
<doc>Runs the given keyword with the given arguments, if ``condition`` is true.</doc>
<arguments>
<arg>${resultCode} == ${VALUE_RESULTCODE_20100}</arg>
<arg>Response ResultCode Should Have Success</arg>
<arg>${resultCode}</arg>
<arg>${resultDescription}</arg>
<arg>${res_name}</arg>
</arguments>
<status status="PASS" starttime="20210409 16:47:07.311" endtime="20210409 16:47:07.311"></status>
</kw>
<kw name="Run Keyword If" library="BuiltIn">
<doc>Runs the given keyword with the given arguments, if ``condition`` is true.</doc>
<arguments>
<arg>${resultCode} != ${VALUE_RESULTCODE_20000} and ${resultCode} != ${VALUE_RESULTCODE_20100}</arg>
<arg>Fail</arg>
<arg>msg=[${resultCode}:${resultDescription}]</arg>
</arguments>
<status status="PASS" starttime="20210409 16:47:07.311" endtime="20210409 16:47:07.311"></status>
</kw>
<status status="PASS" starttime="20210409 16:47:07.299" endtime="20210409 16:47:07.311"></status>
</kw>
<msg timestamp="20210409 16:47:07.311" level="INFO">${postRemovePartner} = None</msg>
<status status="PASS" starttime="20210409 16:47:07.082" endtime="20210409 16:47:07.311"></status>
</kw>
<status status="PASS" starttime="20210409 16:47:06.465" endtime="20210409 16:47:07.311"></status>
</kw>
<status status="PASS" starttime="20210409 16:47:06.445" endtime="20210409 16:47:07.313" critical="yes"></status>
</test>
<status status="FAIL" starttime="20210409 16:46:40.226" endtime="20210409 16:47:07.320"></status>
</suite>
<statistics>
<total>
<stat pass="3" fail="2">Critical Tests</stat>
<stat pass="3" fail="2">All Tests</stat>
</total>
<tag>
</tag>
<suite>
<stat pass="3" fail="2" id="s1" name="TST F4 1 1 001">TST F4 1 1 001</stat>
</suite>
</statistics>
<errors>
</errors>
</robot>
